
c006:   0%|          | 0/2110 [00:00<?, ?it/s]
c006:   1%|          | 21/2110 [00:00<00:10, 202.59it/s]
c006:   2%|▏         | 43/2110 [00:00<00:09, 211.85it/s]
c006:   3%|▎         | 71/2110 [00:00<00:08, 236.37it/s]
c006:   5%|▍         | 97/2110 [00:00<00:08, 243.95it/s]
c006:   6%|▌         | 126/2110 [00:00<00:07, 259.80it/s]
c006:   7%|▋         | 152/2110 [00:00<00:07, 252.20it/s]
c006:   8%|▊         | 178/2110 [00:00<00:08, 238.36it/s]
c006:  10%|▉         | 202/2110 [00:00<00:08, 228.96it/s]
c006:  11%|█         | 226/2110 [00:00<00:08, 218.12it/s]
c006:  12%|█▏        | 249/2110 [00:01<00:08, 219.40it/s]
c006:  13%|█▎        | 272/2110 [00:01<00:08, 215.76it/s]
c006:  14%|█▍        | 294/2110 [00:01<00:08, 216.55it/s]
c006:  15%|█▍        | 316/2110 [00:01<00:08, 216.56it/s]
c006:  16%|█▌        | 339/2110 [00:01<00:08, 217.35it/s]
c006:  17%|█▋        | 366/2110 [00:01<00:07, 231.73it/s]
c006:  19%|█▊        | 394/2110 [00:01<00:07, 243.73it/s]
c006:  20%|█▉        | 421/2110 [00:01<00:06, 247.93it/s]
c006:  21%|██▏       | 450/2110 [00:01<00:06, 259.75it/s]
c006:  23%|██▎       | 477/2110 [00:02<00:06, 255.90it/s]
c006:  24%|██▍       | 503/2110 [00:02<00:06, 238.55it/s]
c006:  25%|██▌       | 528/2110 [00:02<00:06, 227.36it/s]
c006:  26%|██▌       | 551/2110 [00:02<00:07, 215.77it/s]
c006:  27%|██▋       | 573/2110 [00:02<00:07, 215.54it/s]
c006:  28%|██▊       | 598/2110 [00:02<00:06, 223.07it/s]
c006:  29%|██▉       | 621/2110 [00:02<00:06, 223.42it/s]
c006:  31%|███       | 644/2110 [00:02<00:06, 219.03it/s]
c006:  32%|███▏      | 666/2110 [00:02<00:06, 212.10it/s]
c006:  33%|███▎      | 688/2110 [00:03<00:06, 213.54it/s]
c006:  34%|███▎      | 711/2110 [00:03<00:06, 216.99it/s]
c006:  35%|███▍      | 733/2110 [00:03<00:06, 215.11it/s]
c006:  36%|███▌      | 759/2110 [00:03<00:05, 225.85it/s]
c006:  37%|███▋      | 782/2110 [00:03<00:06, 209.43it/s]
c006:  38%|███▊      | 804/2110 [00:03<00:06, 205.06it/s]
c006:  39%|███▉      | 826/2110 [00:03<00:06, 206.67it/s]
c006:  40%|████      | 849/2110 [00:03<00:05, 211.70it/s]
c006:  41%|████▏     | 874/2110 [00:03<00:05, 222.28it/s]
c006:  43%|████▎     | 900/2110 [00:03<00:05, 233.08it/s]
c006:  44%|████▍     | 925/2110 [00:04<00:05, 236.21it/s]
c006:  45%|████▌     | 953/2110 [00:04<00:04, 248.16it/s]
c006:  46%|████▋     | 978/2110 [00:04<00:04, 242.86it/s]
c006:  48%|████▊     | 1003/2110 [00:04<00:04, 236.46it/s]
c006:  49%|████▊     | 1027/2110 [00:04<00:04, 236.53it/s]
c006:  50%|████▉     | 1051/2110 [00:04<00:04, 234.76it/s]
c006:  51%|█████     | 1075/2110 [00:04<00:04, 233.05it/s]
c006:  52%|█████▏    | 1101/2110 [00:04<00:04, 238.41it/s]
c006:  53%|█████▎    | 1126/2110 [00:04<00:04, 240.22it/s]
c006:  55%|█████▍    | 1151/2110 [00:05<00:04, 239.66it/s]
c006:  56%|█████▌    | 1175/2110 [00:05<00:04, 232.13it/s]
c006:  57%|█████▋    | 1199/2110 [00:05<00:03, 230.22it/s]
c006:  58%|█████▊    | 1223/2110 [00:05<00:03, 231.48it/s]
c006:  59%|█████▉    | 1247/2110 [00:05<00:03, 225.40it/s]
c006:  60%|██████    | 1270/2110 [00:05<00:03, 219.61it/s]
c006:  61%|██████▏   | 1293/2110 [00:05<00:03, 216.12it/s]
c006:  62%|██████▏   | 1315/2110 [00:05<00:03, 215.83it/s]
c006:  63%|██████▎   | 1337/2110 [00:05<00:03, 214.07it/s]
c006:  64%|██████▍   | 1359/2110 [00:06<00:03, 207.96it/s]
c006:  65%|██████▌   | 1380/2110 [00:06<00:03, 204.44it/s]
c006:  66%|██████▋   | 1401/2110 [00:06<00:03, 204.00it/s]
c006:  67%|██████▋   | 1422/2110 [00:06<00:03, 202.85it/s]
c006:  68%|██████▊   | 1443/2110 [00:06<00:03, 204.63it/s]
c006:  69%|██████▉   | 1466/2110 [00:06<00:03, 211.12it/s]
c006:  71%|███████   | 1489/2110 [00:06<00:02, 213.79it/s]
c006:  72%|███████▏  | 1512/2110 [00:06<00:02, 215.53it/s]
c006:  73%|███████▎  | 1534/2110 [00:06<00:02, 203.36it/s]
c006:  74%|███████▍  | 1557/2110 [00:06<00:02, 206.58it/s]
c006:  75%|███████▍  | 1578/2110 [00:07<00:02, 205.84it/s]
c006:  76%|███████▌  | 1605/2110 [00:07<00:02, 222.58it/s]
c006:  77%|███████▋  | 1628/2110 [00:07<00:02, 223.14it/s]
c006:  78%|███████▊  | 1653/2110 [00:07<00:02, 227.13it/s]
c006:  79%|███████▉  | 1676/2110 [00:07<00:01, 227.88it/s]
c006:  81%|████████  | 1700/2110 [00:07<00:01, 231.37it/s]
c006:  82%|████████▏ | 1724/2110 [00:07<00:01, 229.42it/s]
c006:  83%|████████▎ | 1749/2110 [00:07<00:01, 233.69it/s]
c006:  84%|████████▍ | 1776/2110 [00:07<00:01, 242.34it/s]
c006:  85%|████████▌ | 1801/2110 [00:08<00:01, 231.90it/s]
c006:  86%|████████▋ | 1825/2110 [00:08<00:01, 224.05it/s]
c006:  88%|████████▊ | 1849/2110 [00:08<00:01, 223.84it/s]
c006:  89%|████████▉ | 1879/2110 [00:08<00:00, 245.04it/s]
c006:  90%|█████████ | 1909/2110 [00:08<00:00, 256.02it/s]
c006:  92%|█████████▏| 1937/2110 [00:08<00:00, 262.71it/s]
c006:  93%|█████████▎| 1964/2110 [00:08<00:00, 254.33it/s]
c006:  94%|█████████▍| 1992/2110 [00:08<00:00, 261.52it/s]
c006:  96%|█████████▌| 2019/2110 [00:08<00:00, 252.96it/s]
c006:  97%|█████████▋| 2046/2110 [00:08<00:00, 256.75it/s]
c006:  98%|█████████▊| 2075/2110 [00:09<00:00, 264.27it/s]
c006: 100%|█████████▉| 2102/2110 [00:09<00:00, 250.22it/s]
c006: 100%|██████████| 2110/2110 [00:09<00:00, 228.82it/s]

c007:   0%|          | 0/1965 [00:00<?, ?it/s]
c007:   1%|          | 20/1965 [00:00<00:09, 198.23it/s]
c007:   2%|▏         | 41/1965 [00:00<00:09, 198.96it/s]
c007:   3%|▎         | 65/1965 [00:00<00:08, 216.36it/s]
c007:   4%|▍         | 88/1965 [00:00<00:08, 218.68it/s]
c007:   6%|▌         | 114/1965 [00:00<00:07, 232.77it/s]
c007:   7%|▋         | 141/1965 [00:00<00:07, 241.97it/s]
c007:   8%|▊         | 166/1965 [00:00<00:07, 227.57it/s]
c007:  10%|▉         | 189/1965 [00:00<00:08, 219.56it/s]
c007:  11%|█         | 212/1965 [00:00<00:08, 214.93it/s]
c007:  12%|█▏        | 236/1965 [00:01<00:07, 221.45it/s]
c007:  13%|█▎        | 264/1965 [00:01<00:07, 236.47it/s]
c007:  15%|█▍        | 289/1965 [00:01<00:07, 237.87it/s]
c007:  16%|█▌        | 313/1965 [00:01<00:07, 226.79it/s]
c007:  17%|█▋        | 336/1965 [00:01<00:07, 221.22it/s]
c007:  18%|█▊        | 359/1965 [00:01<00:07, 215.21it/s]
c007:  19%|█▉        | 381/1965 [00:01<00:07, 205.35it/s]
c007:  21%|██        | 407/1965 [00:01<00:07, 219.39it/s]
c007:  22%|██▏       | 433/1965 [00:01<00:06, 226.26it/s]
c007:  23%|██▎       | 457/1965 [00:02<00:06, 224.60it/s]
c007:  25%|██▍       | 484/1965 [00:02<00:06, 235.06it/s]
c007:  26%|██▌       | 510/1965 [00:02<00:06, 240.82it/s]
c007:  27%|██▋       | 535/1965 [00:02<00:05, 238.91it/s]
c007:  29%|██▊       | 563/1965 [00:02<00:05, 250.02it/s]
c007:  30%|██▉       | 589/1965 [00:02<00:05, 248.95it/s]
c007:  32%|███▏      | 621/1965 [00:02<00:05, 266.53it/s]
c007:  33%|███▎      | 648/1965 [00:02<00:05, 262.07it/s]
c007:  34%|███▍      | 675/1965 [00:02<00:04, 262.75it/s]
c007:  36%|███▌      | 702/1965 [00:02<00:04, 260.94it/s]
c007:  37%|███▋      | 733/1965 [00:03<00:04, 273.01it/s]
c007:  39%|███▉      | 762/1965 [00:03<00:04, 277.11it/s]
c007:  40%|████      | 793/1965 [00:03<00:04, 281.91it/s]
c007:  42%|████▏     | 822/1965 [00:03<00:04, 270.42it/s]
c007:  43%|████▎     | 851/1965 [00:03<00:04, 271.52it/s]
c007:  45%|████▍     | 879/1965 [00:03<00:04, 260.42it/s]
c007:  46%|████▌     | 906/1965 [00:03<00:04, 261.24it/s]
c007:  47%|████▋     | 933/1965 [00:03<00:04, 257.09it/s]
c007:  49%|████▉     | 959/1965 [00:03<00:04, 247.34it/s]
c007:  50%|█████     | 984/1965 [00:04<00:04, 237.55it/s]
c007:  51%|█████▏    | 1008/1965 [00:04<00:04, 225.69it/s]
c007:  52%|█████▏    | 1031/1965 [00:04<00:04, 220.08it/s]
c007:  54%|█████▎    | 1054/1965 [00:04<00:04, 216.24it/s]
c007:  55%|█████▍    | 1076/1965 [00:04<00:04, 215.98it/s]
c007:  56%|█████▌    | 1098/1965 [00:04<00:04, 212.92it/s]
c007:  57%|█████▋    | 1122/1965 [00:04<00:03, 220.40it/s]
c007:  58%|█████▊    | 1148/1965 [00:04<00:03, 230.38it/s]
c007:  60%|█████▉    | 1173/1965 [00:04<00:03, 234.08it/s]
c007:  61%|██████    | 1198/1965 [00:05<00:03, 237.18it/s]
c007:  62%|██████▏   | 1224/1965 [00:05<00:03, 242.39it/s]
c007:  64%|██████▎   | 1249/1965 [00:05<00:03, 226.75it/s]
c007:  65%|██████▍   | 1272/1965 [00:05<00:03, 225.06it/s]
c007:  66%|██████▌   | 1295/1965 [00:05<00:03, 218.89it/s]
c007:  67%|██████▋   | 1318/1965 [00:05<00:02, 219.87it/s]
c007:  68%|██████▊   | 1341/1965 [00:05<00:02, 218.08it/s]
c007:  69%|██████▉   | 1363/1965 [00:05<00:02, 211.88it/s]
c007:  70%|███████   | 1385/1965 [00:05<00:02, 206.36it/s]
c007:  72%|███████▏  | 1407/1965 [00:06<00:02, 209.12it/s]
c007:  73%|███████▎  | 1428/1965 [00:06<00:02, 208.22it/s]
c007:  74%|███████▎  | 1449/1965 [00:06<00:02, 200.35it/s]
c007:  75%|███████▍  | 1470/1965 [00:06<00:03, 157.00it/s]
c007:  76%|███████▌  | 1488/1965 [00:07<00:06, 74.86it/s] 
c007:  76%|███████▋  | 1501/1965 [00:07<00:08, 57.15it/s]
c007:  77%|███████▋  | 1511/1965 [00:07<00:09, 49.55it/s]
c007:  77%|███████▋  | 1519/1965 [00:08<00:09, 44.78it/s]
c007:  78%|███████▊  | 1526/1965 [00:08<00:10, 41.28it/s]
c007:  78%|███████▊  | 1532/1965 [00:08<00:11, 38.94it/s]
c007:  78%|███████▊  | 1537/1965 [00:08<00:11, 36.66it/s]
c007:  78%|███████▊  | 1542/1965 [00:08<00:12, 35.04it/s]
c007:  79%|███████▊  | 1546/1965 [00:08<00:12, 33.93it/s]
c007:  79%|███████▉  | 1550/1965 [00:09<00:12, 33.25it/s]
c007:  79%|███████▉  | 1554/1965 [00:09<00:12, 33.32it/s]
c007:  79%|███████▉  | 1558/1965 [00:09<00:12, 32.88it/s]
c007:  79%|███████▉  | 1562/1965 [00:09<00:12, 32.27it/s]
c007:  80%|███████▉  | 1566/1965 [00:09<00:12, 32.04it/s]
c007:  80%|███████▉  | 1570/1965 [00:09<00:12, 32.18it/s]
c007:  80%|████████  | 1574/1965 [00:09<00:12, 31.87it/s]
c007:  80%|████████  | 1578/1965 [00:09<00:12, 31.89it/s]
c007:  81%|████████  | 1582/1965 [00:10<00:12, 31.50it/s]
c007:  81%|████████  | 1586/1965 [00:10<00:12, 30.66it/s]
c007:  81%|████████  | 1590/1965 [00:10<00:12, 30.27it/s]
c007:  81%|████████  | 1594/1965 [00:10<00:12, 30.57it/s]
c007:  81%|████████▏ | 1598/1965 [00:10<00:12, 30.23it/s]
c007:  82%|████████▏ | 1602/1965 [00:10<00:11, 30.36it/s]
c007:  82%|████████▏ | 1606/1965 [00:10<00:11, 30.21it/s]
c007:  82%|████████▏ | 1610/1965 [00:11<00:12, 29.55it/s]
c007:  82%|████████▏ | 1614/1965 [00:11<00:11, 30.43it/s]
c007:  82%|████████▏ | 1618/1965 [00:11<00:11, 30.75it/s]
c007:  83%|████████▎ | 1622/1965 [00:11<00:11, 30.86it/s]
c007:  83%|████████▎ | 1626/1965 [00:11<00:11, 30.58it/s]
c007:  83%|████████▎ | 1630/1965 [00:11<00:10, 30.78it/s]
c007:  83%|████████▎ | 1634/1965 [00:11<00:10, 30.50it/s]
c007:  83%|████████▎ | 1638/1965 [00:11<00:10, 30.70it/s]
c007:  84%|████████▎ | 1642/1965 [00:12<00:10, 30.92it/s]
c007:  84%|████████▍ | 1646/1965 [00:12<00:10, 31.25it/s]
c007:  84%|████████▍ | 1650/1965 [00:12<00:10, 31.31it/s]
c007:  84%|████████▍ | 1654/1965 [00:12<00:09, 31.54it/s]
c007:  84%|████████▍ | 1658/1965 [00:12<00:09, 30.80it/s]
c007:  85%|████████▍ | 1662/1965 [00:12<00:09, 31.12it/s]
c007:  85%|████████▍ | 1666/1965 [00:12<00:09, 31.47it/s]
c007:  85%|████████▍ | 1670/1965 [00:12<00:09, 30.40it/s]
c007:  85%|████████▌ | 1674/1965 [00:13<00:09, 30.02it/s]
c007:  85%|████████▌ | 1678/1965 [00:13<00:09, 29.63it/s]
c007:  86%|████████▌ | 1681/1965 [00:13<00:09, 29.48it/s]
c007:  86%|████████▌ | 1685/1965 [00:13<00:09, 30.20it/s]
c007:  86%|████████▌ | 1689/1965 [00:13<00:09, 30.61it/s]
c007:  86%|████████▌ | 1693/1965 [00:13<00:08, 30.64it/s]
c007:  86%|████████▋ | 1697/1965 [00:13<00:08, 31.51it/s]
c007:  87%|████████▋ | 1701/1965 [00:13<00:08, 31.08it/s]
c007:  87%|████████▋ | 1705/1965 [00:14<00:08, 31.08it/s]
c007:  87%|████████▋ | 1709/1965 [00:14<00:08, 31.51it/s]
c007:  87%|████████▋ | 1713/1965 [00:14<00:08, 30.96it/s]
c007:  87%|████████▋ | 1717/1965 [00:14<00:07, 31.30it/s]
c007:  88%|████████▊ | 1721/1965 [00:14<00:07, 31.76it/s]
c007:  88%|████████▊ | 1725/1965 [00:14<00:07, 31.71it/s]
c007:  88%|████████▊ | 1729/1965 [00:14<00:07, 30.94it/s]
c007:  88%|████████▊ | 1733/1965 [00:14<00:07, 30.75it/s]
c007:  88%|████████▊ | 1737/1965 [00:15<00:07, 30.01it/s]
c007:  89%|████████▊ | 1741/1965 [00:15<00:07, 28.30it/s]
c007:  89%|████████▉ | 1745/1965 [00:15<00:07, 28.89it/s]
c007:  89%|████████▉ | 1748/1965 [00:15<00:07, 28.81it/s]
c007:  89%|████████▉ | 1752/1965 [00:15<00:07, 29.27it/s]
c007:  89%|████████▉ | 1755/1965 [00:15<00:07, 29.17it/s]
c007:  89%|████████▉ | 1758/1965 [00:15<00:07, 28.12it/s]
c007:  90%|████████▉ | 1761/1965 [00:15<00:07, 27.39it/s]
c007:  90%|████████▉ | 1765/1965 [00:16<00:07, 28.30it/s]
c007:  90%|█████████ | 1769/1965 [00:16<00:06, 28.93it/s]
c007:  90%|█████████ | 1772/1965 [00:16<00:06, 29.00it/s]
c007:  90%|█████████ | 1776/1965 [00:16<00:06, 29.52it/s]
c007:  91%|█████████ | 1779/1965 [00:16<00:06, 28.84it/s]
c007:  91%|█████████ | 1783/1965 [00:16<00:06, 29.33it/s]
c007:  91%|█████████ | 1786/1965 [00:16<00:06, 29.19it/s]
c007:  91%|█████████ | 1789/1965 [00:16<00:06, 29.05it/s]
c007:  91%|█████████ | 1792/1965 [00:17<00:05, 29.15it/s]
c007:  91%|█████████▏| 1795/1965 [00:17<00:05, 28.87it/s]
c007:  92%|█████████▏| 1798/1965 [00:17<00:05, 28.93it/s]
c007:  92%|█████████▏| 1801/1965 [00:17<00:05, 27.96it/s]
c007:  92%|█████████▏| 1804/1965 [00:17<00:05, 27.56it/s]
c007:  92%|█████████▏| 1807/1965 [00:17<00:05, 28.23it/s]
c007:  92%|█████████▏| 1810/1965 [00:17<00:05, 28.21it/s]
c007:  92%|█████████▏| 1813/1965 [00:17<00:05, 28.24it/s]
c007:  92%|█████████▏| 1816/1965 [00:17<00:05, 28.43it/s]
c007:  93%|█████████▎| 1820/1965 [00:18<00:05, 28.92it/s]
c007:  93%|█████████▎| 1823/1965 [00:18<00:04, 29.02it/s]
c007:  93%|█████████▎| 1826/1965 [00:18<00:04, 28.94it/s]
c007:  93%|█████████▎| 1830/1965 [00:18<00:04, 29.45it/s]
c007:  93%|█████████▎| 1834/1965 [00:18<00:04, 30.02it/s]
c007:  93%|█████████▎| 1837/1965 [00:18<00:04, 29.65it/s]
c007:  94%|█████████▎| 1841/1965 [00:18<00:04, 30.11it/s]
c007:  94%|█████████▍| 1845/1965 [00:18<00:04, 29.93it/s]
c007:  94%|█████████▍| 1848/1965 [00:18<00:03, 29.28it/s]
c007:  94%|█████████▍| 1851/1965 [00:19<00:03, 28.86it/s]
c007:  94%|█████████▍| 1854/1965 [00:19<00:03, 28.79it/s]
c007:  95%|█████████▍| 1857/1965 [00:19<00:03, 28.22it/s]
c007:  95%|█████████▍| 1860/1965 [00:19<00:03, 28.65it/s]
c007:  95%|█████████▍| 1863/1965 [00:19<00:03, 28.85it/s]
c007:  95%|█████████▍| 1866/1965 [00:19<00:03, 27.68it/s]
c007:  95%|█████████▌| 1869/1965 [00:19<00:03, 27.27it/s]
c007:  95%|█████████▌| 1873/1965 [00:19<00:03, 28.16it/s]
c007:  96%|█████████▌| 1877/1965 [00:20<00:03, 29.06it/s]
c007:  96%|█████████▌| 1881/1965 [00:20<00:02, 29.77it/s]
c007:  96%|█████████▌| 1885/1965 [00:20<00:02, 29.90it/s]
c007:  96%|█████████▌| 1889/1965 [00:20<00:02, 30.49it/s]
c007:  96%|█████████▋| 1893/1965 [00:20<00:02, 31.13it/s]
c007:  97%|█████████▋| 1897/1965 [00:20<00:02, 31.26it/s]
c007:  97%|█████████▋| 1901/1965 [00:20<00:02, 31.90it/s]
c007:  97%|█████████▋| 1905/1965 [00:20<00:01, 31.63it/s]
c007:  97%|█████████▋| 1909/1965 [00:21<00:01, 30.70it/s]
c007:  97%|█████████▋| 1913/1965 [00:21<00:01, 31.17it/s]
c007:  98%|█████████▊| 1917/1965 [00:21<00:01, 30.69it/s]
c007:  98%|█████████▊| 1921/1965 [00:21<00:01, 30.44it/s]
c007:  98%|█████████▊| 1925/1965 [00:21<00:01, 30.83it/s]
c007:  98%|█████████▊| 1929/1965 [00:21<00:01, 30.95it/s]
c007:  98%|█████████▊| 1933/1965 [00:21<00:01, 30.90it/s]
c007:  99%|█████████▊| 1937/1965 [00:21<00:00, 30.72it/s]
c007:  99%|█████████▉| 1941/1965 [00:22<00:00, 30.47it/s]
c007:  99%|█████████▉| 1945/1965 [00:22<00:00, 30.22it/s]
c007:  99%|█████████▉| 1949/1965 [00:22<00:00, 29.75it/s]
c007:  99%|█████████▉| 1953/1965 [00:22<00:00, 29.88it/s]
c007: 100%|█████████▉| 1956/1965 [00:22<00:00, 29.55it/s]
c007: 100%|█████████▉| 1959/1965 [00:22<00:00, 29.50it/s]
c007: 100%|█████████▉| 1963/1965 [00:22<00:00, 30.08it/s]
c007: 100%|██████████| 1965/1965 [00:22<00:00, 85.91it/s]

c008:   0%|          | 0/1924 [00:00<?, ?it/s]
c008:   0%|          | 4/1924 [00:00<00:57, 33.36it/s]
c008:   0%|          | 8/1924 [00:00<00:58, 32.57it/s]
c008:   1%|          | 12/1924 [00:00<01:00, 31.48it/s]
c008:   1%|          | 16/1924 [00:00<01:00, 31.50it/s]
c008:   1%|          | 20/1924 [00:00<01:00, 31.43it/s]
c008:   1%|          | 24/1924 [00:00<01:00, 31.19it/s]
c008:   1%|▏         | 28/1924 [00:00<01:01, 30.97it/s]
c008:   2%|▏         | 32/1924 [00:01<01:00, 31.15it/s]
c008:   2%|▏         | 36/1924 [00:01<01:01, 30.78it/s]
c008:   2%|▏         | 40/1924 [00:01<01:01, 30.72it/s]
c008:   2%|▏         | 44/1924 [00:01<01:02, 30.07it/s]
c008:   2%|▏         | 48/1924 [00:01<01:00, 30.91it/s]
c008:   3%|▎         | 52/1924 [00:01<01:00, 31.05it/s]
c008:   3%|▎         | 56/1924 [00:01<00:59, 31.48it/s]
c008:   3%|▎         | 60/1924 [00:01<00:58, 31.60it/s]
c008:   3%|▎         | 64/1924 [00:02<00:58, 31.96it/s]
c008:   4%|▎         | 68/1924 [00:02<00:57, 32.21it/s]
c008:   4%|▎         | 72/1924 [00:02<00:59, 31.31it/s]
c008:   4%|▍         | 76/1924 [00:02<01:01, 30.20it/s]
c008:   4%|▍         | 80/1924 [00:02<01:01, 29.80it/s]
c008:   4%|▍         | 84/1924 [00:02<01:00, 30.24it/s]
c008:   5%|▍         | 88/1924 [00:02<01:00, 30.53it/s]
c008:   5%|▍         | 92/1924 [00:02<00:59, 30.62it/s]
c008:   5%|▍         | 96/1924 [00:03<00:59, 30.93it/s]
c008:   5%|▌         | 100/1924 [00:03<00:58, 31.03it/s]
c008:   5%|▌         | 104/1924 [00:03<00:59, 30.36it/s]
c008:   6%|▌         | 108/1924 [00:03<00:59, 30.56it/s]
c008:   6%|▌         | 112/1924 [00:03<00:58, 30.78it/s]
c008:   6%|▌         | 116/1924 [00:03<00:58, 30.68it/s]
c008:   6%|▌         | 120/1924 [00:03<00:58, 30.95it/s]
c008:   6%|▋         | 124/1924 [00:04<00:58, 30.71it/s]
c008:   7%|▋         | 128/1924 [00:04<00:57, 31.02it/s]
c008:   7%|▋         | 132/1924 [00:04<00:59, 30.20it/s]
c008:   7%|▋         | 136/1924 [00:04<01:00, 29.77it/s]
c008:   7%|▋         | 140/1924 [00:04<01:00, 29.40it/s]
c008:   7%|▋         | 143/1924 [00:04<01:00, 29.51it/s]
c008:   8%|▊         | 146/1924 [00:04<01:01, 29.00it/s]
c008:   8%|▊         | 149/1924 [00:04<01:01, 28.88it/s]
c008:   8%|▊         | 152/1924 [00:04<01:01, 28.99it/s]
c008:   8%|▊         | 155/1924 [00:05<01:00, 29.03it/s]
c008:   8%|▊         | 158/1924 [00:05<01:00, 29.02it/s]
c008:   8%|▊         | 161/1924 [00:05<01:01, 28.74it/s]
c008:   9%|▊         | 165/1924 [00:05<01:00, 28.87it/s]
c008:   9%|▊         | 168/1924 [00:05<01:02, 28.14it/s]
c008:   9%|▉         | 171/1924 [00:05<01:04, 27.30it/s]
c008:   9%|▉         | 174/1924 [00:05<01:03, 27.60it/s]
c008:   9%|▉         | 177/1924 [00:05<01:01, 28.25it/s]
c008:   9%|▉         | 180/1924 [00:05<01:02, 27.92it/s]
c008:  10%|▉         | 184/1924 [00:06<00:59, 29.03it/s]
c008:  10%|▉         | 188/1924 [00:06<00:59, 29.27it/s]
c008:  10%|▉         | 192/1924 [00:06<00:57, 29.89it/s]
c008:  10%|█         | 196/1924 [00:06<00:57, 30.26it/s]
c008:  10%|█         | 200/1924 [00:06<00:55, 30.98it/s]
c008:  11%|█         | 204/1924 [00:06<00:53, 31.85it/s]
c008:  11%|█         | 208/1924 [00:06<00:54, 31.33it/s]
c008:  11%|█         | 212/1924 [00:07<00:58, 29.44it/s]
c008:  11%|█         | 215/1924 [00:07<00:58, 29.11it/s]
c008:  11%|█▏        | 219/1924 [00:07<00:57, 29.63it/s]
c008:  12%|█▏        | 223/1924 [00:07<00:55, 30.56it/s]
c008:  12%|█▏        | 227/1924 [00:07<00:58, 29.21it/s]
c008:  12%|█▏        | 230/1924 [00:07<00:57, 29.35it/s]
c008:  12%|█▏        | 233/1924 [00:07<00:58, 29.14it/s]
c008:  12%|█▏        | 236/1924 [00:07<00:57, 29.27it/s]
c008:  12%|█▏        | 239/1924 [00:07<00:58, 28.77it/s]
c008:  13%|█▎        | 242/1924 [00:08<00:57, 29.05it/s]
c008:  13%|█▎        | 245/1924 [00:08<00:57, 29.13it/s]
c008:  13%|█▎        | 249/1924 [00:08<00:55, 30.16it/s]
c008:  13%|█▎        | 253/1924 [00:08<00:55, 30.29it/s]
c008:  13%|█▎        | 257/1924 [00:08<00:55, 30.23it/s]
c008:  14%|█▎        | 261/1924 [00:08<00:55, 30.12it/s]
c008:  14%|█▍        | 265/1924 [00:08<00:54, 30.21it/s]
c008:  14%|█▍        | 269/1924 [00:08<00:53, 30.82it/s]
c008:  14%|█▍        | 273/1924 [00:09<00:53, 31.15it/s]
c008:  14%|█▍        | 277/1924 [00:09<00:53, 30.75it/s]
c008:  15%|█▍        | 281/1924 [00:09<00:52, 31.23it/s]
c008:  15%|█▍        | 285/1924 [00:09<00:52, 31.37it/s]
c008:  15%|█▌        | 289/1924 [00:09<00:52, 30.90it/s]
c008:  15%|█▌        | 293/1924 [00:09<00:51, 31.66it/s]
c008:  15%|█▌        | 297/1924 [00:09<00:50, 31.93it/s]
c008:  16%|█▌        | 301/1924 [00:09<00:51, 31.28it/s]
c008:  16%|█▌        | 305/1924 [00:10<00:51, 31.27it/s]
c008:  16%|█▌        | 309/1924 [00:10<00:51, 31.23it/s]
c008:  16%|█▋        | 313/1924 [00:10<00:51, 31.08it/s]
c008:  16%|█▋        | 317/1924 [00:10<00:51, 31.30it/s]
c008:  17%|█▋        | 321/1924 [00:10<00:50, 31.51it/s]
c008:  17%|█▋        | 325/1924 [00:10<00:51, 30.97it/s]
c008:  17%|█▋        | 329/1924 [00:10<00:50, 31.32it/s]
c008:  17%|█▋        | 333/1924 [00:10<00:51, 31.19it/s]
c008:  18%|█▊        | 337/1924 [00:11<00:51, 30.83it/s]
c008:  18%|█▊        | 341/1924 [00:11<00:49, 31.89it/s]
c008:  18%|█▊        | 345/1924 [00:11<00:48, 32.62it/s]
c008:  18%|█▊        | 349/1924 [00:11<00:49, 32.11it/s]
c008:  18%|█▊        | 353/1924 [00:11<00:48, 32.16it/s]
c008:  19%|█▊        | 357/1924 [00:11<00:48, 32.36it/s]
c008:  19%|█▉        | 361/1924 [00:11<00:49, 31.76it/s]
c008:  19%|█▉        | 365/1924 [00:11<00:48, 32.27it/s]
c008:  19%|█▉        | 369/1924 [00:12<00:48, 31.99it/s]
c008:  19%|█▉        | 373/1924 [00:12<00:49, 31.12it/s]
c008:  20%|█▉        | 377/1924 [00:12<00:48, 31.75it/s]
c008:  20%|█▉        | 381/1924 [00:12<00:48, 31.88it/s]
c008:  20%|██        | 385/1924 [00:12<00:47, 32.23it/s]
c008:  20%|██        | 389/1924 [00:12<00:46, 32.92it/s]
c008:  20%|██        | 393/1924 [00:12<00:46, 32.84it/s]
c008:  21%|██        | 397/1924 [00:12<00:46, 32.76it/s]
c008:  21%|██        | 401/1924 [00:13<00:45, 33.11it/s]
c008:  21%|██        | 405/1924 [00:13<00:46, 32.97it/s]
c008:  21%|██▏       | 409/1924 [00:13<00:45, 33.45it/s]
c008:  21%|██▏       | 413/1924 [00:13<00:43, 34.57it/s]
c008:  22%|██▏       | 417/1924 [00:13<00:42, 35.23it/s]
c008:  22%|██▏       | 421/1924 [00:13<00:44, 34.02it/s]
c008:  22%|██▏       | 425/1924 [00:13<00:43, 34.56it/s]
c008:  22%|██▏       | 429/1924 [00:13<00:42, 34.81it/s]
c008:  23%|██▎       | 433/1924 [00:13<00:42, 34.70it/s]
c008:  23%|██▎       | 437/1924 [00:14<00:41, 35.55it/s]
c008:  23%|██▎       | 441/1924 [00:14<00:42, 34.79it/s]
c008:  23%|██▎       | 445/1924 [00:14<00:44, 33.45it/s]
c008:  23%|██▎       | 449/1924 [00:14<00:43, 34.16it/s]
c008:  24%|██▎       | 453/1924 [00:14<00:43, 33.99it/s]
c008:  24%|██▍       | 457/1924 [00:14<00:44, 33.07it/s]
c008:  24%|██▍       | 461/1924 [00:14<00:44, 33.11it/s]
c008:  24%|██▍       | 465/1924 [00:14<00:44, 32.60it/s]
c008:  24%|██▍       | 469/1924 [00:15<00:45, 32.33it/s]
c008:  25%|██▍       | 473/1924 [00:15<00:45, 32.06it/s]
c008:  25%|██▍       | 477/1924 [00:15<00:44, 32.21it/s]
c008:  25%|██▌       | 481/1924 [00:15<00:44, 32.41it/s]
c008:  25%|██▌       | 485/1924 [00:15<00:44, 32.38it/s]
c008:  25%|██▌       | 489/1924 [00:15<00:44, 32.21it/s]
c008:  26%|██▌       | 493/1924 [00:15<00:44, 31.80it/s]
c008:  26%|██▌       | 497/1924 [00:15<00:44, 32.36it/s]
c008:  26%|██▌       | 501/1924 [00:16<00:43, 32.38it/s]
c008:  26%|██▌       | 505/1924 [00:16<00:43, 32.56it/s]
c008:  26%|██▋       | 509/1924 [00:16<00:42, 32.98it/s]
c008:  27%|██▋       | 513/1924 [00:16<00:42, 33.57it/s]
c008:  27%|██▋       | 517/1924 [00:16<00:43, 32.66it/s]
c008:  27%|██▋       | 521/1924 [00:16<00:41, 33.63it/s]
c008:  27%|██▋       | 525/1924 [00:16<00:40, 34.60it/s]
c008:  27%|██▋       | 529/1924 [00:16<00:40, 34.81it/s]
c008:  28%|██▊       | 533/1924 [00:16<00:39, 35.15it/s]
c008:  28%|██▊       | 537/1924 [00:17<00:39, 35.41it/s]
c008:  28%|██▊       | 541/1924 [00:17<00:39, 34.67it/s]
c008:  28%|██▊       | 545/1924 [00:17<00:39, 35.24it/s]
c008:  29%|██▊       | 549/1924 [00:17<00:39, 35.08it/s]
c008:  29%|██▊       | 553/1924 [00:17<00:39, 34.70it/s]
c008:  29%|██▉       | 557/1924 [00:17<00:38, 35.26it/s]
c008:  29%|██▉       | 561/1924 [00:17<00:39, 34.57it/s]
c008:  29%|██▉       | 565/1924 [00:17<00:40, 33.68it/s]
c008:  30%|██▉       | 569/1924 [00:18<00:39, 34.17it/s]
c008:  30%|██▉       | 573/1924 [00:18<00:39, 34.59it/s]
c008:  30%|██▉       | 577/1924 [00:18<00:38, 34.77it/s]
c008:  30%|███       | 581/1924 [00:18<00:39, 34.43it/s]
c008:  30%|███       | 585/1924 [00:18<00:40, 32.81it/s]
c008:  31%|███       | 589/1924 [00:18<00:40, 32.73it/s]
c008:  31%|███       | 593/1924 [00:18<00:40, 32.54it/s]
c008:  31%|███       | 597/1924 [00:18<00:40, 32.88it/s]
c008:  31%|███       | 601/1924 [00:18<00:39, 33.30it/s]
c008:  31%|███▏      | 605/1924 [00:19<00:38, 34.03it/s]
c008:  32%|███▏      | 609/1924 [00:19<00:37, 34.63it/s]
c008:  32%|███▏      | 613/1924 [00:19<00:38, 34.22it/s]
c008:  32%|███▏      | 617/1924 [00:19<00:37, 34.81it/s]
c008:  32%|███▏      | 621/1924 [00:19<00:37, 34.41it/s]
c008:  32%|███▏      | 625/1924 [00:19<00:37, 34.34it/s]
c008:  33%|███▎      | 629/1924 [00:19<00:38, 34.05it/s]
c008:  33%|███▎      | 633/1924 [00:19<00:38, 33.55it/s]
c008:  33%|███▎      | 637/1924 [00:20<00:37, 33.96it/s]
c008:  33%|███▎      | 641/1924 [00:20<00:38, 33.30it/s]
c008:  34%|███▎      | 645/1924 [00:20<00:38, 32.99it/s]
c008:  34%|███▎      | 649/1924 [00:20<00:39, 32.02it/s]
c008:  34%|███▍      | 653/1924 [00:20<00:40, 31.70it/s]
c008:  34%|███▍      | 657/1924 [00:20<00:40, 31.58it/s]
c008:  34%|███▍      | 661/1924 [00:20<00:40, 31.50it/s]
c008:  35%|███▍      | 665/1924 [00:20<00:40, 31.28it/s]
c008:  35%|███▍      | 669/1924 [00:21<00:39, 32.12it/s]
c008:  35%|███▍      | 673/1924 [00:21<00:38, 32.38it/s]
c008:  35%|███▌      | 677/1924 [00:21<00:38, 32.47it/s]
c008:  35%|███▌      | 681/1924 [00:21<00:38, 32.47it/s]
c008:  36%|███▌      | 685/1924 [00:21<00:39, 31.77it/s]
c008:  36%|███▌      | 689/1924 [00:21<00:38, 32.39it/s]
c008:  36%|███▌      | 693/1924 [00:21<00:38, 32.29it/s]
c008:  36%|███▌      | 697/1924 [00:21<00:37, 32.46it/s]
c008:  36%|███▋      | 701/1924 [00:22<00:36, 33.26it/s]
c008:  37%|███▋      | 705/1924 [00:22<00:36, 33.53it/s]
c008:  37%|███▋      | 709/1924 [00:22<00:36, 32.97it/s]
c008:  37%|███▋      | 713/1924 [00:22<00:36, 33.12it/s]
c008:  37%|███▋      | 717/1924 [00:22<00:36, 33.52it/s]
c008:  37%|███▋      | 721/1924 [00:22<00:36, 33.32it/s]
c008:  38%|███▊      | 725/1924 [00:22<00:35, 34.05it/s]
c008:  38%|███▊      | 729/1924 [00:22<00:34, 34.29it/s]
c008:  38%|███▊      | 733/1924 [00:22<00:35, 33.90it/s]
c008:  38%|███▊      | 737/1924 [00:23<00:35, 33.21it/s]
c008:  39%|███▊      | 741/1924 [00:23<00:36, 32.61it/s]
c008:  39%|███▊      | 745/1924 [00:23<00:36, 31.97it/s]
c008:  39%|███▉      | 749/1924 [00:23<00:37, 31.63it/s]
c008:  39%|███▉      | 753/1924 [00:23<00:37, 31.51it/s]
c008:  39%|███▉      | 757/1924 [00:23<00:37, 30.95it/s]
c008:  40%|███▉      | 761/1924 [00:23<00:37, 31.32it/s]
c008:  40%|███▉      | 765/1924 [00:24<00:36, 31.66it/s]
c008:  40%|███▉      | 769/1924 [00:24<00:36, 31.83it/s]
c008:  40%|████      | 773/1924 [00:24<00:35, 32.36it/s]
c008:  40%|████      | 777/1924 [00:24<00:34, 32.84it/s]
c008:  41%|████      | 781/1924 [00:24<00:34, 33.11it/s]
c008:  41%|████      | 785/1924 [00:24<00:33, 33.79it/s]
c008:  41%|████      | 789/1924 [00:24<00:32, 34.46it/s]
c008:  41%|████      | 793/1924 [00:24<00:33, 34.25it/s]
c008:  41%|████▏     | 797/1924 [00:24<00:32, 34.68it/s]
c008:  42%|████▏     | 801/1924 [00:25<00:31, 35.21it/s]
c008:  42%|████▏     | 805/1924 [00:25<00:32, 34.93it/s]
c008:  42%|████▏     | 809/1924 [00:25<00:32, 34.33it/s]
c008:  42%|████▏     | 813/1924 [00:25<00:32, 33.97it/s]
c008:  42%|████▏     | 817/1924 [00:25<00:33, 33.37it/s]
c008:  43%|████▎     | 821/1924 [00:25<00:33, 32.48it/s]
c008:  43%|████▎     | 825/1924 [00:25<00:33, 32.45it/s]
c008:  43%|████▎     | 829/1924 [00:25<00:34, 31.80it/s]
c008:  43%|████▎     | 833/1924 [00:26<00:33, 32.64it/s]
c008:  44%|████▎     | 837/1924 [00:26<00:32, 33.10it/s]
c008:  44%|████▎     | 841/1924 [00:26<00:32, 33.13it/s]
c008:  44%|████▍     | 845/1924 [00:26<00:32, 33.30it/s]
c008:  44%|████▍     | 849/1924 [00:26<00:32, 33.21it/s]
c008:  44%|████▍     | 853/1924 [00:26<00:32, 32.59it/s]
c008:  45%|████▍     | 857/1924 [00:26<00:32, 33.16it/s]
c008:  45%|████▍     | 861/1924 [00:26<00:31, 33.49it/s]
c008:  45%|████▍     | 865/1924 [00:26<00:31, 33.54it/s]
c008:  45%|████▌     | 869/1924 [00:27<00:31, 33.78it/s]
c008:  45%|████▌     | 873/1924 [00:27<00:30, 33.99it/s]
c008:  46%|████▌     | 877/1924 [00:27<00:31, 33.44it/s]
c008:  46%|████▌     | 881/1924 [00:27<00:31, 33.58it/s]
c008:  46%|████▌     | 885/1924 [00:27<00:31, 33.06it/s]
c008:  46%|████▌     | 889/1924 [00:27<00:31, 33.03it/s]
c008:  46%|████▋     | 893/1924 [00:27<00:30, 33.27it/s]
c008:  47%|████▋     | 897/1924 [00:27<00:31, 33.13it/s]
c008:  47%|████▋     | 901/1924 [00:28<00:31, 32.73it/s]
c008:  47%|████▋     | 905/1924 [00:28<00:30, 32.97it/s]
c008:  47%|████▋     | 909/1924 [00:28<00:31, 32.55it/s]
c008:  47%|████▋     | 913/1924 [00:28<00:31, 31.76it/s]
c008:  48%|████▊     | 917/1924 [00:28<00:31, 31.93it/s]
c008:  48%|████▊     | 921/1924 [00:28<00:31, 32.18it/s]
c008:  48%|████▊     | 925/1924 [00:28<00:31, 32.17it/s]
c008:  48%|████▊     | 929/1924 [00:28<00:30, 32.79it/s]
c008:  48%|████▊     | 933/1924 [00:29<00:29, 33.37it/s]
c008:  49%|████▊     | 937/1924 [00:29<00:29, 33.31it/s]
c008:  49%|████▉     | 941/1924 [00:29<00:28, 34.06it/s]
c008:  49%|████▉     | 945/1924 [00:29<00:28, 34.15it/s]
c008:  49%|████▉     | 949/1924 [00:29<00:28, 33.82it/s]
c008:  50%|████▉     | 953/1924 [00:29<00:29, 32.97it/s]
c008:  50%|████▉     | 957/1924 [00:29<00:28, 33.61it/s]
c008:  50%|████▉     | 961/1924 [00:29<00:29, 33.15it/s]
c008:  50%|█████     | 965/1924 [00:30<00:28, 33.17it/s]
c008:  50%|█████     | 969/1924 [00:30<00:28, 32.99it/s]
c008:  51%|█████     | 973/1924 [00:30<00:28, 33.09it/s]
c008:  51%|█████     | 977/1924 [00:30<00:27, 34.22it/s]
c008:  51%|█████     | 981/1924 [00:30<00:27, 34.58it/s]
c008:  51%|█████     | 985/1924 [00:30<00:27, 34.49it/s]
c008:  51%|█████▏    | 989/1924 [00:30<00:26, 34.76it/s]
c008:  52%|█████▏    | 993/1924 [00:30<00:26, 34.86it/s]
c008:  52%|█████▏    | 997/1924 [00:30<00:26, 34.49it/s]
c008:  52%|█████▏    | 1001/1924 [00:31<00:26, 34.54it/s]
c008:  52%|█████▏    | 1005/1924 [00:31<00:26, 34.73it/s]
c008:  52%|█████▏    | 1009/1924 [00:31<00:26, 34.60it/s]
c008:  53%|█████▎    | 1013/1924 [00:31<00:25, 35.11it/s]
c008:  53%|█████▎    | 1017/1924 [00:31<00:26, 34.08it/s]
c008:  53%|█████▎    | 1021/1924 [00:31<00:27, 33.01it/s]
c008:  53%|█████▎    | 1025/1924 [00:31<00:27, 32.48it/s]
c008:  53%|█████▎    | 1029/1924 [00:31<00:27, 32.05it/s]
c008:  54%|█████▎    | 1033/1924 [00:32<00:28, 31.51it/s]
c008:  54%|█████▍    | 1037/1924 [00:32<00:28, 31.12it/s]
c008:  54%|█████▍    | 1041/1924 [00:32<00:29, 30.30it/s]
c008:  54%|█████▍    | 1045/1924 [00:32<00:29, 29.57it/s]
c008:  54%|█████▍    | 1048/1924 [00:32<00:30, 29.07it/s]
c008:  55%|█████▍    | 1051/1924 [00:32<00:30, 28.89it/s]
c008:  55%|█████▍    | 1054/1924 [00:32<00:29, 29.10it/s]
c008:  55%|█████▍    | 1057/1924 [00:32<00:29, 29.24it/s]
c008:  55%|█████▌    | 1061/1924 [00:32<00:28, 29.95it/s]
c008:  55%|█████▌    | 1064/1924 [00:33<00:28, 29.79it/s]
c008:  55%|█████▌    | 1067/1924 [00:33<00:29, 29.42it/s]
c008:  56%|█████▌    | 1070/1924 [00:33<00:29, 29.18it/s]
c008:  56%|█████▌    | 1074/1924 [00:33<00:28, 29.85it/s]
c008:  56%|█████▌    | 1078/1924 [00:33<00:27, 30.28it/s]
c008:  56%|█████▌    | 1082/1924 [00:33<00:29, 28.98it/s]
c008:  56%|█████▋    | 1086/1924 [00:33<00:28, 29.38it/s]
c008:  57%|█████▋    | 1090/1924 [00:33<00:28, 29.78it/s]
c008:  57%|█████▋    | 1093/1924 [00:34<00:28, 28.84it/s]
c008:  57%|█████▋    | 1097/1924 [00:34<00:28, 29.51it/s]
c008:  57%|█████▋    | 1100/1924 [00:34<00:27, 29.54it/s]
c008:  57%|█████▋    | 1104/1924 [00:34<00:27, 29.82it/s]
c008:  58%|█████▊    | 1108/1924 [00:34<00:27, 30.12it/s]
c008:  58%|█████▊    | 1112/1924 [00:34<00:26, 30.63it/s]
c008:  58%|█████▊    | 1116/1924 [00:34<00:26, 31.06it/s]
c008:  58%|█████▊    | 1120/1924 [00:34<00:25, 31.37it/s]
c008:  58%|█████▊    | 1124/1924 [00:35<00:25, 30.85it/s]
c008:  59%|█████▊    | 1128/1924 [00:35<00:25, 30.74it/s]
c008:  59%|█████▉    | 1132/1924 [00:35<00:25, 30.93it/s]
c008:  59%|█████▉    | 1136/1924 [00:35<00:24, 31.70it/s]
c008:  59%|█████▉    | 1140/1924 [00:35<00:24, 31.78it/s]
c008:  59%|█████▉    | 1144/1924 [00:35<00:25, 30.75it/s]
c008:  60%|█████▉    | 1148/1924 [00:35<00:25, 30.59it/s]
c008:  60%|█████▉    | 1152/1924 [00:36<00:25, 30.29it/s]
c008:  60%|██████    | 1156/1924 [00:36<00:24, 30.80it/s]
c008:  60%|██████    | 1160/1924 [00:36<00:24, 30.59it/s]
c008:  60%|██████    | 1164/1924 [00:36<00:24, 30.68it/s]
c008:  61%|██████    | 1168/1924 [00:36<00:24, 30.62it/s]
c008:  61%|██████    | 1172/1924 [00:36<00:24, 30.80it/s]
c008:  61%|██████    | 1176/1924 [00:36<00:23, 31.23it/s]
c008:  61%|██████▏   | 1180/1924 [00:36<00:24, 30.84it/s]
c008:  62%|██████▏   | 1184/1924 [00:37<00:24, 30.20it/s]
c008:  62%|██████▏   | 1188/1924 [00:37<00:24, 30.28it/s]
c008:  62%|██████▏   | 1192/1924 [00:37<00:24, 30.16it/s]
c008:  62%|██████▏   | 1196/1924 [00:37<00:24, 30.28it/s]
c008:  62%|██████▏   | 1200/1924 [00:37<00:23, 30.89it/s]
c008:  63%|██████▎   | 1204/1924 [00:37<00:22, 31.34it/s]
c008:  63%|██████▎   | 1208/1924 [00:37<00:23, 29.98it/s]
c008:  63%|██████▎   | 1212/1924 [00:37<00:23, 30.11it/s]
c008:  63%|██████▎   | 1216/1924 [00:38<00:23, 29.96it/s]
c008:  63%|██████▎   | 1220/1924 [00:38<00:23, 30.07it/s]
c008:  64%|██████▎   | 1224/1924 [00:38<00:23, 29.93it/s]
c008:  64%|██████▍   | 1227/1924 [00:38<00:23, 29.29it/s]
c008:  64%|██████▍   | 1230/1924 [00:38<00:23, 29.42it/s]
c008:  64%|██████▍   | 1234/1924 [00:38<00:23, 29.92it/s]
c008:  64%|██████▍   | 1238/1924 [00:38<00:22, 30.41it/s]
c008:  65%|██████▍   | 1242/1924 [00:38<00:22, 30.67it/s]
c008:  65%|██████▍   | 1246/1924 [00:39<00:21, 31.09it/s]
c008:  65%|██████▍   | 1250/1924 [00:39<00:21, 31.22it/s]
c008:  65%|██████▌   | 1254/1924 [00:39<00:21, 31.34it/s]
c008:  65%|██████▌   | 1258/1924 [00:39<00:20, 31.84it/s]
c008:  66%|██████▌   | 1262/1924 [00:39<00:20, 31.93it/s]
c008:  66%|██████▌   | 1266/1924 [00:39<00:20, 32.38it/s]
c008:  66%|██████▌   | 1270/1924 [00:39<00:20, 31.59it/s]
c008:  66%|██████▌   | 1274/1924 [00:39<00:21, 30.78it/s]
c008:  66%|██████▋   | 1278/1924 [00:40<00:21, 30.59it/s]
c008:  67%|██████▋   | 1282/1924 [00:40<00:21, 30.12it/s]
c008:  67%|██████▋   | 1286/1924 [00:40<00:21, 30.31it/s]
c008:  67%|██████▋   | 1290/1924 [00:40<00:20, 30.96it/s]
c008:  67%|██████▋   | 1294/1924 [00:40<00:20, 31.21it/s]
c008:  67%|██████▋   | 1298/1924 [00:40<00:20, 30.71it/s]
c008:  68%|██████▊   | 1302/1924 [00:40<00:20, 30.88it/s]
c008:  68%|██████▊   | 1306/1924 [00:41<00:19, 31.47it/s]
c008:  68%|██████▊   | 1310/1924 [00:41<00:19, 31.22it/s]
c008:  68%|██████▊   | 1314/1924 [00:41<00:19, 31.75it/s]
c008:  69%|██████▊   | 1318/1924 [00:41<00:19, 31.73it/s]
c008:  69%|██████▊   | 1322/1924 [00:41<00:18, 31.77it/s]
c008:  69%|██████▉   | 1326/1924 [00:41<00:18, 31.85it/s]
c008:  69%|██████▉   | 1330/1924 [00:41<00:18, 31.67it/s]
c008:  69%|██████▉   | 1334/1924 [00:41<00:18, 31.50it/s]
c008:  70%|██████▉   | 1338/1924 [00:42<00:18, 31.04it/s]
c008:  70%|██████▉   | 1342/1924 [00:42<00:18, 31.08it/s]
c008:  70%|██████▉   | 1346/1924 [00:42<00:18, 31.08it/s]
c008:  70%|███████   | 1350/1924 [00:42<00:18, 31.19it/s]
c008:  70%|███████   | 1354/1924 [00:42<00:18, 31.34it/s]
c008:  71%|███████   | 1358/1924 [00:42<00:18, 31.39it/s]
c008:  71%|███████   | 1362/1924 [00:42<00:17, 31.60it/s]
c008:  71%|███████   | 1366/1924 [00:42<00:18, 30.85it/s]
c008:  71%|███████   | 1370/1924 [00:43<00:17, 31.16it/s]
c008:  71%|███████▏  | 1374/1924 [00:43<00:17, 31.63it/s]
c008:  72%|███████▏  | 1378/1924 [00:43<00:17, 31.42it/s]
c008:  72%|███████▏  | 1382/1924 [00:43<00:17, 31.28it/s]
c008:  72%|███████▏  | 1386/1924 [00:43<00:16, 31.66it/s]
c008:  72%|███████▏  | 1390/1924 [00:43<00:16, 31.48it/s]
c008:  72%|███████▏  | 1394/1924 [00:43<00:16, 31.88it/s]
c008:  73%|███████▎  | 1398/1924 [00:43<00:16, 31.92it/s]
c008:  73%|███████▎  | 1402/1924 [00:44<00:16, 31.80it/s]
c008:  73%|███████▎  | 1406/1924 [00:44<00:16, 31.28it/s]
c008:  73%|███████▎  | 1410/1924 [00:44<00:16, 31.36it/s]
c008:  73%|███████▎  | 1414/1924 [00:44<00:16, 30.91it/s]
c008:  74%|███████▎  | 1418/1924 [00:44<00:16, 31.15it/s]
c008:  74%|███████▍  | 1422/1924 [00:44<00:15, 31.69it/s]
c008:  74%|███████▍  | 1426/1924 [00:44<00:15, 31.42it/s]
c008:  74%|███████▍  | 1430/1924 [00:44<00:16, 30.81it/s]
c008:  75%|███████▍  | 1434/1924 [00:45<00:15, 30.66it/s]
c008:  75%|███████▍  | 1438/1924 [00:45<00:15, 30.94it/s]
c008:  75%|███████▍  | 1442/1924 [00:45<00:15, 31.29it/s]
c008:  75%|███████▌  | 1446/1924 [00:45<00:14, 32.14it/s]
c008:  75%|███████▌  | 1450/1924 [00:45<00:14, 32.38it/s]
c008:  76%|███████▌  | 1454/1924 [00:45<00:14, 32.38it/s]
c008:  76%|███████▌  | 1458/1924 [00:45<00:14, 32.94it/s]
c008:  76%|███████▌  | 1462/1924 [00:45<00:14, 32.73it/s]
c008:  76%|███████▌  | 1466/1924 [00:46<00:14, 32.57it/s]
c008:  76%|███████▋  | 1470/1924 [00:46<00:13, 33.53it/s]
c008:  77%|███████▋  | 1474/1924 [00:46<00:13, 33.99it/s]
c008:  77%|███████▋  | 1478/1924 [00:46<00:13, 34.11it/s]
c008:  77%|███████▋  | 1482/1924 [00:46<00:13, 33.80it/s]
c008:  77%|███████▋  | 1486/1924 [00:46<00:13, 33.55it/s]
c008:  77%|███████▋  | 1490/1924 [00:46<00:12, 33.57it/s]
c008:  78%|███████▊  | 1494/1924 [00:46<00:12, 33.67it/s]
c008:  78%|███████▊  | 1498/1924 [00:47<00:13, 32.54it/s]
c008:  78%|███████▊  | 1502/1924 [00:47<00:13, 32.17it/s]
c008:  78%|███████▊  | 1506/1924 [00:47<00:13, 31.92it/s]
c008:  78%|███████▊  | 1510/1924 [00:47<00:13, 31.56it/s]
c008:  79%|███████▊  | 1514/1924 [00:47<00:12, 32.18it/s]
c008:  79%|███████▉  | 1518/1924 [00:47<00:12, 32.70it/s]
c008:  79%|███████▉  | 1522/1924 [00:47<00:12, 33.32it/s]
c008:  79%|███████▉  | 1526/1924 [00:47<00:11, 33.22it/s]
c008:  80%|███████▉  | 1530/1924 [00:47<00:11, 33.86it/s]
c008:  80%|███████▉  | 1534/1924 [00:48<00:11, 33.69it/s]
c008:  80%|███████▉  | 1538/1924 [00:48<00:11, 33.84it/s]
c008:  80%|████████  | 1542/1924 [00:48<00:11, 33.94it/s]
c008:  80%|████████  | 1546/1924 [00:48<00:11, 33.12it/s]
c008:  81%|████████  | 1550/1924 [00:48<00:11, 32.38it/s]
c008:  81%|████████  | 1554/1924 [00:48<00:11, 32.28it/s]
c008:  81%|████████  | 1558/1924 [00:48<00:11, 32.75it/s]
c008:  81%|████████  | 1562/1924 [00:48<00:11, 32.43it/s]
c008:  81%|████████▏ | 1566/1924 [00:49<00:11, 32.33it/s]
c008:  82%|████████▏ | 1570/1924 [00:49<00:10, 32.37it/s]
c008:  82%|████████▏ | 1574/1924 [00:49<00:10, 32.22it/s]
c008:  82%|████████▏ | 1578/1924 [00:49<00:10, 31.94it/s]
c008:  82%|████████▏ | 1582/1924 [00:49<00:10, 32.56it/s]
c008:  82%|████████▏ | 1586/1924 [00:49<00:10, 33.07it/s]
c008:  83%|████████▎ | 1590/1924 [00:49<00:10, 33.10it/s]
c008:  83%|████████▎ | 1594/1924 [00:49<00:10, 32.60it/s]
c008:  83%|████████▎ | 1598/1924 [00:50<00:09, 32.98it/s]
c008:  83%|████████▎ | 1602/1924 [00:50<00:09, 33.51it/s]
c008:  83%|████████▎ | 1606/1924 [00:50<00:09, 33.29it/s]
c008:  84%|████████▎ | 1610/1924 [00:50<00:09, 33.59it/s]
c008:  84%|████████▍ | 1614/1924 [00:50<00:09, 32.82it/s]
c008:  84%|████████▍ | 1618/1924 [00:50<00:09, 31.39it/s]
c008:  84%|████████▍ | 1622/1924 [00:50<00:09, 31.37it/s]
c008:  85%|████████▍ | 1626/1924 [00:50<00:09, 31.75it/s]
c008:  85%|████████▍ | 1630/1924 [00:51<00:09, 31.69it/s]
c008:  85%|████████▍ | 1634/1924 [00:51<00:09, 31.31it/s]
c008:  85%|████████▌ | 1638/1924 [00:51<00:09, 31.47it/s]
c008:  85%|████████▌ | 1642/1924 [00:51<00:08, 31.71it/s]
c008:  86%|████████▌ | 1646/1924 [00:51<00:08, 31.79it/s]
c008:  86%|████████▌ | 1650/1924 [00:51<00:08, 31.50it/s]
c008:  86%|████████▌ | 1654/1924 [00:51<00:08, 31.70it/s]
c008:  86%|████████▌ | 1658/1924 [00:51<00:08, 31.56it/s]
c008:  86%|████████▋ | 1662/1924 [00:52<00:08, 31.93it/s]
c008:  87%|████████▋ | 1666/1924 [00:52<00:08, 31.80it/s]
c008:  87%|████████▋ | 1670/1924 [00:52<00:08, 31.13it/s]
c008:  87%|████████▋ | 1674/1924 [00:52<00:07, 31.48it/s]
c008:  87%|████████▋ | 1678/1924 [00:52<00:07, 31.10it/s]
c008:  87%|████████▋ | 1682/1924 [00:52<00:07, 30.83it/s]
c008:  88%|████████▊ | 1686/1924 [00:52<00:07, 31.05it/s]
c008:  88%|████████▊ | 1690/1924 [00:52<00:07, 30.95it/s]
c008:  88%|████████▊ | 1694/1924 [00:53<00:07, 30.87it/s]
c008:  88%|████████▊ | 1698/1924 [00:53<00:07, 31.41it/s]
c008:  88%|████████▊ | 1702/1924 [00:53<00:07, 31.58it/s]
c008:  89%|████████▊ | 1706/1924 [00:53<00:06, 31.20it/s]
c008:  89%|████████▉ | 1710/1924 [00:53<00:06, 31.15it/s]
c008:  89%|████████▉ | 1714/1924 [00:53<00:06, 30.77it/s]
c008:  89%|████████▉ | 1718/1924 [00:53<00:06, 29.60it/s]
c008:  90%|████████▉ | 1722/1924 [00:54<00:06, 30.09it/s]
c008:  90%|████████▉ | 1726/1924 [00:54<00:06, 29.84it/s]
c008:  90%|████████▉ | 1730/1924 [00:54<00:06, 30.50it/s]
c008:  90%|█████████ | 1734/1924 [00:54<00:06, 30.96it/s]
c008:  90%|█████████ | 1738/1924 [00:54<00:05, 31.70it/s]
c008:  91%|█████████ | 1742/1924 [00:54<00:05, 31.37it/s]
c008:  91%|█████████ | 1746/1924 [00:54<00:05, 31.39it/s]
c008:  91%|█████████ | 1750/1924 [00:54<00:05, 31.62it/s]
c008:  91%|█████████ | 1754/1924 [00:55<00:05, 31.55it/s]
c008:  91%|█████████▏| 1758/1924 [00:55<00:05, 31.49it/s]
c008:  92%|█████████▏| 1762/1924 [00:55<00:05, 31.62it/s]
c008:  92%|█████████▏| 1766/1924 [00:55<00:05, 31.52it/s]
c008:  92%|█████████▏| 1770/1924 [00:55<00:04, 32.01it/s]
c008:  92%|█████████▏| 1774/1924 [00:55<00:04, 31.79it/s]
c008:  92%|█████████▏| 1778/1924 [00:55<00:04, 31.35it/s]
c008:  93%|█████████▎| 1782/1924 [00:55<00:04, 31.52it/s]
c008:  93%|█████████▎| 1786/1924 [00:56<00:04, 31.40it/s]
c008:  93%|█████████▎| 1790/1924 [00:56<00:04, 31.64it/s]
c008:  93%|█████████▎| 1794/1924 [00:56<00:04, 31.66it/s]
c008:  93%|█████████▎| 1798/1924 [00:56<00:03, 32.01it/s]
c008:  94%|█████████▎| 1802/1924 [00:56<00:03, 31.76it/s]
c008:  94%|█████████▍| 1806/1924 [00:56<00:03, 31.05it/s]
c008:  94%|█████████▍| 1810/1924 [00:56<00:03, 30.57it/s]
c008:  94%|█████████▍| 1814/1924 [00:56<00:03, 30.25it/s]
c008:  94%|█████████▍| 1818/1924 [00:57<00:03, 31.21it/s]
c008:  95%|█████████▍| 1822/1924 [00:57<00:03, 31.64it/s]
c008:  95%|█████████▍| 1826/1924 [00:57<00:03, 31.69it/s]
c008:  95%|█████████▌| 1830/1924 [00:57<00:02, 32.04it/s]
c008:  95%|█████████▌| 1834/1924 [00:57<00:02, 31.35it/s]
c008:  96%|█████████▌| 1838/1924 [00:57<00:02, 31.17it/s]
c008:  96%|█████████▌| 1842/1924 [00:57<00:02, 31.37it/s]
c008:  96%|█████████▌| 1846/1924 [00:57<00:02, 31.48it/s]
c008:  96%|█████████▌| 1850/1924 [00:58<00:02, 31.27it/s]
c008:  96%|█████████▋| 1854/1924 [00:58<00:02, 31.56it/s]
c008:  97%|█████████▋| 1858/1924 [00:58<00:02, 32.41it/s]
c008:  97%|█████████▋| 1862/1924 [00:58<00:01, 32.70it/s]
c008:  97%|█████████▋| 1866/1924 [00:58<00:01, 33.41it/s]
c008:  97%|█████████▋| 1870/1924 [00:58<00:01, 33.05it/s]
c008:  97%|█████████▋| 1874/1924 [00:58<00:01, 32.94it/s]
c008:  98%|█████████▊| 1878/1924 [00:58<00:01, 33.06it/s]
c008:  98%|█████████▊| 1882/1924 [00:59<00:01, 33.42it/s]
c008:  98%|█████████▊| 1886/1924 [00:59<00:01, 33.42it/s]
c008:  98%|█████████▊| 1890/1924 [00:59<00:01, 33.21it/s]
c008:  98%|█████████▊| 1894/1924 [00:59<00:00, 32.98it/s]
c008:  99%|█████████▊| 1898/1924 [00:59<00:00, 32.15it/s]
c008:  99%|█████████▉| 1902/1924 [00:59<00:00, 32.65it/s]
c008:  99%|█████████▉| 1906/1924 [00:59<00:00, 32.03it/s]
c008:  99%|█████████▉| 1910/1924 [00:59<00:00, 31.10it/s]
c008:  99%|█████████▉| 1914/1924 [01:00<00:00, 31.81it/s]
c008: 100%|█████████▉| 1918/1924 [01:00<00:00, 32.25it/s]
c008: 100%|█████████▉| 1922/1924 [01:00<00:00, 31.87it/s]
c008: 100%|██████████| 1924/1924 [01:00<00:00, 31.87it/s]

c009:   0%|          | 0/2110 [00:00<?, ?it/s]
c009:   0%|          | 4/2110 [00:00<01:03, 33.19it/s]
c009:   0%|          | 8/2110 [00:00<01:03, 33.22it/s]
c009:   1%|          | 12/2110 [00:00<01:04, 32.75it/s]
c009:   1%|          | 16/2110 [00:00<01:07, 30.87it/s]
c009:   1%|          | 20/2110 [00:00<01:07, 30.74it/s]
c009:   1%|          | 24/2110 [00:00<01:06, 31.17it/s]
c009:   1%|▏         | 28/2110 [00:00<01:05, 31.58it/s]
c009:   2%|▏         | 32/2110 [00:01<01:07, 30.80it/s]
c009:   2%|▏         | 36/2110 [00:01<01:06, 31.02it/s]
c009:   2%|▏         | 40/2110 [00:01<01:05, 31.40it/s]
c009:   2%|▏         | 44/2110 [00:01<01:06, 30.99it/s]
c009:   2%|▏         | 48/2110 [00:01<01:06, 31.13it/s]
c009:   2%|▏         | 52/2110 [00:01<01:06, 30.73it/s]
c009:   3%|▎         | 56/2110 [00:01<01:06, 30.78it/s]
c009:   3%|▎         | 60/2110 [00:01<01:06, 31.01it/s]
c009:   3%|▎         | 64/2110 [00:02<01:06, 30.92it/s]
c009:   3%|▎         | 68/2110 [00:02<01:05, 31.01it/s]
c009:   3%|▎         | 72/2110 [00:02<01:05, 30.89it/s]
c009:   4%|▎         | 76/2110 [00:02<01:03, 31.80it/s]
c009:   4%|▍         | 80/2110 [00:02<01:03, 31.99it/s]
c009:   4%|▍         | 84/2110 [00:02<01:02, 32.31it/s]
c009:   4%|▍         | 88/2110 [00:02<01:02, 32.43it/s]
c009:   4%|▍         | 92/2110 [00:02<01:03, 31.76it/s]
c009:   5%|▍         | 96/2110 [00:03<01:02, 32.02it/s]
c009:   5%|▍         | 100/2110 [00:03<01:01, 32.72it/s]
c009:   5%|▍         | 104/2110 [00:03<01:00, 32.91it/s]
c009:   5%|▌         | 108/2110 [00:03<00:59, 33.37it/s]
c009:   5%|▌         | 112/2110 [00:03<01:00, 33.19it/s]
c009:   5%|▌         | 116/2110 [00:03<01:00, 33.20it/s]
c009:   6%|▌         | 120/2110 [00:03<01:00, 32.73it/s]
c009:   6%|▌         | 124/2110 [00:03<01:02, 31.60it/s]
c009:   6%|▌         | 128/2110 [00:04<01:04, 30.84it/s]
c009:   6%|▋         | 132/2110 [00:04<01:05, 30.21it/s]
c009:   6%|▋         | 136/2110 [00:04<01:07, 29.36it/s]
c009:   7%|▋         | 139/2110 [00:04<01:09, 28.50it/s]
c009:   7%|▋         | 142/2110 [00:04<01:09, 28.26it/s]
c009:   7%|▋         | 145/2110 [00:04<01:10, 27.70it/s]
c009:   7%|▋         | 149/2110 [00:04<01:07, 28.92it/s]
c009:   7%|▋         | 152/2110 [00:04<01:07, 28.83it/s]
c009:   7%|▋         | 156/2110 [00:05<01:05, 29.61it/s]
c009:   8%|▊         | 159/2110 [00:05<01:05, 29.57it/s]
c009:   8%|▊         | 162/2110 [00:05<01:06, 29.43it/s]
c009:   8%|▊         | 165/2110 [00:05<01:06, 29.30it/s]
c009:   8%|▊         | 168/2110 [00:05<01:06, 29.04it/s]
c009:   8%|▊         | 171/2110 [00:05<01:06, 29.05it/s]
c009:   8%|▊         | 175/2110 [00:05<01:05, 29.56it/s]
c009:   8%|▊         | 179/2110 [00:05<01:03, 30.29it/s]
c009:   9%|▊         | 183/2110 [00:05<01:03, 30.57it/s]
c009:   9%|▉         | 187/2110 [00:06<01:02, 30.82it/s]
c009:   9%|▉         | 191/2110 [00:06<01:03, 30.41it/s]
c009:   9%|▉         | 195/2110 [00:06<01:01, 31.10it/s]
c009:   9%|▉         | 199/2110 [00:06<01:00, 31.68it/s]
c009:  10%|▉         | 203/2110 [00:06<01:01, 31.22it/s]
c009:  10%|▉         | 207/2110 [00:06<01:01, 30.71it/s]
c009:  10%|█         | 211/2110 [00:06<01:00, 31.16it/s]
c009:  10%|█         | 215/2110 [00:06<01:01, 30.84it/s]
c009:  10%|█         | 219/2110 [00:07<01:00, 31.07it/s]
c009:  11%|█         | 223/2110 [00:07<01:00, 31.20it/s]
c009:  11%|█         | 227/2110 [00:07<00:59, 31.66it/s]
c009:  11%|█         | 231/2110 [00:07<00:59, 31.67it/s]
c009:  11%|█         | 235/2110 [00:07<00:58, 31.92it/s]
c009:  11%|█▏        | 239/2110 [00:07<00:58, 32.25it/s]
c009:  12%|█▏        | 243/2110 [00:07<00:57, 32.58it/s]
c009:  12%|█▏        | 247/2110 [00:07<00:56, 32.77it/s]
c009:  12%|█▏        | 251/2110 [00:08<00:56, 32.84it/s]
c009:  12%|█▏        | 255/2110 [00:08<00:56, 32.70it/s]
c009:  12%|█▏        | 259/2110 [00:08<00:56, 32.96it/s]
c009:  12%|█▏        | 263/2110 [00:08<00:56, 32.92it/s]
c009:  13%|█▎        | 267/2110 [00:08<00:56, 32.80it/s]
c009:  13%|█▎        | 271/2110 [00:08<00:57, 32.20it/s]
c009:  13%|█▎        | 275/2110 [00:08<00:58, 31.61it/s]
c009:  13%|█▎        | 279/2110 [00:08<00:58, 31.22it/s]
c009:  13%|█▎        | 283/2110 [00:09<00:58, 31.14it/s]
c009:  14%|█▎        | 287/2110 [00:09<00:58, 30.95it/s]
c009:  14%|█▍        | 291/2110 [00:09<00:58, 31.02it/s]
c009:  14%|█▍        | 295/2110 [00:09<00:58, 30.99it/s]
c009:  14%|█▍        | 299/2110 [00:09<00:58, 31.08it/s]
c009:  14%|█▍        | 303/2110 [00:09<00:57, 31.44it/s]
c009:  15%|█▍        | 307/2110 [00:09<00:56, 31.74it/s]
c009:  15%|█▍        | 311/2110 [00:09<00:57, 31.44it/s]
c009:  15%|█▍        | 315/2110 [00:10<00:56, 31.52it/s]
c009:  15%|█▌        | 319/2110 [00:10<00:56, 31.90it/s]
c009:  15%|█▌        | 323/2110 [00:10<00:56, 31.48it/s]
c009:  15%|█▌        | 327/2110 [00:10<00:56, 31.39it/s]
c009:  16%|█▌        | 331/2110 [00:10<00:56, 31.50it/s]
c009:  16%|█▌        | 335/2110 [00:10<00:57, 30.87it/s]
c009:  16%|█▌        | 339/2110 [00:10<00:57, 30.98it/s]
c009:  16%|█▋        | 343/2110 [00:11<00:58, 29.98it/s]
c009:  16%|█▋        | 347/2110 [00:11<00:58, 30.26it/s]
c009:  17%|█▋        | 351/2110 [00:11<00:58, 30.26it/s]
c009:  17%|█▋        | 355/2110 [00:11<00:57, 30.27it/s]
c009:  17%|█▋        | 359/2110 [00:11<00:57, 30.51it/s]
c009:  17%|█▋        | 363/2110 [00:11<00:57, 30.57it/s]
c009:  17%|█▋        | 367/2110 [00:11<00:54, 31.71it/s]
c009:  18%|█▊        | 371/2110 [00:11<00:54, 31.65it/s]
c009:  18%|█▊        | 375/2110 [00:12<00:55, 31.14it/s]
c009:  18%|█▊        | 379/2110 [00:12<00:55, 31.29it/s]
c009:  18%|█▊        | 383/2110 [00:12<00:55, 30.86it/s]
c009:  18%|█▊        | 387/2110 [00:12<00:54, 31.38it/s]
c009:  19%|█▊        | 391/2110 [00:12<00:54, 31.73it/s]
c009:  19%|█▊        | 395/2110 [00:12<00:53, 32.05it/s]
c009:  19%|█▉        | 399/2110 [00:12<00:53, 32.26it/s]
c009:  19%|█▉        | 403/2110 [00:12<00:52, 32.45it/s]
c009:  19%|█▉        | 407/2110 [00:13<00:52, 32.25it/s]
c009:  19%|█▉        | 411/2110 [00:13<00:52, 32.26it/s]
c009:  20%|█▉        | 415/2110 [00:13<00:53, 31.94it/s]
c009:  20%|█▉        | 419/2110 [00:13<00:52, 32.23it/s]
c009:  20%|██        | 423/2110 [00:13<00:51, 32.62it/s]
c009:  20%|██        | 427/2110 [00:13<00:51, 32.99it/s]
c009:  20%|██        | 431/2110 [00:13<00:51, 32.78it/s]
c009:  21%|██        | 435/2110 [00:13<00:51, 32.58it/s]
c009:  21%|██        | 439/2110 [00:14<00:51, 32.69it/s]
c009:  21%|██        | 443/2110 [00:14<00:51, 32.57it/s]
c009:  21%|██        | 447/2110 [00:14<00:51, 32.21it/s]
c009:  21%|██▏       | 451/2110 [00:14<00:51, 31.98it/s]
c009:  22%|██▏       | 455/2110 [00:14<00:52, 31.77it/s]
c009:  22%|██▏       | 459/2110 [00:14<00:52, 31.29it/s]
c009:  22%|██▏       | 463/2110 [00:14<00:53, 30.82it/s]
c009:  22%|██▏       | 467/2110 [00:14<00:54, 30.31it/s]
c009:  22%|██▏       | 471/2110 [00:15<00:54, 30.02it/s]
c009:  23%|██▎       | 475/2110 [00:15<00:53, 30.49it/s]
c009:  23%|██▎       | 479/2110 [00:15<00:54, 29.97it/s]
c009:  23%|██▎       | 483/2110 [00:15<00:55, 29.55it/s]
c009:  23%|██▎       | 487/2110 [00:15<00:54, 29.88it/s]
c009:  23%|██▎       | 491/2110 [00:15<00:53, 30.38it/s]
c009:  23%|██▎       | 495/2110 [00:15<00:52, 30.72it/s]
c009:  24%|██▎       | 499/2110 [00:15<00:52, 30.84it/s]
c009:  24%|██▍       | 503/2110 [00:16<00:51, 31.00it/s]
c009:  24%|██▍       | 507/2110 [00:16<00:52, 30.80it/s]
c009:  24%|██▍       | 511/2110 [00:16<00:50, 31.59it/s]
c009:  24%|██▍       | 515/2110 [00:16<00:49, 32.16it/s]
c009:  25%|██▍       | 519/2110 [00:16<00:49, 32.29it/s]
c009:  25%|██▍       | 523/2110 [00:16<00:49, 31.79it/s]
c009:  25%|██▍       | 527/2110 [00:16<00:49, 32.01it/s]
c009:  25%|██▌       | 531/2110 [00:16<00:49, 31.95it/s]
c009:  25%|██▌       | 535/2110 [00:17<00:48, 32.34it/s]
c009:  26%|██▌       | 539/2110 [00:17<00:48, 32.25it/s]
c009:  26%|██▌       | 543/2110 [00:17<00:50, 31.18it/s]
c009:  26%|██▌       | 547/2110 [00:17<00:49, 31.34it/s]
c009:  26%|██▌       | 551/2110 [00:17<00:49, 31.51it/s]
c009:  26%|██▋       | 555/2110 [00:17<00:48, 31.89it/s]
c009:  26%|██▋       | 559/2110 [00:17<00:47, 32.52it/s]
c009:  27%|██▋       | 563/2110 [00:17<00:47, 32.61it/s]
c009:  27%|██▋       | 567/2110 [00:18<00:46, 33.11it/s]
c009:  27%|██▋       | 571/2110 [00:18<00:46, 33.39it/s]
c009:  27%|██▋       | 575/2110 [00:18<00:45, 33.66it/s]
c009:  27%|██▋       | 579/2110 [00:18<00:45, 33.99it/s]
c009:  28%|██▊       | 583/2110 [00:18<00:44, 33.94it/s]
c009:  28%|██▊       | 587/2110 [00:18<00:45, 33.60it/s]
c009:  28%|██▊       | 591/2110 [00:18<00:46, 32.89it/s]
c009:  28%|██▊       | 595/2110 [00:18<00:45, 33.09it/s]
c009:  28%|██▊       | 599/2110 [00:19<00:45, 33.16it/s]
c009:  29%|██▊       | 603/2110 [00:19<00:45, 33.10it/s]
c009:  29%|██▉       | 607/2110 [00:19<00:44, 33.62it/s]
c009:  29%|██▉       | 611/2110 [00:19<00:45, 33.02it/s]
c009:  29%|██▉       | 615/2110 [00:19<00:44, 33.24it/s]
c009:  29%|██▉       | 619/2110 [00:19<00:44, 33.15it/s]
c009:  30%|██▉       | 623/2110 [00:19<00:46, 32.06it/s]
c009:  30%|██▉       | 627/2110 [00:19<00:46, 31.98it/s]
c009:  30%|██▉       | 631/2110 [00:20<00:46, 31.72it/s]
c009:  30%|███       | 635/2110 [00:20<00:46, 31.83it/s]
c009:  30%|███       | 639/2110 [00:20<00:45, 32.05it/s]
c009:  30%|███       | 643/2110 [00:20<00:45, 31.96it/s]
c009:  31%|███       | 647/2110 [00:20<00:45, 32.02it/s]
c009:  31%|███       | 651/2110 [00:20<00:45, 32.19it/s]
c009:  31%|███       | 655/2110 [00:20<00:44, 32.65it/s]
c009:  31%|███       | 659/2110 [00:20<00:44, 32.98it/s]
c009:  31%|███▏      | 663/2110 [00:21<00:43, 33.21it/s]
c009:  32%|███▏      | 667/2110 [00:21<00:42, 33.79it/s]
c009:  32%|███▏      | 671/2110 [00:21<00:42, 33.71it/s]
c009:  32%|███▏      | 675/2110 [00:21<00:42, 33.67it/s]
c009:  32%|███▏      | 679/2110 [00:21<00:42, 33.30it/s]
c009:  32%|███▏      | 683/2110 [00:21<00:43, 32.95it/s]
c009:  33%|███▎      | 687/2110 [00:21<00:43, 32.97it/s]
c009:  33%|███▎      | 691/2110 [00:21<00:43, 32.77it/s]
c009:  33%|███▎      | 695/2110 [00:21<00:45, 31.31it/s]
c009:  33%|███▎      | 699/2110 [00:22<00:44, 31.80it/s]
c009:  33%|███▎      | 703/2110 [00:22<00:44, 31.37it/s]
c009:  34%|███▎      | 707/2110 [00:22<00:44, 31.55it/s]
c009:  34%|███▎      | 711/2110 [00:22<00:44, 31.58it/s]
c009:  34%|███▍      | 715/2110 [00:22<00:43, 32.22it/s]
c009:  34%|███▍      | 719/2110 [00:22<00:43, 32.08it/s]
c009:  34%|███▍      | 723/2110 [00:22<00:42, 32.57it/s]
c009:  34%|███▍      | 727/2110 [00:22<00:41, 33.20it/s]
c009:  35%|███▍      | 731/2110 [00:23<00:41, 33.40it/s]
c009:  35%|███▍      | 735/2110 [00:23<00:41, 33.51it/s]
c009:  35%|███▌      | 739/2110 [00:23<00:40, 33.78it/s]
c009:  35%|███▌      | 743/2110 [00:23<00:41, 32.62it/s]
c009:  35%|███▌      | 747/2110 [00:23<00:45, 30.21it/s]
c009:  36%|███▌      | 751/2110 [00:23<00:43, 30.99it/s]
c009:  36%|███▌      | 755/2110 [00:23<00:43, 30.93it/s]
c009:  36%|███▌      | 759/2110 [00:24<00:44, 30.51it/s]
c009:  36%|███▌      | 763/2110 [00:24<00:44, 30.24it/s]
c009:  36%|███▋      | 767/2110 [00:24<00:44, 30.12it/s]
c009:  37%|███▋      | 771/2110 [00:24<00:43, 30.67it/s]
c009:  37%|███▋      | 775/2110 [00:24<00:42, 31.09it/s]
c009:  37%|███▋      | 779/2110 [00:24<00:42, 31.47it/s]
c009:  37%|███▋      | 783/2110 [00:24<00:41, 31.61it/s]
c009:  37%|███▋      | 787/2110 [00:24<00:41, 31.83it/s]
c009:  37%|███▋      | 791/2110 [00:25<00:41, 31.70it/s]
c009:  38%|███▊      | 795/2110 [00:25<00:40, 32.40it/s]
c009:  38%|███▊      | 799/2110 [00:25<00:39, 32.94it/s]
c009:  38%|███▊      | 803/2110 [00:25<00:40, 32.60it/s]
c009:  38%|███▊      | 807/2110 [00:25<00:39, 32.78it/s]
c009:  38%|███▊      | 811/2110 [00:25<00:39, 32.80it/s]
c009:  39%|███▊      | 815/2110 [00:25<00:40, 32.00it/s]
c009:  39%|███▉      | 819/2110 [00:25<00:39, 32.35it/s]
c009:  39%|███▉      | 823/2110 [00:25<00:39, 32.78it/s]
c009:  39%|███▉      | 827/2110 [00:26<00:38, 32.98it/s]
c009:  39%|███▉      | 831/2110 [00:26<00:38, 32.98it/s]
c009:  40%|███▉      | 835/2110 [00:26<00:38, 32.95it/s]
c009:  40%|███▉      | 839/2110 [00:26<00:38, 33.10it/s]
c009:  40%|███▉      | 843/2110 [00:26<00:38, 33.18it/s]
c009:  40%|████      | 847/2110 [00:26<00:37, 33.43it/s]
c009:  40%|████      | 851/2110 [00:26<00:37, 33.27it/s]
c009:  41%|████      | 855/2110 [00:26<00:37, 33.77it/s]
c009:  41%|████      | 859/2110 [00:27<00:36, 34.19it/s]
c009:  41%|████      | 863/2110 [00:27<00:36, 33.81it/s]
c009:  41%|████      | 867/2110 [00:27<00:36, 33.81it/s]
c009:  41%|████▏     | 871/2110 [00:27<00:36, 33.89it/s]
c009:  41%|████▏     | 875/2110 [00:27<00:36, 33.76it/s]
c009:  42%|████▏     | 879/2110 [00:27<00:36, 33.62it/s]
c009:  42%|████▏     | 883/2110 [00:27<00:37, 32.96it/s]
c009:  42%|████▏     | 887/2110 [00:27<00:38, 31.70it/s]
c009:  42%|████▏     | 891/2110 [00:28<00:40, 30.19it/s]
c009:  42%|████▏     | 895/2110 [00:28<00:40, 29.72it/s]
c009:  43%|████▎     | 899/2110 [00:28<00:40, 30.09it/s]
c009:  43%|████▎     | 903/2110 [00:28<00:39, 30.49it/s]
c009:  43%|████▎     | 907/2110 [00:28<00:40, 30.07it/s]
c009:  43%|████▎     | 911/2110 [00:28<00:39, 30.07it/s]
c009:  43%|████▎     | 915/2110 [00:28<00:40, 29.55it/s]
c009:  44%|████▎     | 918/2110 [00:28<00:41, 28.91it/s]
c009:  44%|████▎     | 921/2110 [00:29<00:41, 28.38it/s]
c009:  44%|████▍     | 924/2110 [00:29<00:41, 28.58it/s]
c009:  44%|████▍     | 927/2110 [00:29<00:41, 28.73it/s]
c009:  44%|████▍     | 931/2110 [00:29<00:39, 29.92it/s]
c009:  44%|████▍     | 935/2110 [00:29<00:38, 30.22it/s]
c009:  45%|████▍     | 939/2110 [00:29<00:38, 30.50it/s]
c009:  45%|████▍     | 943/2110 [00:29<00:38, 30.27it/s]
c009:  45%|████▍     | 947/2110 [00:29<00:38, 30.54it/s]
c009:  45%|████▌     | 951/2110 [00:30<00:37, 30.63it/s]
c009:  45%|████▌     | 955/2110 [00:30<00:37, 30.55it/s]
c009:  45%|████▌     | 959/2110 [00:30<00:37, 30.42it/s]
c009:  46%|████▌     | 963/2110 [00:30<00:37, 30.57it/s]
c009:  46%|████▌     | 967/2110 [00:30<00:36, 31.04it/s]
c009:  46%|████▌     | 971/2110 [00:30<00:37, 30.20it/s]
c009:  46%|████▌     | 975/2110 [00:30<00:37, 30.33it/s]
c009:  46%|████▋     | 979/2110 [00:30<00:36, 31.04it/s]
c009:  47%|████▋     | 983/2110 [00:31<00:35, 31.68it/s]
c009:  47%|████▋     | 987/2110 [00:31<00:34, 32.14it/s]
c009:  47%|████▋     | 991/2110 [00:31<00:34, 32.05it/s]
c009:  47%|████▋     | 995/2110 [00:31<00:34, 32.21it/s]
c009:  47%|████▋     | 999/2110 [00:31<00:35, 31.63it/s]
c009:  48%|████▊     | 1003/2110 [00:31<00:34, 31.81it/s]
c009:  48%|████▊     | 1007/2110 [00:31<00:34, 32.03it/s]
c009:  48%|████▊     | 1011/2110 [00:31<00:34, 31.44it/s]
c009:  48%|████▊     | 1015/2110 [00:32<00:34, 31.60it/s]
c009:  48%|████▊     | 1019/2110 [00:32<00:34, 31.30it/s]
c009:  48%|████▊     | 1023/2110 [00:32<00:34, 31.37it/s]
c009:  49%|████▊     | 1027/2110 [00:32<00:34, 31.76it/s]
c009:  49%|████▉     | 1031/2110 [00:32<00:33, 31.94it/s]
c009:  49%|████▉     | 1035/2110 [00:32<00:33, 31.68it/s]
c009:  49%|████▉     | 1039/2110 [00:32<00:34, 31.49it/s]
c009:  49%|████▉     | 1043/2110 [00:33<00:34, 31.02it/s]
c009:  50%|████▉     | 1047/2110 [00:33<00:34, 31.16it/s]
c009:  50%|████▉     | 1051/2110 [00:33<00:33, 31.65it/s]
c009:  50%|█████     | 1055/2110 [00:33<00:32, 32.35it/s]
c009:  50%|█████     | 1059/2110 [00:33<00:32, 32.32it/s]
c009:  50%|█████     | 1063/2110 [00:33<00:32, 32.13it/s]
c009:  51%|█████     | 1067/2110 [00:33<00:32, 32.12it/s]
c009:  51%|█████     | 1071/2110 [00:33<00:32, 32.08it/s]
c009:  51%|█████     | 1075/2110 [00:34<00:33, 31.09it/s]
c009:  51%|█████     | 1079/2110 [00:34<00:33, 31.08it/s]
c009:  51%|█████▏    | 1083/2110 [00:34<00:32, 31.27it/s]
c009:  52%|█████▏    | 1087/2110 [00:34<00:32, 31.62it/s]
c009:  52%|█████▏    | 1091/2110 [00:34<00:32, 31.80it/s]
c009:  52%|█████▏    | 1095/2110 [00:34<00:31, 32.21it/s]
c009:  52%|█████▏    | 1099/2110 [00:34<00:30, 32.65it/s]
c009:  52%|█████▏    | 1103/2110 [00:34<00:30, 32.71it/s]
c009:  52%|█████▏    | 1107/2110 [00:35<00:30, 32.36it/s]
c009:  53%|█████▎    | 1111/2110 [00:35<00:31, 31.67it/s]
c009:  53%|█████▎    | 1115/2110 [00:35<00:31, 31.81it/s]
c009:  53%|█████▎    | 1119/2110 [00:35<00:30, 32.19it/s]
c009:  53%|█████▎    | 1123/2110 [00:35<00:30, 32.59it/s]
c009:  53%|█████▎    | 1127/2110 [00:35<00:30, 32.67it/s]
c009:  54%|█████▎    | 1131/2110 [00:35<00:30, 32.50it/s]
c009:  54%|█████▍    | 1135/2110 [00:35<00:30, 32.25it/s]
c009:  54%|█████▍    | 1139/2110 [00:35<00:29, 32.45it/s]
c009:  54%|█████▍    | 1143/2110 [00:36<00:29, 32.51it/s]
c009:  54%|█████▍    | 1147/2110 [00:36<00:29, 32.76it/s]
c009:  55%|█████▍    | 1151/2110 [00:36<00:29, 32.48it/s]
c009:  55%|█████▍    | 1155/2110 [00:36<00:28, 32.96it/s]
c009:  55%|█████▍    | 1159/2110 [00:36<00:28, 33.66it/s]
c009:  55%|█████▌    | 1163/2110 [00:36<00:28, 33.73it/s]
c009:  55%|█████▌    | 1167/2110 [00:36<00:28, 33.40it/s]
c009:  55%|█████▌    | 1171/2110 [00:36<00:28, 33.08it/s]
c009:  56%|█████▌    | 1175/2110 [00:37<00:28, 32.33it/s]
c009:  56%|█████▌    | 1179/2110 [00:37<00:29, 32.03it/s]
c009:  56%|█████▌    | 1183/2110 [00:37<00:28, 31.99it/s]
c009:  56%|█████▋    | 1187/2110 [00:37<00:28, 31.83it/s]
c009:  56%|█████▋    | 1191/2110 [00:37<00:28, 32.02it/s]
c009:  57%|█████▋    | 1195/2110 [00:37<00:28, 32.46it/s]
c009:  57%|█████▋    | 1199/2110 [00:37<00:27, 32.84it/s]
c009:  57%|█████▋    | 1203/2110 [00:37<00:27, 32.52it/s]
c009:  57%|█████▋    | 1207/2110 [00:38<00:27, 32.64it/s]
c009:  57%|█████▋    | 1211/2110 [00:38<00:28, 32.06it/s]
c009:  58%|█████▊    | 1215/2110 [00:38<00:27, 32.63it/s]
c009:  58%|█████▊    | 1219/2110 [00:38<00:26, 33.03it/s]
c009:  58%|█████▊    | 1223/2110 [00:38<00:27, 32.26it/s]
c009:  58%|█████▊    | 1227/2110 [00:38<00:27, 31.88it/s]
c009:  58%|█████▊    | 1231/2110 [00:38<00:27, 31.78it/s]
c009:  59%|█████▊    | 1235/2110 [00:38<00:27, 31.65it/s]
c009:  59%|█████▊    | 1239/2110 [00:39<00:27, 31.75it/s]
c009:  59%|█████▉    | 1243/2110 [00:39<00:26, 32.16it/s]
c009:  59%|█████▉    | 1247/2110 [00:39<00:27, 31.50it/s]
c009:  59%|█████▉    | 1251/2110 [00:39<00:27, 30.74it/s]
c009:  59%|█████▉    | 1255/2110 [00:39<00:29, 29.07it/s]
c009:  60%|█████▉    | 1258/2110 [00:39<00:29, 29.19it/s]
c009:  60%|█████▉    | 1262/2110 [00:39<00:28, 30.21it/s]
c009:  60%|██████    | 1266/2110 [00:39<00:27, 31.17it/s]
c009:  60%|██████    | 1270/2110 [00:40<00:26, 31.42it/s]
c009:  60%|██████    | 1274/2110 [00:40<00:26, 31.15it/s]
c009:  61%|██████    | 1278/2110 [00:40<00:26, 31.63it/s]
c009:  61%|██████    | 1282/2110 [00:40<00:25, 31.95it/s]
c009:  61%|██████    | 1286/2110 [00:40<00:25, 31.96it/s]
c009:  61%|██████    | 1290/2110 [00:40<00:25, 31.95it/s]
c009:  61%|██████▏   | 1294/2110 [00:40<00:25, 31.61it/s]
c009:  62%|██████▏   | 1298/2110 [00:40<00:25, 31.41it/s]
c009:  62%|██████▏   | 1302/2110 [00:41<00:25, 31.67it/s]
c009:  62%|██████▏   | 1306/2110 [00:41<00:25, 31.75it/s]
c009:  62%|██████▏   | 1310/2110 [00:41<00:25, 31.62it/s]
c009:  62%|██████▏   | 1314/2110 [00:41<00:25, 31.63it/s]
c009:  62%|██████▏   | 1318/2110 [00:41<00:25, 31.52it/s]
c009:  63%|██████▎   | 1322/2110 [00:41<00:25, 31.10it/s]
c009:  63%|██████▎   | 1326/2110 [00:41<00:24, 31.99it/s]
c009:  63%|██████▎   | 1330/2110 [00:41<00:24, 32.47it/s]
c009:  63%|██████▎   | 1334/2110 [00:42<00:24, 31.70it/s]
c009:  63%|██████▎   | 1338/2110 [00:42<00:23, 32.43it/s]
c009:  64%|██████▎   | 1342/2110 [00:42<00:24, 31.91it/s]
c009:  64%|██████▍   | 1346/2110 [00:42<00:24, 31.73it/s]
c009:  64%|██████▍   | 1350/2110 [00:42<00:24, 31.61it/s]
c009:  64%|██████▍   | 1354/2110 [00:42<00:24, 31.50it/s]
c009:  64%|██████▍   | 1358/2110 [00:42<00:23, 31.76it/s]
c009:  65%|██████▍   | 1362/2110 [00:42<00:23, 32.18it/s]
c009:  65%|██████▍   | 1366/2110 [00:43<00:22, 32.37it/s]
c009:  65%|██████▍   | 1370/2110 [00:43<00:22, 32.67it/s]
c009:  65%|██████▌   | 1374/2110 [00:43<00:22, 32.84it/s]
c009:  65%|██████▌   | 1378/2110 [00:43<00:22, 32.63it/s]
c009:  65%|██████▌   | 1382/2110 [00:43<00:22, 32.96it/s]
c009:  66%|██████▌   | 1386/2110 [00:43<00:21, 33.66it/s]
c009:  66%|██████▌   | 1390/2110 [00:43<00:21, 33.64it/s]
c009:  66%|██████▌   | 1394/2110 [00:43<00:21, 32.71it/s]
c009:  66%|██████▋   | 1398/2110 [00:44<00:22, 32.29it/s]
c009:  66%|██████▋   | 1402/2110 [00:44<00:22, 31.86it/s]
c009:  67%|██████▋   | 1406/2110 [00:44<00:22, 31.58it/s]
c009:  67%|██████▋   | 1410/2110 [00:44<00:22, 31.69it/s]
c009:  67%|██████▋   | 1414/2110 [00:44<00:21, 31.70it/s]
c009:  67%|██████▋   | 1418/2110 [00:44<00:21, 31.59it/s]
c009:  67%|██████▋   | 1422/2110 [00:44<00:21, 31.68it/s]
c009:  68%|██████▊   | 1426/2110 [00:44<00:21, 31.42it/s]
c009:  68%|██████▊   | 1430/2110 [00:45<00:21, 31.66it/s]
c009:  68%|██████▊   | 1434/2110 [00:45<00:21, 31.52it/s]
c009:  68%|██████▊   | 1438/2110 [00:45<00:21, 31.91it/s]
c009:  68%|██████▊   | 1442/2110 [00:45<00:21, 31.72it/s]
c009:  69%|██████▊   | 1446/2110 [00:45<00:20, 31.91it/s]
c009:  69%|██████▊   | 1450/2110 [00:45<00:20, 31.57it/s]
c009:  69%|██████▉   | 1454/2110 [00:45<00:20, 31.69it/s]
c009:  69%|██████▉   | 1458/2110 [00:45<00:20, 31.98it/s]
c009:  69%|██████▉   | 1462/2110 [00:46<00:20, 31.74it/s]
c009:  69%|██████▉   | 1466/2110 [00:46<00:20, 31.14it/s]
c009:  70%|██████▉   | 1470/2110 [00:46<00:20, 30.88it/s]
c009:  70%|██████▉   | 1474/2110 [00:46<00:20, 31.03it/s]
c009:  70%|███████   | 1478/2110 [00:46<00:20, 30.69it/s]
c009:  70%|███████   | 1482/2110 [00:46<00:20, 30.92it/s]
c009:  70%|███████   | 1486/2110 [00:46<00:20, 30.99it/s]
c009:  71%|███████   | 1490/2110 [00:47<00:20, 30.67it/s]
c009:  71%|███████   | 1494/2110 [00:47<00:20, 30.63it/s]
c009:  71%|███████   | 1498/2110 [00:47<00:19, 30.90it/s]
c009:  71%|███████   | 1502/2110 [00:47<00:19, 31.26it/s]
c009:  71%|███████▏  | 1506/2110 [00:47<00:19, 31.39it/s]
c009:  72%|███████▏  | 1510/2110 [00:47<00:18, 31.61it/s]
c009:  72%|███████▏  | 1514/2110 [00:47<00:18, 31.91it/s]
c009:  72%|███████▏  | 1518/2110 [00:47<00:18, 32.76it/s]
c009:  72%|███████▏  | 1522/2110 [00:48<00:18, 32.08it/s]
c009:  72%|███████▏  | 1526/2110 [00:48<00:18, 31.08it/s]
c009:  73%|███████▎  | 1530/2110 [00:48<00:19, 30.28it/s]
c009:  73%|███████▎  | 1534/2110 [00:48<00:19, 30.30it/s]
c009:  73%|███████▎  | 1538/2110 [00:48<00:19, 29.49it/s]
c009:  73%|███████▎  | 1541/2110 [00:48<00:19, 29.47it/s]
c009:  73%|███████▎  | 1544/2110 [00:48<00:19, 29.47it/s]
c009:  73%|███████▎  | 1548/2110 [00:48<00:18, 30.19it/s]
c009:  74%|███████▎  | 1552/2110 [00:49<00:18, 30.07it/s]
c009:  74%|███████▎  | 1556/2110 [00:49<00:18, 30.65it/s]
c009:  74%|███████▍  | 1560/2110 [00:49<00:17, 30.98it/s]
c009:  74%|███████▍  | 1564/2110 [00:49<00:17, 31.18it/s]
c009:  74%|███████▍  | 1568/2110 [00:49<00:17, 31.70it/s]
c009:  75%|███████▍  | 1572/2110 [00:49<00:17, 31.37it/s]
c009:  75%|███████▍  | 1576/2110 [00:49<00:17, 30.52it/s]
c009:  75%|███████▍  | 1580/2110 [00:49<00:17, 30.86it/s]
c009:  75%|███████▌  | 1584/2110 [00:50<00:17, 30.50it/s]
c009:  75%|███████▌  | 1588/2110 [00:50<00:16, 30.86it/s]
c009:  75%|███████▌  | 1592/2110 [00:50<00:16, 30.94it/s]
c009:  76%|███████▌  | 1596/2110 [00:50<00:16, 30.84it/s]
c009:  76%|███████▌  | 1600/2110 [00:50<00:16, 31.22it/s]
c009:  76%|███████▌  | 1604/2110 [00:50<00:16, 30.76it/s]
c009:  76%|███████▌  | 1608/2110 [00:50<00:16, 31.18it/s]
c009:  76%|███████▋  | 1612/2110 [00:50<00:16, 30.87it/s]
c009:  77%|███████▋  | 1616/2110 [00:51<00:15, 31.04it/s]
c009:  77%|███████▋  | 1620/2110 [00:51<00:15, 31.30it/s]
c009:  77%|███████▋  | 1624/2110 [00:51<00:15, 31.82it/s]
c009:  77%|███████▋  | 1628/2110 [00:51<00:14, 32.31it/s]
c009:  77%|███████▋  | 1632/2110 [00:51<00:14, 32.06it/s]
c009:  78%|███████▊  | 1636/2110 [00:51<00:14, 32.15it/s]
c009:  78%|███████▊  | 1640/2110 [00:51<00:14, 32.53it/s]
c009:  78%|███████▊  | 1644/2110 [00:51<00:14, 32.34it/s]
c009:  78%|███████▊  | 1648/2110 [00:52<00:14, 32.64it/s]
c009:  78%|███████▊  | 1652/2110 [00:52<00:14, 32.35it/s]
c009:  78%|███████▊  | 1656/2110 [00:52<00:14, 32.14it/s]
c009:  79%|███████▊  | 1660/2110 [00:52<00:13, 32.53it/s]
c009:  79%|███████▉  | 1664/2110 [00:52<00:13, 32.54it/s]
c009:  79%|███████▉  | 1668/2110 [00:52<00:13, 31.71it/s]
c009:  79%|███████▉  | 1672/2110 [00:52<00:13, 31.74it/s]
c009:  79%|███████▉  | 1676/2110 [00:52<00:13, 31.68it/s]
c009:  80%|███████▉  | 1680/2110 [00:53<00:13, 31.50it/s]
c009:  80%|███████▉  | 1684/2110 [00:53<00:13, 31.92it/s]
c009:  80%|████████  | 1688/2110 [00:53<00:13, 32.32it/s]
c009:  80%|████████  | 1692/2110 [00:53<00:12, 32.27it/s]
c009:  80%|████████  | 1696/2110 [00:53<00:12, 32.42it/s]
c009:  81%|████████  | 1700/2110 [00:53<00:12, 32.57it/s]
c009:  81%|████████  | 1704/2110 [00:53<00:12, 32.25it/s]
c009:  81%|████████  | 1708/2110 [00:53<00:12, 31.92it/s]
c009:  81%|████████  | 1712/2110 [00:54<00:12, 32.43it/s]
c009:  81%|████████▏ | 1716/2110 [00:54<00:12, 32.34it/s]
c009:  82%|████████▏ | 1720/2110 [00:54<00:11, 32.74it/s]
c009:  82%|████████▏ | 1724/2110 [00:54<00:11, 32.80it/s]
c009:  82%|████████▏ | 1728/2110 [00:54<00:11, 32.79it/s]
c009:  82%|████████▏ | 1732/2110 [00:54<00:11, 32.85it/s]
c009:  82%|████████▏ | 1736/2110 [00:54<00:11, 32.63it/s]
c009:  82%|████████▏ | 1740/2110 [00:54<00:11, 31.91it/s]
c009:  83%|████████▎ | 1744/2110 [00:55<00:11, 32.63it/s]
c009:  83%|████████▎ | 1748/2110 [00:55<00:10, 33.30it/s]
c009:  83%|████████▎ | 1752/2110 [00:55<00:10, 32.94it/s]
c009:  83%|████████▎ | 1756/2110 [00:55<00:10, 32.95it/s]
c009:  83%|████████▎ | 1760/2110 [00:55<00:10, 33.61it/s]
c009:  84%|████████▎ | 1764/2110 [00:55<00:10, 34.02it/s]
c009:  84%|████████▍ | 1768/2110 [00:55<00:09, 34.54it/s]
c009:  84%|████████▍ | 1772/2110 [00:55<00:09, 34.70it/s]
c009:  84%|████████▍ | 1776/2110 [00:55<00:09, 34.55it/s]
c009:  84%|████████▍ | 1780/2110 [00:56<00:09, 34.10it/s]
c009:  85%|████████▍ | 1784/2110 [00:56<00:09, 33.47it/s]
c009:  85%|████████▍ | 1788/2110 [00:56<00:09, 32.95it/s]
c009:  85%|████████▍ | 1792/2110 [00:56<00:09, 32.39it/s]
c009:  85%|████████▌ | 1796/2110 [00:56<00:09, 32.28it/s]
c009:  85%|████████▌ | 1800/2110 [00:56<00:09, 32.02it/s]
c009:  85%|████████▌ | 1804/2110 [00:56<00:09, 31.89it/s]
c009:  86%|████████▌ | 1808/2110 [00:57<00:09, 30.95it/s]
c009:  86%|████████▌ | 1812/2110 [00:57<00:09, 30.14it/s]
c009:  86%|████████▌ | 1816/2110 [00:57<00:09, 30.62it/s]
c009:  86%|████████▋ | 1820/2110 [00:57<00:09, 31.22it/s]
c009:  86%|████████▋ | 1824/2110 [00:57<00:09, 30.95it/s]
c009:  87%|████████▋ | 1828/2110 [00:57<00:09, 30.68it/s]
c009:  87%|████████▋ | 1832/2110 [00:57<00:09, 30.67it/s]
c009:  87%|████████▋ | 1836/2110 [00:57<00:08, 31.35it/s]
c009:  87%|████████▋ | 1840/2110 [00:58<00:08, 31.98it/s]
c009:  87%|████████▋ | 1844/2110 [00:58<00:08, 31.78it/s]
c009:  88%|████████▊ | 1848/2110 [00:58<00:08, 31.50it/s]
c009:  88%|████████▊ | 1852/2110 [00:58<00:08, 31.50it/s]
c009:  88%|████████▊ | 1856/2110 [00:58<00:08, 31.42it/s]
c009:  88%|████████▊ | 1860/2110 [00:58<00:07, 31.67it/s]
c009:  88%|████████▊ | 1864/2110 [00:58<00:07, 31.50it/s]
c009:  89%|████████▊ | 1868/2110 [00:58<00:07, 31.63it/s]
c009:  89%|████████▊ | 1872/2110 [00:59<00:07, 31.27it/s]
c009:  89%|████████▉ | 1876/2110 [00:59<00:07, 31.56it/s]
c009:  89%|████████▉ | 1880/2110 [00:59<00:07, 31.58it/s]
c009:  89%|████████▉ | 1884/2110 [00:59<00:07, 31.78it/s]
c009:  89%|████████▉ | 1888/2110 [00:59<00:07, 31.67it/s]
c009:  90%|████████▉ | 1892/2110 [00:59<00:06, 31.60it/s]
c009:  90%|████████▉ | 1896/2110 [00:59<00:06, 30.76it/s]
c009:  90%|█████████ | 1900/2110 [00:59<00:06, 31.04it/s]
c009:  90%|█████████ | 1904/2110 [01:00<00:06, 30.89it/s]
c009:  90%|█████████ | 1908/2110 [01:00<00:06, 30.39it/s]
c009:  91%|█████████ | 1912/2110 [01:00<00:06, 31.03it/s]
c009:  91%|█████████ | 1916/2110 [01:00<00:06, 31.81it/s]
c009:  91%|█████████ | 1920/2110 [01:00<00:05, 32.05it/s]
c009:  91%|█████████ | 1924/2110 [01:00<00:05, 32.61it/s]
c009:  91%|█████████▏| 1928/2110 [01:00<00:05, 32.78it/s]
c009:  92%|█████████▏| 1932/2110 [01:00<00:05, 32.25it/s]
c009:  92%|█████████▏| 1936/2110 [01:01<00:05, 32.65it/s]
c009:  92%|█████████▏| 1940/2110 [01:01<00:05, 33.08it/s]
c009:  92%|█████████▏| 1944/2110 [01:01<00:04, 33.32it/s]
c009:  92%|█████████▏| 1948/2110 [01:01<00:04, 33.37it/s]
c009:  93%|█████████▎| 1952/2110 [01:01<00:04, 32.73it/s]
c009:  93%|█████████▎| 1956/2110 [01:01<00:04, 32.91it/s]
c009:  93%|█████████▎| 1960/2110 [01:01<00:04, 33.49it/s]
c009:  93%|█████████▎| 1964/2110 [01:01<00:04, 33.82it/s]
c009:  93%|█████████▎| 1968/2110 [01:02<00:04, 33.35it/s]
c009:  93%|█████████▎| 1972/2110 [01:02<00:04, 32.27it/s]
c009:  94%|█████████▎| 1976/2110 [01:02<00:04, 32.13it/s]
c009:  94%|█████████▍| 1980/2110 [01:02<00:04, 32.03it/s]
c009:  94%|█████████▍| 1984/2110 [01:02<00:03, 32.50it/s]
c009:  94%|█████████▍| 1988/2110 [01:02<00:03, 32.86it/s]
c009:  94%|█████████▍| 1992/2110 [01:02<00:03, 32.35it/s]
c009:  95%|█████████▍| 1996/2110 [01:02<00:03, 32.38it/s]
c009:  95%|█████████▍| 2000/2110 [01:03<00:03, 32.54it/s]
c009:  95%|█████████▍| 2004/2110 [01:03<00:03, 32.18it/s]
c009:  95%|█████████▌| 2008/2110 [01:03<00:03, 32.86it/s]
c009:  95%|█████████▌| 2012/2110 [01:03<00:02, 33.17it/s]
c009:  96%|█████████▌| 2016/2110 [01:03<00:02, 33.51it/s]
c009:  96%|█████████▌| 2020/2110 [01:03<00:02, 33.33it/s]
c009:  96%|█████████▌| 2024/2110 [01:03<00:02, 32.78it/s]
c009:  96%|█████████▌| 2028/2110 [01:03<00:02, 32.65it/s]
c009:  96%|█████████▋| 2032/2110 [01:03<00:02, 32.78it/s]
c009:  96%|█████████▋| 2036/2110 [01:04<00:02, 33.05it/s]
c009:  97%|█████████▋| 2040/2110 [01:04<00:02, 32.98it/s]
c009:  97%|█████████▋| 2044/2110 [01:04<00:02, 32.98it/s]
c009:  97%|█████████▋| 2048/2110 [01:04<00:01, 32.97it/s]
c009:  97%|█████████▋| 2052/2110 [01:04<00:01, 32.75it/s]
c009:  97%|█████████▋| 2056/2110 [01:04<00:01, 32.85it/s]
c009:  98%|█████████▊| 2060/2110 [01:04<00:01, 32.40it/s]
c009:  98%|█████████▊| 2064/2110 [01:04<00:01, 31.78it/s]
c009:  98%|█████████▊| 2068/2110 [01:05<00:01, 31.49it/s]
c009:  98%|█████████▊| 2072/2110 [01:05<00:01, 31.02it/s]
c009:  98%|█████████▊| 2076/2110 [01:05<00:01, 31.16it/s]
c009:  99%|█████████▊| 2080/2110 [01:05<00:00, 31.19it/s]
c009:  99%|█████████▉| 2084/2110 [01:05<00:00, 31.03it/s]
c009:  99%|█████████▉| 2088/2110 [01:05<00:00, 30.24it/s]
c009:  99%|█████████▉| 2092/2110 [01:05<00:00, 29.68it/s]
c009:  99%|█████████▉| 2096/2110 [01:06<00:00, 30.05it/s]
c009: 100%|█████████▉| 2100/2110 [01:06<00:00, 30.60it/s]
c009: 100%|█████████▉| 2104/2110 [01:06<00:00, 31.40it/s]
c009: 100%|█████████▉| 2108/2110 [01:06<00:00, 32.12it/s]
c009: 100%|██████████| 2110/2110 [01:06<00:00, 31.75it/s]
c006: wrote frames to /home/likef/workspace/AIC21-MTMC/datasets/detection/images/test/S02/c006/img1
c007: wrote frames to /home/likef/workspace/AIC21-MTMC/datasets/detection/images/test/S02/c007/img1
c008: wrote frames to /home/likef/workspace/AIC21-MTMC/datasets/detection/images/test/S02/c008/img1
c009: wrote frames to /home/likef/workspace/AIC21-MTMC/datasets/detection/images/test/S02/c009/img1
