
  0%|          | 0/2039 [00:00<?, ?it/s]
  0%|          | 1/2039 [00:05<2:55:37,  5.17s/it]
  0%|          | 3/2039 [00:07<1:08:30,  2.02s/it]
  0%|          | 4/2039 [00:07<46:06,  1.36s/it]  
  0%|          | 5/2039 [00:08<50:39,  1.49s/it]
  0%|          | 6/2039 [00:08<35:37,  1.05s/it]
  0%|          | 7/2039 [00:10<44:10,  1.30s/it]
  0%|          | 9/2039 [00:12<37:59,  1.12s/it]
  1%|          | 11/2039 [00:14<36:17,  1.07s/it]
  1%|          | 12/2039 [00:14<29:21,  1.15it/s]
  1%|          | 13/2039 [00:16<35:00,  1.04s/it]
  1%|          | 14/2039 [00:16<27:18,  1.24it/s]
  1%|          | 15/2039 [00:18<34:11,  1.01s/it]
  1%|          | 16/2039 [00:18<25:57,  1.30it/s]
  1%|          | 17/2039 [00:19<34:24,  1.02s/it]
  1%|          | 18/2039 [00:20<25:45,  1.31it/s]
  1%|          | 19/2039 [00:21<33:32,  1.00it/s]
  1%|          | 20/2039 [00:21<25:10,  1.34it/s]
  1%|          | 21/2039 [00:23<32:49,  1.02it/s]
  1%|          | 22/2039 [00:23<24:41,  1.36it/s]
  1%|          | 23/2039 [00:24<32:09,  1.04it/s]
  1%|          | 24/2039 [00:25<24:48,  1.35it/s]
  1%|          | 25/2039 [00:26<31:56,  1.05it/s]
  1%|▏         | 26/2039 [00:26<24:52,  1.35it/s]
  1%|▏         | 27/2039 [00:28<31:22,  1.07it/s]
  1%|▏         | 28/2039 [00:28<24:49,  1.35it/s]
  1%|▏         | 29/2039 [00:29<31:05,  1.08it/s]
  1%|▏         | 30/2039 [00:30<24:49,  1.35it/s]
  2%|▏         | 31/2039 [00:31<31:14,  1.07it/s]
  2%|▏         | 32/2039 [00:31<24:48,  1.35it/s]
  2%|▏         | 33/2039 [00:33<30:12,  1.11it/s]
  2%|▏         | 34/2039 [00:33<27:33,  1.21it/s]
  2%|▏         | 35/2039 [00:34<29:38,  1.13it/s]
  2%|▏         | 36/2039 [00:35<26:20,  1.27it/s]
  2%|▏         | 37/2039 [00:36<29:43,  1.12it/s]
  2%|▏         | 38/2039 [00:37<28:33,  1.17it/s]
  2%|▏         | 39/2039 [00:38<29:14,  1.14it/s]
  2%|▏         | 40/2039 [00:38<28:09,  1.18it/s]
  2%|▏         | 41/2039 [00:39<28:56,  1.15it/s]
  2%|▏         | 42/2039 [00:40<27:58,  1.19it/s]
  2%|▏         | 43/2039 [00:41<29:08,  1.14it/s]
  2%|▏         | 44/2039 [00:42<27:16,  1.22it/s]
  2%|▏         | 45/2039 [00:43<28:38,  1.16it/s]
  2%|▏         | 46/2039 [00:44<28:00,  1.19it/s]
  2%|▏         | 47/2039 [00:44<28:15,  1.18it/s]
  2%|▏         | 48/2039 [00:45<27:52,  1.19it/s]
  2%|▏         | 49/2039 [00:46<28:21,  1.17it/s]
  2%|▏         | 50/2039 [00:47<27:53,  1.19it/s]
  3%|▎         | 51/2039 [00:48<27:55,  1.19it/s]
  3%|▎         | 52/2039 [00:49<27:58,  1.18it/s]
  3%|▎         | 53/2039 [00:49<27:23,  1.21it/s]
  3%|▎         | 54/2039 [00:50<28:24,  1.16it/s]
  3%|▎         | 55/2039 [00:51<27:17,  1.21it/s]
  3%|▎         | 56/2039 [00:52<23:35,  1.40it/s]
  3%|▎         | 57/2039 [00:54<44:00,  1.33s/it]
  3%|▎         | 58/2039 [00:54<31:49,  1.04it/s]
  3%|▎         | 59/2039 [00:56<40:15,  1.22s/it]
  3%|▎         | 60/2039 [00:56<29:18,  1.13it/s]
  3%|▎         | 61/2039 [00:59<46:42,  1.42s/it]
  3%|▎         | 63/2039 [01:01<43:25,  1.32s/it]
  3%|▎         | 65/2039 [01:03<38:56,  1.18s/it]
  3%|▎         | 67/2039 [01:06<37:36,  1.14s/it]
  3%|▎         | 69/2039 [01:07<35:29,  1.08s/it]
  3%|▎         | 71/2039 [01:09<34:30,  1.05s/it]
  4%|▎         | 73/2039 [01:11<32:50,  1.00s/it]
  4%|▎         | 74/2039 [01:11<27:27,  1.19it/s]
  4%|▎         | 75/2039 [01:13<33:04,  1.01s/it]
  4%|▎         | 76/2039 [01:13<26:19,  1.24it/s]
  4%|▍         | 77/2039 [01:15<32:44,  1.00s/it]
  4%|▍         | 78/2039 [01:15<25:27,  1.28it/s]
  4%|▍         | 79/2039 [01:16<32:01,  1.02it/s]
  4%|▍         | 80/2039 [01:17<24:33,  1.33it/s]
  4%|▍         | 81/2039 [01:18<31:52,  1.02it/s]
  4%|▍         | 82/2039 [01:18<24:08,  1.35it/s]
  4%|▍         | 83/2039 [01:20<32:17,  1.01it/s]
  4%|▍         | 84/2039 [01:20<26:18,  1.24it/s]
  4%|▍         | 85/2039 [01:22<31:06,  1.05it/s]
  4%|▍         | 86/2039 [01:22<25:32,  1.27it/s]
  4%|▍         | 87/2039 [01:23<30:28,  1.07it/s]
  4%|▍         | 88/2039 [01:24<24:57,  1.30it/s]
  4%|▍         | 89/2039 [01:25<30:01,  1.08it/s]
  4%|▍         | 90/2039 [01:25<24:16,  1.34it/s]
  4%|▍         | 91/2039 [01:27<29:58,  1.08it/s]
  5%|▍         | 92/2039 [01:27<24:50,  1.31it/s]
  5%|▍         | 93/2039 [01:28<29:35,  1.10it/s]
  5%|▍         | 94/2039 [01:29<24:55,  1.30it/s]
  5%|▍         | 95/2039 [01:30<29:07,  1.11it/s]
  5%|▍         | 96/2039 [01:30<25:00,  1.29it/s]
  5%|▍         | 97/2039 [01:32<29:25,  1.10it/s]
  5%|▍         | 98/2039 [01:32<24:48,  1.30it/s]
  5%|▍         | 99/2039 [01:33<29:32,  1.09it/s]
  5%|▍         | 100/2039 [01:34<24:17,  1.33it/s]
  5%|▍         | 101/2039 [01:35<30:00,  1.08it/s]
  5%|▌         | 102/2039 [01:35<23:30,  1.37it/s]
  5%|▌         | 103/2039 [01:37<31:00,  1.04it/s]
  5%|▌         | 104/2039 [01:37<23:25,  1.38it/s]
  5%|▌         | 105/2039 [01:38<30:30,  1.06it/s]
  5%|▌         | 106/2039 [01:39<23:13,  1.39it/s]
  5%|▌         | 107/2039 [01:40<31:00,  1.04it/s]
  5%|▌         | 108/2039 [01:40<23:33,  1.37it/s]
  5%|▌         | 109/2039 [01:42<31:40,  1.02it/s]
  5%|▌         | 110/2039 [01:42<23:39,  1.36it/s]
  5%|▌         | 111/2039 [01:44<31:12,  1.03it/s]
  5%|▌         | 112/2039 [01:44<23:26,  1.37it/s]
  6%|▌         | 113/2039 [01:45<31:00,  1.03it/s]
  6%|▌         | 114/2039 [01:45<23:12,  1.38it/s]
  6%|▌         | 115/2039 [01:47<31:52,  1.01it/s]
  6%|▌         | 116/2039 [01:47<23:32,  1.36it/s]
  6%|▌         | 117/2039 [01:49<32:43,  1.02s/it]
  6%|▌         | 118/2039 [01:49<24:07,  1.33it/s]
  6%|▌         | 119/2039 [01:51<31:55,  1.00it/s]
  6%|▌         | 120/2039 [01:51<23:47,  1.34it/s]
  6%|▌         | 121/2039 [01:52<31:44,  1.01it/s]
  6%|▌         | 122/2039 [01:52<23:31,  1.36it/s]
  6%|▌         | 123/2039 [01:54<31:20,  1.02it/s]
  6%|▌         | 124/2039 [01:54<23:15,  1.37it/s]
  6%|▌         | 125/2039 [01:56<31:37,  1.01it/s]
  6%|▌         | 126/2039 [01:56<23:20,  1.37it/s]
  6%|▌         | 127/2039 [01:58<33:26,  1.05s/it]
  6%|▋         | 129/2039 [01:59<30:55,  1.03it/s]
  6%|▋         | 130/2039 [01:59<24:08,  1.32it/s]
  6%|▋         | 131/2039 [02:01<32:26,  1.02s/it]
  6%|▋         | 132/2039 [02:01<24:28,  1.30it/s]
  7%|▋         | 133/2039 [02:03<32:17,  1.02s/it]
  7%|▋         | 134/2039 [02:03<24:02,  1.32it/s]
  7%|▋         | 135/2039 [02:05<31:28,  1.01it/s]
  7%|▋         | 136/2039 [02:05<23:39,  1.34it/s]
  7%|▋         | 137/2039 [02:06<31:20,  1.01it/s]
  7%|▋         | 138/2039 [02:07<23:24,  1.35it/s]
  7%|▋         | 139/2039 [02:08<32:25,  1.02s/it]
  7%|▋         | 140/2039 [02:08<24:05,  1.31it/s]
  7%|▋         | 141/2039 [02:10<32:35,  1.03s/it]
  7%|▋         | 142/2039 [02:10<24:05,  1.31it/s]
  7%|▋         | 143/2039 [02:12<32:19,  1.02s/it]
  7%|▋         | 144/2039 [02:12<24:35,  1.28it/s]
  7%|▋         | 145/2039 [02:14<33:34,  1.06s/it]
  7%|▋         | 146/2039 [02:14<24:45,  1.27it/s]
  7%|▋         | 147/2039 [02:16<33:39,  1.07s/it]
  7%|▋         | 148/2039 [02:16<24:45,  1.27it/s]
  7%|▋         | 149/2039 [02:17<33:37,  1.07s/it]
  7%|▋         | 150/2039 [02:18<24:51,  1.27it/s]
  7%|▋         | 151/2039 [02:19<32:53,  1.05s/it]
  7%|▋         | 152/2039 [02:19<24:18,  1.29it/s]
  8%|▊         | 153/2039 [02:21<33:34,  1.07s/it]
  8%|▊         | 154/2039 [02:21<24:48,  1.27it/s]
  8%|▊         | 155/2039 [02:23<32:02,  1.02s/it]
  8%|▊         | 156/2039 [02:23<23:44,  1.32it/s]
  8%|▊         | 157/2039 [02:25<31:16,  1.00it/s]
  8%|▊         | 158/2039 [02:25<23:11,  1.35it/s]
  8%|▊         | 159/2039 [02:26<31:16,  1.00it/s]
  8%|▊         | 160/2039 [02:26<23:15,  1.35it/s]
  8%|▊         | 161/2039 [02:28<33:35,  1.07s/it]
  8%|▊         | 162/2039 [02:28<24:29,  1.28it/s]
  8%|▊         | 163/2039 [02:30<33:19,  1.07s/it]
  8%|▊         | 164/2039 [02:30<24:37,  1.27it/s]
  8%|▊         | 165/2039 [02:32<32:30,  1.04s/it]
  8%|▊         | 166/2039 [02:32<24:14,  1.29it/s]
  8%|▊         | 167/2039 [02:34<32:26,  1.04s/it]
  8%|▊         | 168/2039 [02:34<24:09,  1.29it/s]
  8%|▊         | 169/2039 [02:35<32:01,  1.03s/it]
  8%|▊         | 170/2039 [02:36<24:21,  1.28it/s]
  8%|▊         | 171/2039 [02:37<31:29,  1.01s/it]
  8%|▊         | 172/2039 [02:37<23:41,  1.31it/s]
  8%|▊         | 173/2039 [02:39<35:38,  1.15s/it]
  9%|▊         | 174/2039 [02:40<26:47,  1.16it/s]
  9%|▊         | 175/2039 [02:41<35:27,  1.14s/it]
  9%|▊         | 176/2039 [02:42<26:07,  1.19it/s]
  9%|▊         | 177/2039 [02:43<34:43,  1.12s/it]
  9%|▊         | 178/2039 [02:43<25:41,  1.21it/s]
  9%|▉         | 179/2039 [02:45<32:30,  1.05s/it]
  9%|▉         | 180/2039 [02:45<24:26,  1.27it/s]
  9%|▉         | 181/2039 [02:47<32:03,  1.04s/it]
  9%|▉         | 182/2039 [02:47<24:05,  1.28it/s]
  9%|▉         | 183/2039 [02:49<32:07,  1.04s/it]
  9%|▉         | 184/2039 [02:49<23:45,  1.30it/s]
  9%|▉         | 185/2039 [02:50<32:10,  1.04s/it]
  9%|▉         | 186/2039 [02:51<23:51,  1.29it/s]
  9%|▉         | 187/2039 [02:52<32:03,  1.04s/it]
  9%|▉         | 188/2039 [02:52<23:36,  1.31it/s]
  9%|▉         | 189/2039 [02:54<32:57,  1.07s/it]
  9%|▉         | 191/2039 [02:56<32:36,  1.06s/it]
  9%|▉         | 192/2039 [02:56<25:27,  1.21it/s]
  9%|▉         | 193/2039 [02:58<32:00,  1.04s/it]
 10%|▉         | 194/2039 [02:58<24:25,  1.26it/s]
 10%|▉         | 195/2039 [03:00<31:35,  1.03s/it]
 10%|▉         | 196/2039 [03:00<24:28,  1.25it/s]
 10%|▉         | 197/2039 [03:02<33:56,  1.11s/it]
 10%|▉         | 198/2039 [03:02<25:59,  1.18it/s]
 10%|▉         | 199/2039 [03:04<32:01,  1.04s/it]
 10%|▉         | 200/2039 [03:04<24:19,  1.26it/s]
 10%|▉         | 201/2039 [03:05<30:26,  1.01it/s]
 10%|▉         | 202/2039 [03:06<24:09,  1.27it/s]
 10%|▉         | 203/2039 [03:07<29:52,  1.02it/s]
 10%|█         | 204/2039 [03:07<23:16,  1.31it/s]
 10%|█         | 205/2039 [03:09<29:06,  1.05it/s]
 10%|█         | 206/2039 [03:09<22:14,  1.37it/s]
 10%|█         | 207/2039 [03:10<30:08,  1.01it/s]
 10%|█         | 208/2039 [03:11<22:28,  1.36it/s]
 10%|█         | 209/2039 [03:12<30:19,  1.01it/s]
 10%|█         | 210/2039 [03:12<22:34,  1.35it/s]
 10%|█         | 211/2039 [03:14<29:43,  1.03it/s]
 10%|█         | 212/2039 [03:14<22:35,  1.35it/s]
 10%|█         | 213/2039 [03:16<30:05,  1.01it/s]
 10%|█         | 214/2039 [03:16<22:34,  1.35it/s]
 11%|█         | 215/2039 [03:17<30:15,  1.00it/s]
 11%|█         | 216/2039 [03:18<22:29,  1.35it/s]
 11%|█         | 217/2039 [03:19<29:44,  1.02it/s]
 11%|█         | 218/2039 [03:19<22:10,  1.37it/s]
 11%|█         | 219/2039 [03:21<30:43,  1.01s/it]
 11%|█         | 220/2039 [03:21<22:47,  1.33it/s]
 11%|█         | 221/2039 [03:23<30:12,  1.00it/s]
 11%|█         | 222/2039 [03:23<22:31,  1.34it/s]
 11%|█         | 223/2039 [03:24<30:12,  1.00it/s]
 11%|█         | 224/2039 [03:25<22:45,  1.33it/s]
 11%|█         | 225/2039 [03:26<33:33,  1.11s/it]
 11%|█         | 226/2039 [03:27<24:41,  1.22it/s]
 11%|█         | 227/2039 [03:28<32:06,  1.06s/it]
 11%|█         | 228/2039 [03:28<23:37,  1.28it/s]
 11%|█         | 229/2039 [03:30<31:18,  1.04s/it]
 11%|█▏        | 230/2039 [03:30<23:00,  1.31it/s]
 11%|█▏        | 231/2039 [03:32<30:53,  1.03s/it]
 11%|█▏        | 232/2039 [03:32<22:52,  1.32it/s]
 11%|█▏        | 233/2039 [03:33<30:03,  1.00it/s]
 11%|█▏        | 234/2039 [03:34<22:18,  1.35it/s]
 12%|█▏        | 235/2039 [03:35<29:25,  1.02it/s]
 12%|█▏        | 236/2039 [03:35<22:07,  1.36it/s]
 12%|█▏        | 237/2039 [03:37<29:31,  1.02it/s]
 12%|█▏        | 238/2039 [03:37<22:18,  1.35it/s]
 12%|█▏        | 239/2039 [03:39<29:31,  1.02it/s]
 12%|█▏        | 240/2039 [03:39<22:09,  1.35it/s]
 12%|█▏        | 241/2039 [03:40<29:16,  1.02it/s]
 12%|█▏        | 242/2039 [03:40<21:59,  1.36it/s]
 12%|█▏        | 243/2039 [03:42<29:02,  1.03it/s]
 12%|█▏        | 244/2039 [03:42<21:47,  1.37it/s]
 12%|█▏        | 245/2039 [03:44<28:38,  1.04it/s]
 12%|█▏        | 246/2039 [03:44<22:00,  1.36it/s]
 12%|█▏        | 247/2039 [03:45<28:50,  1.04it/s]
 12%|█▏        | 248/2039 [03:46<21:51,  1.37it/s]
 12%|█▏        | 249/2039 [03:47<28:55,  1.03it/s]
 12%|█▏        | 250/2039 [03:47<21:43,  1.37it/s]
 12%|█▏        | 251/2039 [03:49<29:03,  1.03it/s]
 12%|█▏        | 252/2039 [03:49<21:48,  1.37it/s]
 12%|█▏        | 253/2039 [03:51<29:29,  1.01it/s]
 12%|█▏        | 254/2039 [03:51<21:57,  1.35it/s]
 13%|█▎        | 255/2039 [03:52<29:49,  1.00s/it]
 13%|█▎        | 256/2039 [03:52<22:15,  1.34it/s]
 13%|█▎        | 257/2039 [03:54<28:46,  1.03it/s]
 13%|█▎        | 258/2039 [03:54<22:11,  1.34it/s]
 13%|█▎        | 259/2039 [03:56<28:41,  1.03it/s]
 13%|█▎        | 260/2039 [03:56<21:47,  1.36it/s]
 13%|█▎        | 261/2039 [03:58<30:05,  1.02s/it]
 13%|█▎        | 262/2039 [03:58<22:27,  1.32it/s]
 13%|█▎        | 263/2039 [03:59<29:53,  1.01s/it]
 13%|█▎        | 264/2039 [03:59<22:22,  1.32it/s]
 13%|█▎        | 265/2039 [04:01<29:25,  1.00it/s]
 13%|█▎        | 266/2039 [04:01<22:00,  1.34it/s]
 13%|█▎        | 267/2039 [04:03<30:13,  1.02s/it]
 13%|█▎        | 268/2039 [04:03<22:10,  1.33it/s]
 13%|█▎        | 269/2039 [04:05<29:15,  1.01it/s]
 13%|█▎        | 270/2039 [04:05<21:48,  1.35it/s]
 13%|█▎        | 271/2039 [04:06<29:21,  1.00it/s]
 13%|█▎        | 272/2039 [04:06<21:54,  1.34it/s]
 13%|█▎        | 273/2039 [04:08<28:47,  1.02it/s]
 13%|█▎        | 274/2039 [04:08<21:28,  1.37it/s]
 13%|█▎        | 275/2039 [04:10<28:53,  1.02it/s]
 14%|█▎        | 276/2039 [04:10<21:33,  1.36it/s]
 14%|█▎        | 277/2039 [04:11<29:06,  1.01it/s]
 14%|█▎        | 278/2039 [04:12<21:40,  1.35it/s]
 14%|█▎        | 279/2039 [04:13<29:28,  1.01s/it]
 14%|█▎        | 280/2039 [04:13<21:49,  1.34it/s]
 14%|█▍        | 281/2039 [04:15<29:46,  1.02s/it]
 14%|█▍        | 282/2039 [04:15<22:02,  1.33it/s]
 14%|█▍        | 283/2039 [04:17<31:16,  1.07s/it]
 14%|█▍        | 285/2039 [04:19<29:47,  1.02s/it]
 14%|█▍        | 286/2039 [04:19<23:12,  1.26it/s]
 14%|█▍        | 287/2039 [04:21<30:24,  1.04s/it]
 14%|█▍        | 288/2039 [04:21<23:01,  1.27it/s]
 14%|█▍        | 289/2039 [04:23<30:52,  1.06s/it]
 14%|█▍        | 290/2039 [04:23<22:53,  1.27it/s]
 14%|█▍        | 291/2039 [04:24<31:01,  1.06s/it]
 14%|█▍        | 292/2039 [04:25<22:51,  1.27it/s]
 14%|█▍        | 293/2039 [04:26<32:07,  1.10s/it]
 14%|█▍        | 294/2039 [04:26<23:27,  1.24it/s]
 14%|█▍        | 295/2039 [04:28<31:44,  1.09s/it]
 15%|█▍        | 296/2039 [04:28<23:26,  1.24it/s]
 15%|█▍        | 297/2039 [04:30<31:19,  1.08s/it]
 15%|█▍        | 298/2039 [04:30<22:57,  1.26it/s]
 15%|█▍        | 299/2039 [04:32<30:18,  1.05s/it]
 15%|█▍        | 300/2039 [04:32<22:15,  1.30it/s]
 15%|█▍        | 301/2039 [04:34<32:03,  1.11s/it]
 15%|█▍        | 303/2039 [04:36<30:07,  1.04s/it]
 15%|█▍        | 305/2039 [04:38<29:40,  1.03s/it]
 15%|█▌        | 306/2039 [04:38<23:51,  1.21it/s]
 15%|█▌        | 307/2039 [04:40<31:30,  1.09s/it]
 15%|█▌        | 308/2039 [04:40<24:13,  1.19it/s]
 15%|█▌        | 309/2039 [04:42<31:51,  1.10s/it]
 15%|█▌        | 310/2039 [04:42<24:01,  1.20it/s]
 15%|█▌        | 311/2039 [04:44<31:33,  1.10s/it]
 15%|█▌        | 312/2039 [04:44<23:18,  1.23it/s]
 15%|█▌        | 313/2039 [04:46<30:53,  1.07s/it]
 15%|█▌        | 314/2039 [04:46<22:43,  1.27it/s]
 15%|█▌        | 315/2039 [04:47<31:17,  1.09s/it]
 16%|█▌        | 317/2039 [04:49<28:59,  1.01s/it]
 16%|█▌        | 318/2039 [04:49<22:35,  1.27it/s]
 16%|█▌        | 319/2039 [04:51<30:04,  1.05s/it]
 16%|█▌        | 320/2039 [04:51<22:43,  1.26it/s]
 16%|█▌        | 321/2039 [04:53<30:36,  1.07s/it]
 16%|█▌        | 323/2039 [04:55<30:13,  1.06s/it]
 16%|█▌        | 325/2039 [04:57<28:56,  1.01s/it]
 16%|█▌        | 327/2039 [04:59<28:21,  1.01it/s]
 16%|█▌        | 329/2039 [05:01<28:36,  1.00s/it]
 16%|█▌        | 331/2039 [05:03<28:22,  1.00it/s]
 16%|█▋        | 333/2039 [05:05<29:01,  1.02s/it]
 16%|█▋        | 335/2039 [05:07<29:01,  1.02s/it]
 17%|█▋        | 337/2039 [05:09<29:23,  1.04s/it]
 17%|█▋        | 339/2039 [05:11<29:16,  1.03s/it]
 17%|█▋        | 341/2039 [05:13<29:22,  1.04s/it]
 17%|█▋        | 343/2039 [05:16<29:22,  1.04s/it]
 17%|█▋        | 345/2039 [05:18<29:25,  1.04s/it]
 17%|█▋        | 347/2039 [05:20<29:06,  1.03s/it]
 17%|█▋        | 349/2039 [05:22<29:10,  1.04s/it]
 17%|█▋        | 351/2039 [05:24<29:58,  1.07s/it]
 17%|█▋        | 353/2039 [05:26<29:19,  1.04s/it]
 17%|█▋        | 355/2039 [05:28<29:22,  1.05s/it]
 18%|█▊        | 357/2039 [05:30<28:43,  1.02s/it]
 18%|█▊        | 359/2039 [05:32<28:20,  1.01s/it]
 18%|█▊        | 361/2039 [05:34<27:45,  1.01it/s]
 18%|█▊        | 363/2039 [05:36<28:02,  1.00s/it]
 18%|█▊        | 365/2039 [05:38<27:53,  1.00it/s]
 18%|█▊        | 367/2039 [05:40<27:22,  1.02it/s]
 18%|█▊        | 369/2039 [05:42<28:17,  1.02s/it]
 18%|█▊        | 371/2039 [05:44<27:32,  1.01it/s]
 18%|█▊        | 373/2039 [05:46<26:59,  1.03it/s]
 18%|█▊        | 374/2039 [05:46<22:43,  1.22it/s]
 18%|█▊        | 375/2039 [05:48<28:14,  1.02s/it]
 18%|█▊        | 376/2039 [05:48<22:35,  1.23it/s]
 18%|█▊        | 377/2039 [05:50<28:55,  1.04s/it]
 19%|█▊        | 378/2039 [05:50<22:18,  1.24it/s]
 19%|█▊        | 379/2039 [05:51<29:37,  1.07s/it]
 19%|█▊        | 380/2039 [05:52<22:28,  1.23it/s]
 19%|█▊        | 381/2039 [05:53<29:01,  1.05s/it]
 19%|█▊        | 382/2039 [05:53<21:43,  1.27it/s]
 19%|█▉        | 383/2039 [05:55<28:08,  1.02s/it]
 19%|█▉        | 384/2039 [05:55<21:02,  1.31it/s]
 19%|█▉        | 385/2039 [05:57<27:33,  1.00it/s]
 19%|█▉        | 386/2039 [05:57<20:34,  1.34it/s]
 19%|█▉        | 387/2039 [05:58<27:09,  1.01it/s]
 19%|█▉        | 388/2039 [05:58<20:11,  1.36it/s]
 19%|█▉        | 389/2039 [06:00<26:56,  1.02it/s]
 19%|█▉        | 390/2039 [06:00<20:02,  1.37it/s]
 19%|█▉        | 391/2039 [06:02<26:52,  1.02it/s]
 19%|█▉        | 392/2039 [06:02<20:21,  1.35it/s]
 19%|█▉        | 393/2039 [06:03<26:32,  1.03it/s]
 19%|█▉        | 394/2039 [06:04<20:25,  1.34it/s]
 19%|█▉        | 395/2039 [06:05<26:12,  1.05it/s]
 19%|█▉        | 396/2039 [06:05<20:17,  1.35it/s]
 19%|█▉        | 397/2039 [06:07<26:04,  1.05it/s]
 20%|█▉        | 398/2039 [06:07<19:55,  1.37it/s]
 20%|█▉        | 399/2039 [06:08<26:20,  1.04it/s]
 20%|█▉        | 400/2039 [06:09<20:02,  1.36it/s]
 20%|█▉        | 401/2039 [06:10<26:11,  1.04it/s]
 20%|█▉        | 402/2039 [06:10<19:52,  1.37it/s]
 20%|█▉        | 403/2039 [06:12<26:22,  1.03it/s]
 20%|█▉        | 404/2039 [06:12<19:52,  1.37it/s]
 20%|█▉        | 405/2039 [06:14<29:06,  1.07s/it]
 20%|█▉        | 407/2039 [06:16<29:50,  1.10s/it]
 20%|██        | 409/2039 [06:19<32:49,  1.21s/it]
 20%|██        | 411/2039 [06:21<31:34,  1.16s/it]
 20%|██        | 413/2039 [06:23<30:43,  1.13s/it]
 20%|██        | 415/2039 [06:25<29:59,  1.11s/it]
 20%|██        | 417/2039 [06:28<29:47,  1.10s/it]
 21%|██        | 419/2039 [06:30<30:35,  1.13s/it]
 21%|██        | 421/2039 [06:32<31:28,  1.17s/it]
 21%|██        | 423/2039 [06:35<30:48,  1.14s/it]
 21%|██        | 425/2039 [06:37<30:46,  1.14s/it]
 21%|██        | 427/2039 [06:39<30:41,  1.14s/it]
 21%|██        | 429/2039 [06:41<30:00,  1.12s/it]
 21%|██        | 431/2039 [06:44<33:40,  1.26s/it]
 21%|██        | 433/2039 [06:47<33:51,  1.26s/it]
 21%|██▏       | 435/2039 [06:49<32:18,  1.21s/it]
 21%|██▏       | 437/2039 [06:51<30:47,  1.15s/it]
 22%|██▏       | 439/2039 [06:53<30:23,  1.14s/it]
 22%|██▏       | 441/2039 [06:55<29:18,  1.10s/it]
 22%|██▏       | 443/2039 [06:58<28:56,  1.09s/it]
 22%|██▏       | 445/2039 [07:00<28:39,  1.08s/it]
 22%|██▏       | 447/2039 [07:02<28:14,  1.06s/it]
 22%|██▏       | 449/2039 [07:04<28:05,  1.06s/it]
 22%|██▏       | 451/2039 [07:06<27:52,  1.05s/it]
 22%|██▏       | 453/2039 [07:08<28:35,  1.08s/it]
 22%|██▏       | 455/2039 [07:10<28:43,  1.09s/it]
 22%|██▏       | 457/2039 [07:13<28:39,  1.09s/it]
 23%|██▎       | 459/2039 [07:15<28:25,  1.08s/it]
 23%|██▎       | 461/2039 [07:17<28:02,  1.07s/it]
 23%|██▎       | 463/2039 [07:19<27:58,  1.07s/it]
 23%|██▎       | 465/2039 [07:21<27:33,  1.05s/it]
 23%|██▎       | 467/2039 [07:23<27:38,  1.06s/it]
 23%|██▎       | 469/2039 [07:25<27:08,  1.04s/it]
 23%|██▎       | 471/2039 [07:27<27:02,  1.04s/it]
 23%|██▎       | 473/2039 [07:29<26:42,  1.02s/it]
 23%|██▎       | 475/2039 [07:31<26:43,  1.03s/it]
 23%|██▎       | 477/2039 [07:33<26:33,  1.02s/it]
 23%|██▎       | 479/2039 [07:35<26:24,  1.02s/it]
 24%|██▎       | 481/2039 [07:37<26:55,  1.04s/it]
 24%|██▎       | 483/2039 [07:40<27:07,  1.05s/it]
 24%|██▍       | 485/2039 [07:42<27:47,  1.07s/it]
 24%|██▍       | 487/2039 [07:44<27:49,  1.08s/it]
 24%|██▍       | 489/2039 [07:46<28:16,  1.09s/it]
 24%|██▍       | 491/2039 [07:49<29:04,  1.13s/it]
 24%|██▍       | 493/2039 [07:51<28:45,  1.12s/it]
 24%|██▍       | 495/2039 [07:53<28:40,  1.11s/it]
 24%|██▍       | 497/2039 [07:55<28:40,  1.12s/it]
 24%|██▍       | 499/2039 [07:57<28:27,  1.11s/it]
 25%|██▍       | 501/2039 [08:00<28:09,  1.10s/it]
 25%|██▍       | 503/2039 [08:02<28:23,  1.11s/it]
 25%|██▍       | 505/2039 [08:04<28:07,  1.10s/it]
 25%|██▍       | 507/2039 [08:06<28:20,  1.11s/it]
 25%|██▍       | 509/2039 [08:08<28:09,  1.10s/it]
 25%|██▌       | 511/2039 [08:11<27:55,  1.10s/it]
 25%|██▌       | 513/2039 [08:13<28:01,  1.10s/it]
 25%|██▌       | 515/2039 [08:15<27:48,  1.09s/it]
 25%|██▌       | 517/2039 [08:17<27:44,  1.09s/it]
 25%|██▌       | 519/2039 [08:19<27:50,  1.10s/it]
 26%|██▌       | 521/2039 [08:22<27:36,  1.09s/it]
 26%|██▌       | 523/2039 [08:24<28:55,  1.14s/it]
 26%|██▌       | 525/2039 [08:26<28:36,  1.13s/it]
 26%|██▌       | 527/2039 [08:29<28:26,  1.13s/it]
 26%|██▌       | 529/2039 [08:31<27:56,  1.11s/it]
 26%|██▌       | 531/2039 [08:33<27:44,  1.10s/it]
 26%|██▌       | 533/2039 [08:35<27:22,  1.09s/it]
 26%|██▌       | 535/2039 [08:37<27:04,  1.08s/it]
 26%|██▋       | 537/2039 [08:39<27:05,  1.08s/it]
 26%|██▋       | 539/2039 [08:41<26:44,  1.07s/it]
 27%|██▋       | 541/2039 [08:43<26:29,  1.06s/it]
 27%|██▋       | 543/2039 [08:46<26:24,  1.06s/it]
 27%|██▋       | 545/2039 [08:48<26:52,  1.08s/it]
 27%|██▋       | 547/2039 [08:50<27:00,  1.09s/it]
 27%|██▋       | 549/2039 [08:52<26:55,  1.08s/it]
 27%|██▋       | 551/2039 [08:54<26:56,  1.09s/it]
 27%|██▋       | 553/2039 [08:57<27:12,  1.10s/it]
 27%|██▋       | 555/2039 [08:59<27:04,  1.09s/it]
 27%|██▋       | 557/2039 [09:01<27:14,  1.10s/it]
 27%|██▋       | 559/2039 [09:03<27:32,  1.12s/it]
 28%|██▊       | 561/2039 [09:06<28:04,  1.14s/it]
 28%|██▊       | 563/2039 [09:08<27:44,  1.13s/it]
 28%|██▊       | 565/2039 [09:10<27:50,  1.13s/it]
 28%|██▊       | 567/2039 [09:12<27:41,  1.13s/it]
 28%|██▊       | 569/2039 [09:15<27:13,  1.11s/it]
 28%|██▊       | 571/2039 [09:17<27:11,  1.11s/it]
 28%|██▊       | 573/2039 [09:19<26:39,  1.09s/it]
 28%|██▊       | 575/2039 [09:21<26:27,  1.08s/it]
 28%|██▊       | 577/2039 [09:23<26:23,  1.08s/it]
 28%|██▊       | 579/2039 [09:25<26:09,  1.08s/it]
 28%|██▊       | 581/2039 [09:28<26:20,  1.08s/it]
 29%|██▊       | 583/2039 [09:30<26:00,  1.07s/it]
 29%|██▊       | 585/2039 [09:32<25:53,  1.07s/it]
 29%|██▉       | 587/2039 [09:34<25:47,  1.07s/it]
 29%|██▉       | 589/2039 [09:36<25:31,  1.06s/it]
 29%|██▉       | 591/2039 [09:38<25:27,  1.05s/it]
 29%|██▉       | 593/2039 [09:40<25:21,  1.05s/it]
 29%|██▉       | 595/2039 [09:42<25:34,  1.06s/it]
 29%|██▉       | 597/2039 [09:44<25:22,  1.06s/it]
 29%|██▉       | 599/2039 [09:47<25:28,  1.06s/it]
 29%|██▉       | 601/2039 [09:49<26:38,  1.11s/it]
 30%|██▉       | 603/2039 [09:51<26:24,  1.10s/it]
 30%|██▉       | 605/2039 [09:53<26:17,  1.10s/it]
 30%|██▉       | 607/2039 [09:56<26:44,  1.12s/it]
 30%|██▉       | 609/2039 [09:58<26:50,  1.13s/it]
 30%|██▉       | 611/2039 [10:00<26:10,  1.10s/it]
 30%|███       | 613/2039 [10:02<25:59,  1.09s/it]
 30%|███       | 615/2039 [10:04<25:34,  1.08s/it]
 30%|███       | 617/2039 [10:06<25:25,  1.07s/it]
 30%|███       | 619/2039 [10:08<25:15,  1.07s/it]
 30%|███       | 621/2039 [10:11<25:05,  1.06s/it]
 31%|███       | 623/2039 [10:13<25:17,  1.07s/it]
 31%|███       | 625/2039 [10:15<25:07,  1.07s/it]
 31%|███       | 627/2039 [10:17<25:07,  1.07s/it]
 31%|███       | 629/2039 [10:19<24:58,  1.06s/it]
 31%|███       | 631/2039 [10:21<24:42,  1.05s/it]
 31%|███       | 633/2039 [10:23<24:49,  1.06s/it]
 31%|███       | 635/2039 [10:26<24:59,  1.07s/it]
 31%|███       | 637/2039 [10:28<26:23,  1.13s/it]
 31%|███▏      | 638/2039 [10:28<22:08,  1.05it/s]
 31%|███▏      | 639/2039 [10:30<26:30,  1.14s/it]
 31%|███▏      | 641/2039 [10:32<25:29,  1.09s/it]
 32%|███▏      | 643/2039 [10:34<24:39,  1.06s/it]
 32%|███▏      | 645/2039 [10:36<24:47,  1.07s/it]
 32%|███▏      | 647/2039 [10:38<24:42,  1.07s/it]
 32%|███▏      | 649/2039 [10:41<25:06,  1.08s/it]
 32%|███▏      | 651/2039 [10:43<25:39,  1.11s/it]
 32%|███▏      | 653/2039 [10:45<25:27,  1.10s/it]
 32%|███▏      | 655/2039 [10:47<25:24,  1.10s/it]
 32%|███▏      | 657/2039 [10:50<25:40,  1.11s/it]
 32%|███▏      | 659/2039 [10:52<25:00,  1.09s/it]
 32%|███▏      | 661/2039 [10:54<24:47,  1.08s/it]
 33%|███▎      | 663/2039 [10:56<24:12,  1.06s/it]
 33%|███▎      | 665/2039 [10:58<23:54,  1.04s/it]
 33%|███▎      | 667/2039 [11:00<23:32,  1.03s/it]
 33%|███▎      | 669/2039 [11:02<23:37,  1.03s/it]
 33%|███▎      | 671/2039 [11:04<23:10,  1.02s/it]
 33%|███▎      | 672/2039 [11:04<19:29,  1.17it/s]
 33%|███▎      | 673/2039 [11:06<24:42,  1.09s/it]
 33%|███▎      | 675/2039 [11:08<24:55,  1.10s/it]
 33%|███▎      | 677/2039 [11:11<28:14,  1.24s/it]
 33%|███▎      | 679/2039 [11:14<28:31,  1.26s/it]
 33%|███▎      | 681/2039 [11:16<27:56,  1.23s/it]
 33%|███▎      | 683/2039 [11:18<27:24,  1.21s/it]
 34%|███▎      | 685/2039 [11:21<26:27,  1.17s/it]
 34%|███▎      | 687/2039 [11:23<25:51,  1.15s/it]
 34%|███▍      | 689/2039 [11:25<25:15,  1.12s/it]
 34%|███▍      | 691/2039 [11:27<24:42,  1.10s/it]
 34%|███▍      | 693/2039 [11:29<24:40,  1.10s/it]
 34%|███▍      | 695/2039 [11:33<29:08,  1.30s/it]
 34%|███▍      | 697/2039 [11:35<28:05,  1.26s/it]
 34%|███▍      | 699/2039 [11:37<27:05,  1.21s/it]
 34%|███▍      | 701/2039 [11:39<26:06,  1.17s/it]
 34%|███▍      | 703/2039 [11:42<25:10,  1.13s/it]
 35%|███▍      | 705/2039 [11:44<24:34,  1.11s/it]
 35%|███▍      | 707/2039 [11:46<23:53,  1.08s/it]
 35%|███▍      | 709/2039 [11:48<23:46,  1.07s/it]
 35%|███▍      | 711/2039 [11:50<23:32,  1.06s/it]
 35%|███▍      | 713/2039 [11:52<23:06,  1.05s/it]
 35%|███▌      | 715/2039 [11:54<22:34,  1.02s/it]
 35%|███▌      | 716/2039 [11:54<19:00,  1.16it/s]
 35%|███▌      | 717/2039 [11:56<23:41,  1.08s/it]
 35%|███▌      | 718/2039 [11:56<18:59,  1.16it/s]
 35%|███▌      | 719/2039 [11:58<24:11,  1.10s/it]
 35%|███▌      | 720/2039 [11:58<18:37,  1.18it/s]
 35%|███▌      | 721/2039 [12:00<24:05,  1.10s/it]
 35%|███▌      | 722/2039 [12:00<18:14,  1.20it/s]
 35%|███▌      | 723/2039 [12:02<24:02,  1.10s/it]
 36%|███▌      | 724/2039 [12:02<17:57,  1.22it/s]
 36%|███▌      | 725/2039 [12:04<24:09,  1.10s/it]
 36%|███▌      | 726/2039 [12:04<17:53,  1.22it/s]
 36%|███▌      | 727/2039 [12:05<24:20,  1.11s/it]
 36%|███▌      | 728/2039 [12:06<17:53,  1.22it/s]
 36%|███▌      | 729/2039 [12:08<24:57,  1.14s/it]
 36%|███▌      | 730/2039 [12:08<18:15,  1.20it/s]
 36%|███▌      | 731/2039 [12:10<26:05,  1.20s/it]
 36%|███▌      | 733/2039 [12:12<24:37,  1.13s/it]
 36%|███▌      | 735/2039 [12:14<23:29,  1.08s/it]
 36%|███▌      | 737/2039 [12:16<22:58,  1.06s/it]
 36%|███▌      | 739/2039 [12:18<22:31,  1.04s/it]
 36%|███▋      | 741/2039 [12:20<22:13,  1.03s/it]
 36%|███▋      | 742/2039 [12:20<18:25,  1.17it/s]
 36%|███▋      | 743/2039 [12:22<22:45,  1.05s/it]
 36%|███▋      | 744/2039 [12:22<18:03,  1.20it/s]
 37%|███▋      | 745/2039 [12:24<24:31,  1.14s/it]
 37%|███▋      | 747/2039 [12:26<23:23,  1.09s/it]
 37%|███▋      | 749/2039 [12:28<23:38,  1.10s/it]
 37%|███▋      | 751/2039 [12:30<23:14,  1.08s/it]
 37%|███▋      | 753/2039 [12:32<22:55,  1.07s/it]
 37%|███▋      | 755/2039 [12:34<22:32,  1.05s/it]
 37%|███▋      | 757/2039 [12:37<22:27,  1.05s/it]
 37%|███▋      | 759/2039 [12:39<22:13,  1.04s/it]
 37%|███▋      | 761/2039 [12:41<21:56,  1.03s/it]
 37%|███▋      | 763/2039 [12:43<21:54,  1.03s/it]
 38%|███▊      | 765/2039 [12:45<22:01,  1.04s/it]
 38%|███▊      | 767/2039 [12:47<22:02,  1.04s/it]
 38%|███▊      | 769/2039 [12:49<21:56,  1.04s/it]
 38%|███▊      | 771/2039 [12:51<21:46,  1.03s/it]
 38%|███▊      | 773/2039 [12:53<21:54,  1.04s/it]
 38%|███▊      | 775/2039 [12:55<22:27,  1.07s/it]
 38%|███▊      | 777/2039 [12:57<22:21,  1.06s/it]
 38%|███▊      | 779/2039 [13:00<22:33,  1.07s/it]
 38%|███▊      | 781/2039 [13:02<22:31,  1.07s/it]
 38%|███▊      | 783/2039 [13:04<22:16,  1.06s/it]
 38%|███▊      | 785/2039 [13:06<22:05,  1.06s/it]
 39%|███▊      | 787/2039 [13:08<21:49,  1.05s/it]
 39%|███▊      | 789/2039 [13:10<21:42,  1.04s/it]
 39%|███▉      | 791/2039 [13:12<21:28,  1.03s/it]
 39%|███▉      | 793/2039 [13:14<21:39,  1.04s/it]
 39%|███▉      | 795/2039 [13:16<21:28,  1.04s/it]
 39%|███▉      | 797/2039 [13:18<21:32,  1.04s/it]
 39%|███▉      | 799/2039 [13:20<21:24,  1.04s/it]
 39%|███▉      | 801/2039 [13:23<21:46,  1.06s/it]
 39%|███▉      | 803/2039 [13:25<21:24,  1.04s/it]
 39%|███▉      | 805/2039 [13:27<21:15,  1.03s/it]
 40%|███▉      | 807/2039 [13:29<21:03,  1.03s/it]
 40%|███▉      | 809/2039 [13:31<20:46,  1.01s/it]
 40%|███▉      | 811/2039 [13:33<20:44,  1.01s/it]
 40%|███▉      | 813/2039 [13:35<20:46,  1.02s/it]
 40%|███▉      | 815/2039 [13:37<21:19,  1.05s/it]
 40%|████      | 817/2039 [13:39<21:06,  1.04s/it]
 40%|████      | 819/2039 [13:41<21:13,  1.04s/it]
 40%|████      | 821/2039 [13:43<21:01,  1.04s/it]
 40%|████      | 823/2039 [13:45<20:55,  1.03s/it]
 40%|████      | 825/2039 [13:47<21:13,  1.05s/it]
 41%|████      | 827/2039 [13:49<21:09,  1.05s/it]
 41%|████      | 829/2039 [13:52<22:32,  1.12s/it]
 41%|████      | 831/2039 [13:54<21:57,  1.09s/it]
 41%|████      | 833/2039 [13:56<21:42,  1.08s/it]
 41%|████      | 835/2039 [13:58<21:43,  1.08s/it]
 41%|████      | 837/2039 [14:00<21:41,  1.08s/it]
 41%|████      | 839/2039 [14:03<21:34,  1.08s/it]
 41%|████      | 841/2039 [14:05<21:32,  1.08s/it]
 41%|████▏     | 843/2039 [14:07<21:51,  1.10s/it]
 41%|████▏     | 845/2039 [14:09<21:43,  1.09s/it]
 42%|████▏     | 847/2039 [14:11<21:23,  1.08s/it]
 42%|████▏     | 849/2039 [14:13<21:26,  1.08s/it]
 42%|████▏     | 851/2039 [14:16<21:21,  1.08s/it]
 42%|████▏     | 853/2039 [14:18<21:21,  1.08s/it]
 42%|████▏     | 855/2039 [14:20<21:00,  1.06s/it]
 42%|████▏     | 857/2039 [14:22<20:48,  1.06s/it]
 42%|████▏     | 859/2039 [14:24<20:44,  1.05s/it]
 42%|████▏     | 861/2039 [14:26<20:35,  1.05s/it]
 42%|████▏     | 863/2039 [14:28<20:46,  1.06s/it]
 42%|████▏     | 865/2039 [14:30<20:28,  1.05s/it]
 43%|████▎     | 867/2039 [14:32<20:26,  1.05s/it]
 43%|████▎     | 869/2039 [14:34<20:20,  1.04s/it]
 43%|████▎     | 871/2039 [14:36<20:02,  1.03s/it]
 43%|████▎     | 873/2039 [14:38<19:45,  1.02s/it]
 43%|████▎     | 875/2039 [14:40<19:48,  1.02s/it]
 43%|████▎     | 877/2039 [14:43<19:50,  1.02s/it]
 43%|████▎     | 879/2039 [14:44<19:23,  1.00s/it]
 43%|████▎     | 880/2039 [14:45<16:26,  1.18it/s]
 43%|████▎     | 881/2039 [14:46<19:55,  1.03s/it]
 43%|████▎     | 882/2039 [14:46<16:02,  1.20it/s]
 43%|████▎     | 883/2039 [14:48<20:27,  1.06s/it]
 43%|████▎     | 884/2039 [14:48<15:55,  1.21it/s]
 43%|████▎     | 885/2039 [14:50<20:26,  1.06s/it]
 43%|████▎     | 886/2039 [14:50<15:34,  1.23it/s]
 44%|████▎     | 887/2039 [14:52<20:18,  1.06s/it]
 44%|████▎     | 888/2039 [14:52<15:22,  1.25it/s]
 44%|████▎     | 889/2039 [14:54<20:11,  1.05s/it]
 44%|████▎     | 890/2039 [14:54<15:10,  1.26it/s]
 44%|████▎     | 891/2039 [14:56<20:16,  1.06s/it]
 44%|████▎     | 892/2039 [14:56<15:11,  1.26it/s]
 44%|████▍     | 893/2039 [14:57<19:55,  1.04s/it]
 44%|████▍     | 894/2039 [14:58<15:21,  1.24it/s]
 44%|████▍     | 895/2039 [14:59<19:44,  1.04s/it]
 44%|████▍     | 896/2039 [14:59<15:11,  1.25it/s]
 44%|████▍     | 897/2039 [15:01<19:26,  1.02s/it]
 44%|████▍     | 898/2039 [15:01<15:19,  1.24it/s]
 44%|████▍     | 899/2039 [15:03<19:27,  1.02s/it]
 44%|████▍     | 900/2039 [15:03<15:19,  1.24it/s]
 44%|████▍     | 901/2039 [15:05<19:18,  1.02s/it]
 44%|████▍     | 902/2039 [15:05<15:16,  1.24it/s]
 44%|████▍     | 903/2039 [15:07<19:16,  1.02s/it]
 44%|████▍     | 904/2039 [15:07<15:23,  1.23it/s]
 44%|████▍     | 905/2039 [15:08<19:11,  1.02s/it]
 44%|████▍     | 906/2039 [15:09<14:46,  1.28it/s]
 44%|████▍     | 907/2039 [15:10<19:53,  1.05s/it]
 45%|████▍     | 908/2039 [15:10<14:48,  1.27it/s]
 45%|████▍     | 909/2039 [15:12<19:53,  1.06s/it]
 45%|████▍     | 910/2039 [15:12<14:53,  1.26it/s]
 45%|████▍     | 911/2039 [15:14<19:40,  1.05s/it]
 45%|████▍     | 912/2039 [15:14<14:44,  1.27it/s]
 45%|████▍     | 913/2039 [15:16<19:47,  1.05s/it]
 45%|████▍     | 914/2039 [15:16<14:41,  1.28it/s]
 45%|████▍     | 915/2039 [15:18<20:10,  1.08s/it]
 45%|████▍     | 916/2039 [15:18<14:54,  1.26it/s]
 45%|████▍     | 917/2039 [15:20<19:59,  1.07s/it]
 45%|████▌     | 918/2039 [15:20<14:51,  1.26it/s]
 45%|████▌     | 919/2039 [15:21<19:49,  1.06s/it]
 45%|████▌     | 920/2039 [15:22<14:43,  1.27it/s]
 45%|████▌     | 921/2039 [15:23<20:17,  1.09s/it]
 45%|████▌     | 922/2039 [15:23<14:57,  1.24it/s]
 45%|████▌     | 923/2039 [15:25<20:19,  1.09s/it]
 45%|████▌     | 924/2039 [15:25<14:58,  1.24it/s]
 45%|████▌     | 925/2039 [15:27<19:54,  1.07s/it]
 45%|████▌     | 926/2039 [15:27<14:52,  1.25it/s]
 45%|████▌     | 927/2039 [15:29<19:46,  1.07s/it]
 46%|████▌     | 928/2039 [15:29<14:43,  1.26it/s]
 46%|████▌     | 929/2039 [15:31<23:20,  1.26s/it]
 46%|████▌     | 931/2039 [15:34<22:02,  1.19s/it]
 46%|████▌     | 933/2039 [15:36<21:24,  1.16s/it]
 46%|████▌     | 935/2039 [15:38<20:51,  1.13s/it]
 46%|████▌     | 937/2039 [15:40<20:17,  1.10s/it]
 46%|████▌     | 939/2039 [15:42<20:14,  1.10s/it]
 46%|████▌     | 941/2039 [15:45<20:18,  1.11s/it]
 46%|████▌     | 943/2039 [15:47<19:58,  1.09s/it]
 46%|████▋     | 945/2039 [15:49<20:28,  1.12s/it]
 46%|████▋     | 947/2039 [15:51<20:15,  1.11s/it]
 47%|████▋     | 949/2039 [15:53<20:11,  1.11s/it]
 47%|████▋     | 951/2039 [15:56<20:15,  1.12s/it]
 47%|████▋     | 953/2039 [15:58<19:58,  1.10s/it]
 47%|████▋     | 955/2039 [16:00<19:28,  1.08s/it]
 47%|████▋     | 957/2039 [16:02<19:09,  1.06s/it]
 47%|████▋     | 959/2039 [16:04<18:51,  1.05s/it]
 47%|████▋     | 961/2039 [16:06<18:38,  1.04s/it]
 47%|████▋     | 963/2039 [16:08<18:39,  1.04s/it]
 47%|████▋     | 965/2039 [16:10<18:22,  1.03s/it]
 47%|████▋     | 967/2039 [16:12<18:23,  1.03s/it]
 48%|████▊     | 969/2039 [16:14<17:53,  1.00s/it]
 48%|████▊     | 970/2039 [16:14<15:11,  1.17it/s]
 48%|████▊     | 971/2039 [16:16<18:21,  1.03s/it]
 48%|████▊     | 972/2039 [16:16<14:47,  1.20it/s]
 48%|████▊     | 973/2039 [16:18<18:57,  1.07s/it]
 48%|████▊     | 974/2039 [16:18<14:40,  1.21it/s]
 48%|████▊     | 975/2039 [16:20<19:15,  1.09s/it]
 48%|████▊     | 976/2039 [16:20<14:36,  1.21it/s]
 48%|████▊     | 977/2039 [16:22<19:08,  1.08s/it]
 48%|████▊     | 978/2039 [16:22<14:27,  1.22it/s]
 48%|████▊     | 979/2039 [16:24<19:04,  1.08s/it]
 48%|████▊     | 980/2039 [16:24<14:18,  1.23it/s]
 48%|████▊     | 981/2039 [16:25<18:52,  1.07s/it]
 48%|████▊     | 982/2039 [16:26<14:04,  1.25it/s]
 48%|████▊     | 983/2039 [16:27<19:05,  1.08s/it]
 48%|████▊     | 984/2039 [16:28<14:11,  1.24it/s]
 48%|████▊     | 985/2039 [16:29<18:57,  1.08s/it]
 48%|████▊     | 986/2039 [16:29<14:04,  1.25it/s]
 48%|████▊     | 987/2039 [16:31<18:48,  1.07s/it]
 48%|████▊     | 988/2039 [16:31<13:58,  1.25it/s]
 49%|████▊     | 989/2039 [16:33<19:12,  1.10s/it]
 49%|████▊     | 990/2039 [16:33<14:12,  1.23it/s]
 49%|████▊     | 991/2039 [16:35<18:58,  1.09s/it]
 49%|████▊     | 992/2039 [16:35<14:00,  1.25it/s]
 49%|████▊     | 993/2039 [16:37<18:39,  1.07s/it]
 49%|████▊     | 994/2039 [16:37<14:00,  1.24it/s]
 49%|████▉     | 995/2039 [16:39<19:01,  1.09s/it]
 49%|████▉     | 996/2039 [16:39<14:02,  1.24it/s]
 49%|████▉     | 997/2039 [16:41<18:49,  1.08s/it]
 49%|████▉     | 998/2039 [16:41<13:56,  1.24it/s]
 49%|████▉     | 999/2039 [16:42<18:44,  1.08s/it]
 49%|████▉     | 1000/2039 [16:43<13:55,  1.24it/s]
 49%|████▉     | 1001/2039 [16:44<18:36,  1.08s/it]
 49%|████▉     | 1002/2039 [16:44<13:51,  1.25it/s]
 49%|████▉     | 1003/2039 [16:46<18:33,  1.08s/it]
 49%|████▉     | 1004/2039 [16:46<13:50,  1.25it/s]
 49%|████▉     | 1005/2039 [16:48<18:10,  1.05s/it]
 49%|████▉     | 1006/2039 [16:48<13:57,  1.23it/s]
 49%|████▉     | 1007/2039 [16:50<17:50,  1.04s/it]
 49%|████▉     | 1008/2039 [16:50<13:45,  1.25it/s]
 49%|████▉     | 1009/2039 [16:52<17:37,  1.03s/it]
 50%|████▉     | 1010/2039 [16:52<13:39,  1.26it/s]
 50%|████▉     | 1011/2039 [16:53<17:43,  1.03s/it]
 50%|████▉     | 1012/2039 [16:54<13:34,  1.26it/s]
 50%|████▉     | 1013/2039 [16:55<17:36,  1.03s/it]
 50%|████▉     | 1014/2039 [16:55<13:31,  1.26it/s]
 50%|████▉     | 1015/2039 [16:57<17:26,  1.02s/it]
 50%|████▉     | 1016/2039 [16:57<13:36,  1.25it/s]
 50%|████▉     | 1017/2039 [16:59<17:28,  1.03s/it]
 50%|████▉     | 1018/2039 [16:59<13:31,  1.26it/s]
 50%|████▉     | 1019/2039 [17:01<17:32,  1.03s/it]
 50%|█████     | 1020/2039 [17:01<13:24,  1.27it/s]
 50%|█████     | 1021/2039 [17:03<17:22,  1.02s/it]
 50%|█████     | 1022/2039 [17:03<13:31,  1.25it/s]
 50%|█████     | 1023/2039 [17:04<17:06,  1.01s/it]
 50%|█████     | 1024/2039 [17:05<13:28,  1.26it/s]
 50%|█████     | 1025/2039 [17:06<17:14,  1.02s/it]
 50%|█████     | 1026/2039 [17:06<13:11,  1.28it/s]
 50%|█████     | 1027/2039 [17:08<17:45,  1.05s/it]
 50%|█████     | 1028/2039 [17:08<13:55,  1.21it/s]
 50%|█████     | 1029/2039 [17:10<17:25,  1.03s/it]
 51%|█████     | 1030/2039 [17:10<13:35,  1.24it/s]
 51%|█████     | 1031/2039 [17:12<17:19,  1.03s/it]
 51%|█████     | 1032/2039 [17:12<13:30,  1.24it/s]
 51%|█████     | 1033/2039 [17:14<17:20,  1.03s/it]
 51%|█████     | 1034/2039 [17:14<13:11,  1.27it/s]
 51%|█████     | 1035/2039 [17:16<19:30,  1.17s/it]
 51%|█████     | 1036/2039 [17:16<14:11,  1.18it/s]
 51%|█████     | 1037/2039 [17:18<19:17,  1.16s/it]
 51%|█████     | 1038/2039 [17:18<14:05,  1.18it/s]
 51%|█████     | 1039/2039 [17:20<19:37,  1.18s/it]
 51%|█████     | 1041/2039 [17:22<18:34,  1.12s/it]
 51%|█████     | 1043/2039 [17:24<18:52,  1.14s/it]
 51%|█████▏    | 1045/2039 [17:27<19:11,  1.16s/it]
 51%|█████▏    | 1047/2039 [17:29<19:02,  1.15s/it]
 51%|█████▏    | 1049/2039 [17:31<18:07,  1.10s/it]
 52%|█████▏    | 1051/2039 [17:33<17:33,  1.07s/it]
 52%|█████▏    | 1053/2039 [17:35<17:16,  1.05s/it]
 52%|█████▏    | 1055/2039 [17:37<17:17,  1.05s/it]
 52%|█████▏    | 1057/2039 [17:39<16:58,  1.04s/it]
 52%|█████▏    | 1059/2039 [17:41<16:39,  1.02s/it]
 52%|█████▏    | 1061/2039 [17:43<16:36,  1.02s/it]
 52%|█████▏    | 1063/2039 [17:45<16:49,  1.03s/it]
 52%|█████▏    | 1065/2039 [17:47<17:04,  1.05s/it]
 52%|█████▏    | 1067/2039 [17:50<17:02,  1.05s/it]
 52%|█████▏    | 1069/2039 [17:51<16:43,  1.03s/it]
 53%|█████▎    | 1071/2039 [17:54<17:00,  1.05s/it]
 53%|█████▎    | 1073/2039 [17:56<18:12,  1.13s/it]
 53%|█████▎    | 1075/2039 [17:58<17:50,  1.11s/it]
 53%|█████▎    | 1077/2039 [18:01<17:28,  1.09s/it]
 53%|█████▎    | 1079/2039 [18:03<17:34,  1.10s/it]
 53%|█████▎    | 1081/2039 [18:05<17:06,  1.07s/it]
 53%|█████▎    | 1083/2039 [18:07<17:01,  1.07s/it]
 53%|█████▎    | 1085/2039 [18:09<16:44,  1.05s/it]
 53%|█████▎    | 1087/2039 [18:11<16:26,  1.04s/it]
 53%|█████▎    | 1089/2039 [18:14<18:44,  1.18s/it]
 54%|█████▎    | 1091/2039 [18:16<18:12,  1.15s/it]
 54%|█████▎    | 1093/2039 [18:18<18:06,  1.15s/it]
 54%|█████▎    | 1095/2039 [18:21<17:57,  1.14s/it]
 54%|█████▍    | 1097/2039 [18:23<17:36,  1.12s/it]
 54%|█████▍    | 1099/2039 [18:25<17:11,  1.10s/it]
 54%|█████▍    | 1101/2039 [18:27<17:33,  1.12s/it]
 54%|█████▍    | 1103/2039 [18:29<17:09,  1.10s/it]
 54%|█████▍    | 1105/2039 [18:31<16:43,  1.07s/it]
 54%|█████▍    | 1107/2039 [18:34<17:29,  1.13s/it]
 54%|█████▍    | 1109/2039 [18:36<16:48,  1.08s/it]
 54%|█████▍    | 1111/2039 [18:38<16:17,  1.05s/it]
 55%|█████▍    | 1112/2039 [18:38<13:43,  1.13it/s]
 55%|█████▍    | 1113/2039 [18:40<16:26,  1.06s/it]
 55%|█████▍    | 1115/2039 [18:42<15:28,  1.00s/it]
 55%|█████▍    | 1116/2039 [18:42<12:38,  1.22it/s]
 55%|█████▍    | 1117/2039 [18:43<15:57,  1.04s/it]
 55%|█████▍    | 1118/2039 [18:44<12:27,  1.23it/s]
 55%|█████▍    | 1119/2039 [18:45<15:51,  1.03s/it]
 55%|█████▍    | 1120/2039 [18:45<12:04,  1.27it/s]
 55%|█████▍    | 1121/2039 [18:47<17:51,  1.17s/it]
 55%|█████▌    | 1122/2039 [18:48<13:14,  1.15it/s]
 55%|█████▌    | 1123/2039 [18:50<18:05,  1.18s/it]
 55%|█████▌    | 1124/2039 [18:50<13:16,  1.15it/s]
 55%|█████▌    | 1125/2039 [18:52<18:38,  1.22s/it]
 55%|█████▌    | 1127/2039 [18:54<18:55,  1.25s/it]
 55%|█████▌    | 1128/2039 [18:54<14:41,  1.03it/s]
 55%|█████▌    | 1129/2039 [18:57<20:35,  1.36s/it]
 55%|█████▌    | 1131/2039 [18:59<19:51,  1.31s/it]
 56%|█████▌    | 1133/2039 [19:02<19:20,  1.28s/it]
 56%|█████▌    | 1134/2039 [19:02<15:37,  1.04s/it]
 56%|█████▌    | 1135/2039 [19:04<20:32,  1.36s/it]
 56%|█████▌    | 1136/2039 [19:04<15:47,  1.05s/it]
 56%|█████▌    | 1137/2039 [19:07<20:48,  1.38s/it]
 56%|█████▌    | 1139/2039 [19:09<18:53,  1.26s/it]
 56%|█████▌    | 1141/2039 [19:12<19:58,  1.33s/it]
 56%|█████▌    | 1143/2039 [19:15<21:02,  1.41s/it]
 56%|█████▌    | 1145/2039 [19:19<24:17,  1.63s/it]
 56%|█████▋    | 1147/2039 [19:23<26:24,  1.78s/it]
 56%|█████▋    | 1149/2039 [19:27<25:41,  1.73s/it]
 56%|█████▋    | 1150/2039 [19:27<21:15,  1.43s/it]
 56%|█████▋    | 1151/2039 [19:30<28:21,  1.92s/it]
 56%|█████▋    | 1152/2039 [19:31<22:22,  1.51s/it]
 57%|█████▋    | 1153/2039 [19:33<27:14,  1.84s/it]
 57%|█████▋    | 1155/2039 [19:36<25:00,  1.70s/it]
 57%|█████▋    | 1157/2039 [19:40<24:51,  1.69s/it]
 57%|█████▋    | 1159/2039 [19:42<21:17,  1.45s/it]
 57%|█████▋    | 1160/2039 [19:42<18:14,  1.24s/it]
 57%|█████▋    | 1161/2039 [19:44<18:39,  1.27s/it]
 57%|█████▋    | 1162/2039 [19:44<15:46,  1.08s/it]
 57%|█████▋    | 1163/2039 [19:45<16:41,  1.14s/it]
 57%|█████▋    | 1164/2039 [19:46<14:01,  1.04it/s]
 57%|█████▋    | 1165/2039 [19:47<14:41,  1.01s/it]
 57%|█████▋    | 1166/2039 [19:48<13:34,  1.07it/s]
 57%|█████▋    | 1167/2039 [19:49<14:08,  1.03it/s]
 57%|█████▋    | 1168/2039 [19:49<12:31,  1.16it/s]
 57%|█████▋    | 1169/2039 [19:51<14:24,  1.01it/s]
 57%|█████▋    | 1170/2039 [19:51<12:07,  1.19it/s]
 57%|█████▋    | 1171/2039 [19:52<14:11,  1.02it/s]
 57%|█████▋    | 1172/2039 [19:53<11:28,  1.26it/s]
 58%|█████▊    | 1173/2039 [19:56<21:28,  1.49s/it]
 58%|█████▊    | 1174/2039 [19:56<15:30,  1.08s/it]
 58%|█████▊    | 1175/2039 [19:59<23:48,  1.65s/it]
 58%|█████▊    | 1177/2039 [20:02<21:59,  1.53s/it]
 58%|█████▊    | 1179/2039 [20:04<20:07,  1.40s/it]
 58%|█████▊    | 1180/2039 [20:04<16:00,  1.12s/it]
 58%|█████▊    | 1181/2039 [20:07<20:18,  1.42s/it]
 58%|█████▊    | 1182/2039 [20:07<15:48,  1.11s/it]
 58%|█████▊    | 1183/2039 [20:10<21:30,  1.51s/it]
 58%|█████▊    | 1184/2039 [20:10<16:11,  1.14s/it]
 58%|█████▊    | 1185/2039 [20:12<21:08,  1.49s/it]
 58%|█████▊    | 1186/2039 [20:12<15:34,  1.10s/it]
 58%|█████▊    | 1187/2039 [20:15<20:51,  1.47s/it]
 58%|█████▊    | 1188/2039 [20:15<15:13,  1.07s/it]
 58%|█████▊    | 1189/2039 [20:17<19:15,  1.36s/it]
 58%|█████▊    | 1190/2039 [20:17<14:05,  1.00it/s]
 58%|█████▊    | 1191/2039 [20:20<21:40,  1.53s/it]
 58%|█████▊    | 1192/2039 [20:20<15:38,  1.11s/it]
 59%|█████▊    | 1193/2039 [20:22<19:56,  1.41s/it]
 59%|█████▊    | 1194/2039 [20:22<14:31,  1.03s/it]
 59%|█████▊    | 1195/2039 [20:26<27:42,  1.97s/it]
 59%|█████▊    | 1197/2039 [20:29<22:52,  1.63s/it]
 59%|█████▉    | 1199/2039 [20:31<20:24,  1.46s/it]
 59%|█████▉    | 1201/2039 [20:34<19:24,  1.39s/it]
 59%|█████▉    | 1203/2039 [20:37<19:48,  1.42s/it]
 59%|█████▉    | 1205/2039 [20:39<19:20,  1.39s/it]
 59%|█████▉    | 1207/2039 [20:43<20:52,  1.51s/it]
 59%|█████▉    | 1209/2039 [20:46<20:17,  1.47s/it]
 59%|█████▉    | 1211/2039 [20:48<19:31,  1.41s/it]
 59%|█████▉    | 1213/2039 [20:51<19:13,  1.40s/it]
 60%|█████▉    | 1215/2039 [20:55<22:11,  1.62s/it]
 60%|█████▉    | 1217/2039 [20:58<22:21,  1.63s/it]
 60%|█████▉    | 1219/2039 [21:02<23:19,  1.71s/it]
 60%|█████▉    | 1220/2039 [21:02<19:41,  1.44s/it]
 60%|█████▉    | 1221/2039 [21:04<20:20,  1.49s/it]
 60%|█████▉    | 1222/2039 [21:04<16:34,  1.22s/it]
 60%|█████▉    | 1223/2039 [21:06<17:17,  1.27s/it]
 60%|██████    | 1224/2039 [21:06<14:19,  1.05s/it]
 60%|██████    | 1225/2039 [21:08<15:48,  1.17s/it]
 60%|██████    | 1226/2039 [21:08<12:53,  1.05it/s]
 60%|██████    | 1227/2039 [21:10<15:03,  1.11s/it]
 60%|██████    | 1228/2039 [21:10<12:04,  1.12it/s]
 60%|██████    | 1229/2039 [21:11<14:06,  1.05s/it]
 60%|██████    | 1230/2039 [21:12<11:43,  1.15it/s]
 60%|██████    | 1231/2039 [21:13<13:36,  1.01s/it]
 60%|██████    | 1232/2039 [21:14<11:46,  1.14it/s]
 60%|██████    | 1233/2039 [21:15<13:03,  1.03it/s]
 61%|██████    | 1234/2039 [21:16<11:52,  1.13it/s]
 61%|██████    | 1235/2039 [21:17<12:52,  1.04it/s]
 61%|██████    | 1236/2039 [21:17<11:35,  1.15it/s]
 61%|██████    | 1237/2039 [21:18<12:28,  1.07it/s]
 61%|██████    | 1238/2039 [21:19<12:17,  1.09it/s]
 61%|██████    | 1239/2039 [21:20<12:14,  1.09it/s]
 61%|██████    | 1240/2039 [21:21<12:10,  1.09it/s]
 61%|██████    | 1241/2039 [21:22<12:11,  1.09it/s]
 61%|██████    | 1242/2039 [21:23<12:06,  1.10it/s]
 61%|██████    | 1243/2039 [21:24<12:03,  1.10it/s]
 61%|██████    | 1244/2039 [21:25<12:07,  1.09it/s]
 61%|██████    | 1245/2039 [21:26<11:32,  1.15it/s]
 61%|██████    | 1246/2039 [21:26<10:29,  1.26it/s]
 61%|██████    | 1247/2039 [21:27<11:04,  1.19it/s]
 61%|██████    | 1248/2039 [21:28<12:27,  1.06it/s]
 61%|██████▏   | 1249/2039 [21:29<12:05,  1.09it/s]
 61%|██████▏   | 1250/2039 [21:30<12:32,  1.05it/s]
 61%|██████▏   | 1251/2039 [21:31<11:49,  1.11it/s]
 61%|██████▏   | 1252/2039 [21:32<12:43,  1.03it/s]
 61%|██████▏   | 1253/2039 [21:33<11:44,  1.12it/s]
 62%|██████▏   | 1254/2039 [21:34<13:01,  1.00it/s]
 62%|██████▏   | 1255/2039 [21:35<11:35,  1.13it/s]
 62%|██████▏   | 1256/2039 [21:36<12:57,  1.01it/s]
 62%|██████▏   | 1257/2039 [21:37<11:39,  1.12it/s]
 62%|██████▏   | 1258/2039 [21:37<11:35,  1.12it/s]
 62%|██████▏   | 1259/2039 [21:38<11:56,  1.09it/s]
 62%|██████▏   | 1260/2039 [21:39<10:36,  1.22it/s]
 62%|██████▏   | 1261/2039 [21:40<11:48,  1.10it/s]
 62%|██████▏   | 1262/2039 [21:41<10:40,  1.21it/s]
 62%|██████▏   | 1263/2039 [21:42<11:28,  1.13it/s]
 62%|██████▏   | 1264/2039 [21:43<10:34,  1.22it/s]
 62%|██████▏   | 1265/2039 [21:43<11:11,  1.15it/s]
 62%|██████▏   | 1266/2039 [21:44<10:33,  1.22it/s]
 62%|██████▏   | 1267/2039 [21:45<11:25,  1.13it/s]
 62%|██████▏   | 1268/2039 [21:46<10:20,  1.24it/s]
 62%|██████▏   | 1269/2039 [21:47<11:22,  1.13it/s]
 62%|██████▏   | 1270/2039 [21:47<09:43,  1.32it/s]
 62%|██████▏   | 1271/2039 [21:48<10:45,  1.19it/s]
 62%|██████▏   | 1272/2039 [21:49<10:08,  1.26it/s]
 62%|██████▏   | 1273/2039 [21:50<11:18,  1.13it/s]
 62%|██████▏   | 1274/2039 [21:51<09:49,  1.30it/s]
 63%|██████▎   | 1275/2039 [21:51<09:12,  1.38it/s]
 63%|██████▎   | 1276/2039 [21:55<22:04,  1.74s/it]
 63%|██████▎   | 1277/2039 [21:56<15:55,  1.25s/it]
 63%|██████▎   | 1278/2039 [22:01<30:07,  2.37s/it]
 63%|██████▎   | 1279/2039 [22:01<21:39,  1.71s/it]
 63%|██████▎   | 1280/2039 [22:03<24:56,  1.97s/it]
 63%|██████▎   | 1281/2039 [22:03<17:52,  1.42s/it]
 63%|██████▎   | 1282/2039 [22:06<23:20,  1.85s/it]
 63%|██████▎   | 1284/2039 [22:10<22:37,  1.80s/it]
 63%|██████▎   | 1286/2039 [22:12<20:16,  1.62s/it]
 63%|██████▎   | 1287/2039 [22:13<16:12,  1.29s/it]
 63%|██████▎   | 1288/2039 [22:15<19:46,  1.58s/it]
 63%|██████▎   | 1290/2039 [22:17<16:56,  1.36s/it]
 63%|██████▎   | 1291/2039 [22:17<13:41,  1.10s/it]
 63%|██████▎   | 1292/2039 [22:19<14:44,  1.18s/it]
 63%|██████▎   | 1293/2039 [22:19<12:57,  1.04s/it]
 63%|██████▎   | 1294/2039 [22:21<13:24,  1.08s/it]
 64%|██████▎   | 1295/2039 [22:21<12:18,  1.01it/s]
 64%|██████▎   | 1296/2039 [22:22<11:52,  1.04it/s]
 64%|██████▎   | 1297/2039 [22:23<12:28,  1.01s/it]
 64%|██████▎   | 1298/2039 [22:24<11:26,  1.08it/s]
 64%|██████▎   | 1299/2039 [22:25<12:12,  1.01it/s]
 64%|██████▍   | 1300/2039 [22:26<11:22,  1.08it/s]
 64%|██████▍   | 1301/2039 [22:27<11:50,  1.04it/s]
 64%|██████▍   | 1302/2039 [22:28<11:16,  1.09it/s]
 64%|██████▍   | 1303/2039 [22:29<11:52,  1.03it/s]
 64%|██████▍   | 1304/2039 [22:30<11:10,  1.10it/s]
 64%|██████▍   | 1305/2039 [22:31<11:43,  1.04it/s]
 64%|██████▍   | 1306/2039 [22:32<10:54,  1.12it/s]
 64%|██████▍   | 1307/2039 [22:33<11:47,  1.03it/s]
 64%|██████▍   | 1308/2039 [22:33<11:00,  1.11it/s]
 64%|██████▍   | 1309/2039 [22:35<11:44,  1.04it/s]
 64%|██████▍   | 1310/2039 [22:35<11:06,  1.09it/s]
 64%|██████▍   | 1311/2039 [22:36<11:50,  1.02it/s]
 64%|██████▍   | 1312/2039 [22:37<11:00,  1.10it/s]
 64%|██████▍   | 1313/2039 [22:38<11:43,  1.03it/s]
 64%|██████▍   | 1314/2039 [22:39<11:03,  1.09it/s]
 64%|██████▍   | 1315/2039 [22:40<11:51,  1.02it/s]
 65%|██████▍   | 1316/2039 [22:41<10:15,  1.18it/s]
 65%|██████▍   | 1317/2039 [22:42<12:17,  1.02s/it]
 65%|██████▍   | 1318/2039 [22:43<10:19,  1.16it/s]
 65%|██████▍   | 1319/2039 [22:44<12:09,  1.01s/it]
 65%|██████▍   | 1320/2039 [22:45<10:18,  1.16it/s]
 65%|██████▍   | 1321/2039 [22:46<12:12,  1.02s/it]
 65%|██████▍   | 1322/2039 [22:46<10:09,  1.18it/s]
 65%|██████▍   | 1323/2039 [22:48<12:15,  1.03s/it]
 65%|██████▍   | 1324/2039 [22:48<10:03,  1.19it/s]
 65%|██████▍   | 1325/2039 [22:50<12:06,  1.02s/it]
 65%|██████▌   | 1326/2039 [22:50<10:19,  1.15it/s]
 65%|██████▌   | 1327/2039 [22:52<12:18,  1.04s/it]
 65%|██████▌   | 1328/2039 [22:52<10:13,  1.16it/s]
 65%|██████▌   | 1329/2039 [22:54<12:12,  1.03s/it]
 65%|██████▌   | 1330/2039 [22:54<10:13,  1.16it/s]
 65%|██████▌   | 1331/2039 [22:55<12:12,  1.03s/it]
 65%|██████▌   | 1332/2039 [22:56<10:06,  1.17it/s]
 65%|██████▌   | 1333/2039 [22:57<12:15,  1.04s/it]
 65%|██████▌   | 1334/2039 [22:58<09:37,  1.22it/s]
 65%|██████▌   | 1335/2039 [22:59<12:37,  1.08s/it]
 66%|██████▌   | 1336/2039 [23:00<09:34,  1.22it/s]
 66%|██████▌   | 1337/2039 [23:01<12:33,  1.07s/it]
 66%|██████▌   | 1338/2039 [23:01<09:34,  1.22it/s]
 66%|██████▌   | 1339/2039 [23:04<14:48,  1.27s/it]
 66%|██████▌   | 1341/2039 [23:07<17:02,  1.46s/it]
 66%|██████▌   | 1343/2039 [23:10<17:09,  1.48s/it]
 66%|██████▌   | 1345/2039 [23:13<17:03,  1.47s/it]
 66%|██████▌   | 1347/2039 [23:17<18:45,  1.63s/it]
 66%|██████▌   | 1349/2039 [23:20<19:05,  1.66s/it]
 66%|██████▋   | 1351/2039 [23:23<17:34,  1.53s/it]
 66%|██████▋   | 1352/2039 [23:23<14:48,  1.29s/it]
 66%|██████▋   | 1353/2039 [23:25<15:28,  1.35s/it]
 66%|██████▋   | 1354/2039 [23:25<13:19,  1.17s/it]
 66%|██████▋   | 1355/2039 [23:27<13:48,  1.21s/it]
 67%|██████▋   | 1356/2039 [23:27<12:02,  1.06s/it]
 67%|██████▋   | 1357/2039 [23:28<12:27,  1.10s/it]
 67%|██████▋   | 1358/2039 [23:29<11:21,  1.00s/it]
 67%|██████▋   | 1359/2039 [23:30<11:35,  1.02s/it]
 67%|██████▋   | 1360/2039 [23:31<11:00,  1.03it/s]
 67%|██████▋   | 1361/2039 [23:32<11:06,  1.02it/s]
 67%|██████▋   | 1362/2039 [23:33<10:47,  1.05it/s]
 67%|██████▋   | 1363/2039 [23:34<10:59,  1.02it/s]
 67%|██████▋   | 1364/2039 [23:35<10:36,  1.06it/s]
 67%|██████▋   | 1365/2039 [23:36<10:56,  1.03it/s]
 67%|██████▋   | 1366/2039 [23:37<10:02,  1.12it/s]
 67%|██████▋   | 1367/2039 [23:38<11:04,  1.01it/s]
 67%|██████▋   | 1368/2039 [23:39<09:58,  1.12it/s]
 67%|██████▋   | 1369/2039 [23:40<11:05,  1.01it/s]
 67%|██████▋   | 1370/2039 [23:40<10:00,  1.11it/s]
 67%|██████▋   | 1371/2039 [23:42<11:00,  1.01it/s]
 67%|██████▋   | 1372/2039 [23:42<10:04,  1.10it/s]
 67%|██████▋   | 1373/2039 [23:44<10:51,  1.02it/s]
 67%|██████▋   | 1374/2039 [23:44<10:09,  1.09it/s]
 67%|██████▋   | 1375/2039 [23:45<10:36,  1.04it/s]
 67%|██████▋   | 1376/2039 [23:46<10:17,  1.07it/s]
 68%|██████▊   | 1377/2039 [23:47<10:35,  1.04it/s]
 68%|██████▊   | 1378/2039 [23:48<10:15,  1.07it/s]
 68%|██████▊   | 1379/2039 [23:49<10:42,  1.03it/s]
 68%|██████▊   | 1380/2039 [23:50<10:04,  1.09it/s]
 68%|██████▊   | 1381/2039 [23:51<10:43,  1.02it/s]
 68%|██████▊   | 1382/2039 [23:52<09:55,  1.10it/s]
 68%|██████▊   | 1383/2039 [23:53<10:35,  1.03it/s]
 68%|██████▊   | 1384/2039 [23:54<10:06,  1.08it/s]
 68%|██████▊   | 1385/2039 [23:55<10:22,  1.05it/s]
 68%|██████▊   | 1386/2039 [23:56<09:56,  1.10it/s]
 68%|██████▊   | 1387/2039 [23:57<10:34,  1.03it/s]
 68%|██████▊   | 1388/2039 [23:58<10:09,  1.07it/s]
 68%|██████▊   | 1389/2039 [23:59<10:22,  1.04it/s]
 68%|██████▊   | 1390/2039 [24:00<10:19,  1.05it/s]
 68%|██████▊   | 1391/2039 [24:00<10:14,  1.05it/s]
 68%|██████▊   | 1392/2039 [24:01<10:32,  1.02it/s]
 68%|██████▊   | 1393/2039 [24:02<10:16,  1.05it/s]
 68%|██████▊   | 1394/2039 [24:03<10:15,  1.05it/s]
 68%|██████▊   | 1395/2039 [24:04<10:08,  1.06it/s]
 68%|██████▊   | 1396/2039 [24:05<10:20,  1.04it/s]
 69%|██████▊   | 1397/2039 [24:06<09:54,  1.08it/s]
 69%|██████▊   | 1398/2039 [24:07<10:16,  1.04it/s]
 69%|██████▊   | 1399/2039 [24:08<09:51,  1.08it/s]
 69%|██████▊   | 1400/2039 [24:09<10:08,  1.05it/s]
 69%|██████▊   | 1401/2039 [24:10<09:46,  1.09it/s]
 69%|██████▉   | 1402/2039 [24:11<10:10,  1.04it/s]
 69%|██████▉   | 1403/2039 [24:12<09:49,  1.08it/s]
 69%|██████▉   | 1404/2039 [24:13<09:56,  1.06it/s]
 69%|██████▉   | 1405/2039 [24:14<09:55,  1.07it/s]
 69%|██████▉   | 1406/2039 [24:15<10:03,  1.05it/s]
 69%|██████▉   | 1407/2039 [24:16<09:52,  1.07it/s]
 69%|██████▉   | 1408/2039 [24:17<10:02,  1.05it/s]
 69%|██████▉   | 1409/2039 [24:17<09:55,  1.06it/s]
 69%|██████▉   | 1410/2039 [24:18<09:42,  1.08it/s]
 69%|██████▉   | 1411/2039 [24:19<10:08,  1.03it/s]
 69%|██████▉   | 1412/2039 [24:20<10:03,  1.04it/s]
 69%|██████▉   | 1413/2039 [24:21<10:05,  1.03it/s]
 69%|██████▉   | 1414/2039 [24:22<10:15,  1.02it/s]
 69%|██████▉   | 1415/2039 [24:23<09:47,  1.06it/s]
 69%|██████▉   | 1416/2039 [24:24<10:06,  1.03it/s]
 69%|██████▉   | 1417/2039 [24:25<09:51,  1.05it/s]
 70%|██████▉   | 1418/2039 [24:26<10:06,  1.02it/s]
 70%|██████▉   | 1419/2039 [24:27<09:38,  1.07it/s]
 70%|██████▉   | 1420/2039 [24:28<10:17,  1.00it/s]
 70%|██████▉   | 1421/2039 [24:29<09:32,  1.08it/s]
 70%|██████▉   | 1422/2039 [24:30<10:20,  1.01s/it]
 70%|██████▉   | 1423/2039 [24:31<09:32,  1.08it/s]
 70%|██████▉   | 1424/2039 [24:32<10:03,  1.02it/s]
 70%|██████▉   | 1425/2039 [24:33<09:32,  1.07it/s]
 70%|██████▉   | 1426/2039 [24:34<09:50,  1.04it/s]
 70%|██████▉   | 1427/2039 [24:35<09:35,  1.06it/s]
 70%|███████   | 1428/2039 [24:36<09:53,  1.03it/s]
 70%|███████   | 1429/2039 [24:37<09:30,  1.07it/s]
 70%|███████   | 1430/2039 [24:38<09:46,  1.04it/s]
 70%|███████   | 1431/2039 [24:38<09:21,  1.08it/s]
 70%|███████   | 1432/2039 [24:40<09:41,  1.04it/s]
 70%|███████   | 1433/2039 [24:40<09:15,  1.09it/s]
 70%|███████   | 1434/2039 [24:41<09:54,  1.02it/s]
 70%|███████   | 1435/2039 [24:42<09:09,  1.10it/s]
 70%|███████   | 1436/2039 [24:43<09:56,  1.01it/s]
 70%|███████   | 1437/2039 [24:44<09:03,  1.11it/s]
 71%|███████   | 1438/2039 [24:45<09:52,  1.01it/s]
 71%|███████   | 1439/2039 [24:46<09:03,  1.10it/s]
 71%|███████   | 1440/2039 [24:47<09:56,  1.00it/s]
 71%|███████   | 1441/2039 [24:48<08:58,  1.11it/s]
 71%|███████   | 1442/2039 [24:49<09:30,  1.05it/s]
 71%|███████   | 1443/2039 [24:50<09:12,  1.08it/s]
 71%|███████   | 1444/2039 [24:51<09:04,  1.09it/s]
 71%|███████   | 1445/2039 [24:52<09:06,  1.09it/s]
 71%|███████   | 1446/2039 [24:53<09:25,  1.05it/s]
 71%|███████   | 1447/2039 [24:53<08:54,  1.11it/s]
 71%|███████   | 1448/2039 [24:54<09:06,  1.08it/s]
 71%|███████   | 1449/2039 [24:55<08:59,  1.09it/s]
 71%|███████   | 1450/2039 [24:56<08:42,  1.13it/s]
 71%|███████   | 1451/2039 [24:57<09:02,  1.08it/s]
 71%|███████   | 1452/2039 [24:58<09:08,  1.07it/s]
 71%|███████▏  | 1453/2039 [24:59<08:36,  1.13it/s]
 71%|███████▏  | 1454/2039 [25:00<09:30,  1.03it/s]
 71%|███████▏  | 1455/2039 [25:01<08:39,  1.12it/s]
 71%|███████▏  | 1456/2039 [25:02<09:28,  1.03it/s]
 71%|███████▏  | 1457/2039 [25:03<08:20,  1.16it/s]
 72%|███████▏  | 1458/2039 [25:04<09:39,  1.00it/s]
 72%|███████▏  | 1459/2039 [25:04<08:26,  1.15it/s]
 72%|███████▏  | 1460/2039 [25:06<09:48,  1.02s/it]
 72%|███████▏  | 1461/2039 [25:06<08:26,  1.14it/s]
 72%|███████▏  | 1462/2039 [25:08<09:35,  1.00it/s]
 72%|███████▏  | 1463/2039 [25:08<08:50,  1.08it/s]
 72%|███████▏  | 1464/2039 [25:09<09:26,  1.01it/s]
 72%|███████▏  | 1465/2039 [25:10<08:43,  1.10it/s]
 72%|███████▏  | 1466/2039 [25:11<09:25,  1.01it/s]
 72%|███████▏  | 1467/2039 [25:12<08:42,  1.09it/s]
 72%|███████▏  | 1468/2039 [25:13<09:19,  1.02it/s]
 72%|███████▏  | 1469/2039 [25:14<08:33,  1.11it/s]
 72%|███████▏  | 1470/2039 [25:15<09:22,  1.01it/s]
 72%|███████▏  | 1471/2039 [25:16<08:27,  1.12it/s]
 72%|███████▏  | 1472/2039 [25:17<09:37,  1.02s/it]
 72%|███████▏  | 1473/2039 [25:18<08:25,  1.12it/s]
 72%|███████▏  | 1474/2039 [25:19<09:29,  1.01s/it]
 72%|███████▏  | 1475/2039 [25:20<08:26,  1.11it/s]
 72%|███████▏  | 1476/2039 [25:21<08:48,  1.07it/s]
 72%|███████▏  | 1477/2039 [25:22<09:07,  1.03it/s]
 72%|███████▏  | 1478/2039 [25:23<08:52,  1.05it/s]
 73%|███████▎  | 1479/2039 [25:24<09:01,  1.03it/s]
 73%|███████▎  | 1480/2039 [25:25<08:53,  1.05it/s]
 73%|███████▎  | 1481/2039 [25:26<08:57,  1.04it/s]
 73%|███████▎  | 1482/2039 [25:26<08:49,  1.05it/s]
 73%|███████▎  | 1483/2039 [25:27<08:52,  1.04it/s]
 73%|███████▎  | 1484/2039 [25:28<08:58,  1.03it/s]
 73%|███████▎  | 1485/2039 [25:29<08:56,  1.03it/s]
 73%|███████▎  | 1486/2039 [25:30<09:08,  1.01it/s]
 73%|███████▎  | 1487/2039 [25:31<08:43,  1.05it/s]
 73%|███████▎  | 1488/2039 [25:32<09:11,  1.00s/it]
 73%|███████▎  | 1489/2039 [25:33<08:29,  1.08it/s]
 73%|███████▎  | 1490/2039 [25:34<08:58,  1.02it/s]
 73%|███████▎  | 1491/2039 [25:35<08:40,  1.05it/s]
 73%|███████▎  | 1492/2039 [25:36<09:01,  1.01it/s]
 73%|███████▎  | 1493/2039 [25:37<08:30,  1.07it/s]
 73%|███████▎  | 1494/2039 [25:38<08:57,  1.01it/s]
 73%|███████▎  | 1495/2039 [25:39<08:31,  1.06it/s]
 73%|███████▎  | 1496/2039 [25:40<09:02,  1.00it/s]
 73%|███████▎  | 1497/2039 [25:41<08:30,  1.06it/s]
 73%|███████▎  | 1498/2039 [25:42<08:45,  1.03it/s]
 74%|███████▎  | 1499/2039 [25:43<08:32,  1.05it/s]
 74%|███████▎  | 1500/2039 [25:44<08:50,  1.02it/s]
 74%|███████▎  | 1501/2039 [25:45<08:32,  1.05it/s]
 74%|███████▎  | 1502/2039 [25:46<08:51,  1.01it/s]
 74%|███████▎  | 1503/2039 [25:47<08:25,  1.06it/s]
 74%|███████▍  | 1504/2039 [25:48<08:45,  1.02it/s]
 74%|███████▍  | 1505/2039 [25:49<08:20,  1.07it/s]
 74%|███████▍  | 1506/2039 [25:50<08:35,  1.03it/s]
 74%|███████▍  | 1507/2039 [25:51<08:37,  1.03it/s]
 74%|███████▍  | 1508/2039 [25:52<08:33,  1.03it/s]
 74%|███████▍  | 1509/2039 [25:52<08:16,  1.07it/s]
 74%|███████▍  | 1510/2039 [25:54<08:33,  1.03it/s]
 74%|███████▍  | 1511/2039 [25:54<08:02,  1.09it/s]
 74%|███████▍  | 1512/2039 [25:55<08:33,  1.03it/s]
 74%|███████▍  | 1513/2039 [25:56<08:00,  1.09it/s]
 74%|███████▍  | 1514/2039 [25:57<08:40,  1.01it/s]
 74%|███████▍  | 1515/2039 [25:58<07:49,  1.11it/s]
 74%|███████▍  | 1516/2039 [25:59<08:49,  1.01s/it]
 74%|███████▍  | 1517/2039 [26:00<07:50,  1.11it/s]
 74%|███████▍  | 1518/2039 [26:01<08:52,  1.02s/it]
 74%|███████▍  | 1519/2039 [26:02<07:54,  1.10it/s]
 75%|███████▍  | 1520/2039 [26:03<07:41,  1.12it/s]
 75%|███████▍  | 1521/2039 [26:04<08:51,  1.03s/it]
 75%|███████▍  | 1522/2039 [26:05<07:43,  1.12it/s]
 75%|███████▍  | 1523/2039 [26:06<08:51,  1.03s/it]
 75%|███████▍  | 1524/2039 [26:07<07:47,  1.10it/s]
 75%|███████▍  | 1525/2039 [26:08<08:36,  1.01s/it]
 75%|███████▍  | 1526/2039 [26:09<07:54,  1.08it/s]
 75%|███████▍  | 1527/2039 [26:10<08:23,  1.02it/s]
 75%|███████▍  | 1528/2039 [26:11<08:03,  1.06it/s]
 75%|███████▍  | 1529/2039 [26:12<08:16,  1.03it/s]
 75%|███████▌  | 1530/2039 [26:13<08:03,  1.05it/s]
 75%|███████▌  | 1531/2039 [26:14<08:01,  1.05it/s]
 75%|███████▌  | 1532/2039 [26:14<08:03,  1.05it/s]
 75%|███████▌  | 1533/2039 [26:15<07:59,  1.05it/s]
 75%|███████▌  | 1534/2039 [26:16<07:46,  1.08it/s]
 75%|███████▌  | 1535/2039 [26:17<07:55,  1.06it/s]
 75%|███████▌  | 1536/2039 [26:18<07:49,  1.07it/s]
 75%|███████▌  | 1537/2039 [26:19<07:54,  1.06it/s]
 75%|███████▌  | 1538/2039 [26:20<07:53,  1.06it/s]
 75%|███████▌  | 1539/2039 [26:21<07:51,  1.06it/s]
 76%|███████▌  | 1540/2039 [26:22<07:37,  1.09it/s]
 76%|███████▌  | 1541/2039 [26:23<07:57,  1.04it/s]
 76%|███████▌  | 1542/2039 [26:24<07:18,  1.13it/s]
 76%|███████▌  | 1543/2039 [26:25<08:31,  1.03s/it]
 76%|███████▌  | 1544/2039 [26:26<07:25,  1.11it/s]
 76%|███████▌  | 1545/2039 [26:27<08:34,  1.04s/it]
 76%|███████▌  | 1546/2039 [26:28<07:24,  1.11it/s]
 76%|███████▌  | 1547/2039 [26:29<08:22,  1.02s/it]
 76%|███████▌  | 1548/2039 [26:29<07:23,  1.11it/s]
 76%|███████▌  | 1549/2039 [26:31<08:11,  1.00s/it]
 76%|███████▌  | 1550/2039 [26:31<07:11,  1.13it/s]
 76%|███████▌  | 1551/2039 [26:33<08:16,  1.02s/it]
 76%|███████▌  | 1552/2039 [26:33<07:11,  1.13it/s]
 76%|███████▌  | 1553/2039 [26:34<07:58,  1.02it/s]
 76%|███████▌  | 1554/2039 [26:35<07:17,  1.11it/s]
 76%|███████▋  | 1555/2039 [26:36<07:56,  1.02it/s]
 76%|███████▋  | 1556/2039 [26:37<07:14,  1.11it/s]
 76%|███████▋  | 1557/2039 [26:38<07:55,  1.01it/s]
 76%|███████▋  | 1558/2039 [26:39<07:16,  1.10it/s]
 76%|███████▋  | 1559/2039 [26:40<07:46,  1.03it/s]
 77%|███████▋  | 1560/2039 [26:41<07:09,  1.12it/s]
 77%|███████▋  | 1561/2039 [26:42<07:41,  1.04it/s]
 77%|███████▋  | 1562/2039 [26:43<06:59,  1.14it/s]
 77%|███████▋  | 1563/2039 [26:44<07:44,  1.03it/s]
 77%|███████▋  | 1564/2039 [26:45<07:04,  1.12it/s]
 77%|███████▋  | 1565/2039 [26:46<07:36,  1.04it/s]
 77%|███████▋  | 1566/2039 [26:46<07:10,  1.10it/s]
 77%|███████▋  | 1567/2039 [26:47<07:25,  1.06it/s]
 77%|███████▋  | 1568/2039 [26:48<07:17,  1.08it/s]
 77%|███████▋  | 1569/2039 [26:49<07:16,  1.08it/s]
 77%|███████▋  | 1570/2039 [26:50<07:24,  1.06it/s]
 77%|███████▋  | 1571/2039 [26:51<07:23,  1.06it/s]
 77%|███████▋  | 1572/2039 [26:52<07:27,  1.04it/s]
 77%|███████▋  | 1573/2039 [26:53<07:29,  1.04it/s]
 77%|███████▋  | 1574/2039 [26:54<07:09,  1.08it/s]
 77%|███████▋  | 1575/2039 [26:55<07:44,  1.00s/it]
 77%|███████▋  | 1576/2039 [26:56<07:12,  1.07it/s]
 77%|███████▋  | 1577/2039 [26:57<07:27,  1.03it/s]
 77%|███████▋  | 1578/2039 [26:58<07:03,  1.09it/s]
 77%|███████▋  | 1579/2039 [26:59<07:23,  1.04it/s]
 77%|███████▋  | 1580/2039 [27:00<06:55,  1.11it/s]
 78%|███████▊  | 1581/2039 [27:01<07:31,  1.01it/s]
 78%|███████▊  | 1582/2039 [27:01<06:46,  1.12it/s]
 78%|███████▊  | 1583/2039 [27:03<07:22,  1.03it/s]
 78%|███████▊  | 1584/2039 [27:03<06:52,  1.10it/s]
 78%|███████▊  | 1585/2039 [27:05<07:20,  1.03it/s]
 78%|███████▊  | 1586/2039 [27:05<06:55,  1.09it/s]
 78%|███████▊  | 1587/2039 [27:06<07:01,  1.07it/s]
 78%|███████▊  | 1588/2039 [27:07<07:18,  1.03it/s]
 78%|███████▊  | 1589/2039 [27:08<07:07,  1.05it/s]
 78%|███████▊  | 1590/2039 [27:09<07:13,  1.04it/s]
 78%|███████▊  | 1591/2039 [27:10<07:13,  1.03it/s]
 78%|███████▊  | 1592/2039 [27:11<07:18,  1.02it/s]
 78%|███████▊  | 1593/2039 [27:12<07:12,  1.03it/s]
 78%|███████▊  | 1594/2039 [27:13<07:16,  1.02it/s]
 78%|███████▊  | 1595/2039 [27:14<06:56,  1.07it/s]
 78%|███████▊  | 1596/2039 [27:15<07:18,  1.01it/s]
 78%|███████▊  | 1597/2039 [27:16<06:53,  1.07it/s]
 78%|███████▊  | 1598/2039 [27:17<06:49,  1.08it/s]
 78%|███████▊  | 1599/2039 [27:18<07:14,  1.01it/s]
 78%|███████▊  | 1600/2039 [27:19<06:52,  1.06it/s]
 79%|███████▊  | 1601/2039 [27:20<07:10,  1.02it/s]
 79%|███████▊  | 1602/2039 [27:21<06:43,  1.08it/s]
 79%|███████▊  | 1603/2039 [27:22<07:11,  1.01it/s]
 79%|███████▊  | 1604/2039 [27:23<06:39,  1.09it/s]
 79%|███████▊  | 1605/2039 [27:24<07:05,  1.02it/s]
 79%|███████▉  | 1606/2039 [27:24<06:35,  1.10it/s]
 79%|███████▉  | 1607/2039 [27:25<06:47,  1.06it/s]
 79%|███████▉  | 1608/2039 [27:26<06:53,  1.04it/s]
 79%|███████▉  | 1609/2039 [27:27<06:31,  1.10it/s]
 79%|███████▉  | 1610/2039 [27:28<07:07,  1.00it/s]
 79%|███████▉  | 1611/2039 [27:29<06:23,  1.12it/s]
 79%|███████▉  | 1612/2039 [27:30<06:59,  1.02it/s]
 79%|███████▉  | 1613/2039 [27:31<06:28,  1.10it/s]
 79%|███████▉  | 1614/2039 [27:32<06:54,  1.03it/s]
 79%|███████▉  | 1615/2039 [27:33<06:24,  1.10it/s]
 79%|███████▉  | 1616/2039 [27:34<06:39,  1.06it/s]
 79%|███████▉  | 1617/2039 [27:35<06:25,  1.09it/s]
 79%|███████▉  | 1618/2039 [27:36<06:35,  1.06it/s]
 79%|███████▉  | 1619/2039 [27:37<06:31,  1.07it/s]
 79%|███████▉  | 1620/2039 [27:38<06:36,  1.06it/s]
 79%|███████▉  | 1621/2039 [27:39<06:25,  1.09it/s]
 80%|███████▉  | 1622/2039 [27:40<06:34,  1.06it/s]
 80%|███████▉  | 1623/2039 [27:40<06:30,  1.06it/s]
 80%|███████▉  | 1624/2039 [27:41<06:37,  1.05it/s]
 80%|███████▉  | 1625/2039 [27:42<06:22,  1.08it/s]
 80%|███████▉  | 1626/2039 [27:43<06:11,  1.11it/s]
 80%|███████▉  | 1627/2039 [27:44<06:23,  1.07it/s]
 80%|███████▉  | 1628/2039 [27:45<06:33,  1.04it/s]
 80%|███████▉  | 1629/2039 [27:46<06:24,  1.07it/s]
 80%|███████▉  | 1630/2039 [27:47<06:31,  1.04it/s]
 80%|███████▉  | 1631/2039 [27:48<06:23,  1.06it/s]
 80%|████████  | 1632/2039 [27:49<06:25,  1.05it/s]
 80%|████████  | 1633/2039 [27:50<06:24,  1.06it/s]
 80%|████████  | 1634/2039 [27:51<06:30,  1.04it/s]
 80%|████████  | 1635/2039 [27:52<06:26,  1.05it/s]
 80%|████████  | 1636/2039 [27:53<06:27,  1.04it/s]
 80%|████████  | 1637/2039 [27:54<06:22,  1.05it/s]
 80%|████████  | 1638/2039 [27:55<06:25,  1.04it/s]
 80%|████████  | 1639/2039 [27:56<06:19,  1.06it/s]
 80%|████████  | 1640/2039 [27:57<06:21,  1.04it/s]
 80%|████████  | 1641/2039 [27:58<06:26,  1.03it/s]
 81%|████████  | 1642/2039 [27:59<06:21,  1.04it/s]
 81%|████████  | 1643/2039 [27:59<06:14,  1.06it/s]
 81%|████████  | 1644/2039 [28:01<06:29,  1.01it/s]
 81%|████████  | 1645/2039 [28:01<05:54,  1.11it/s]
 81%|████████  | 1646/2039 [28:03<06:43,  1.03s/it]
 81%|████████  | 1647/2039 [28:03<05:49,  1.12it/s]
 81%|████████  | 1648/2039 [28:04<06:38,  1.02s/it]
 81%|████████  | 1649/2039 [28:05<05:33,  1.17it/s]
 81%|████████  | 1650/2039 [28:06<06:42,  1.03s/it]
 81%|████████  | 1651/2039 [28:07<05:32,  1.17it/s]
 81%|████████  | 1652/2039 [28:08<06:40,  1.03s/it]
 81%|████████  | 1653/2039 [28:09<05:35,  1.15it/s]
 81%|████████  | 1654/2039 [28:10<06:31,  1.02s/it]
 81%|████████  | 1655/2039 [28:11<05:38,  1.13it/s]
 81%|████████  | 1656/2039 [28:12<06:32,  1.03s/it]
 81%|████████▏ | 1657/2039 [28:13<05:31,  1.15it/s]
 81%|████████▏ | 1658/2039 [28:14<06:32,  1.03s/it]
 81%|████████▏ | 1659/2039 [28:14<05:28,  1.16it/s]
 81%|████████▏ | 1660/2039 [28:16<06:29,  1.03s/it]
 81%|████████▏ | 1661/2039 [28:16<05:19,  1.18it/s]
 82%|████████▏ | 1662/2039 [28:18<06:27,  1.03s/it]
 82%|████████▏ | 1663/2039 [28:18<05:14,  1.19it/s]
 82%|████████▏ | 1664/2039 [28:20<06:22,  1.02s/it]
 82%|████████▏ | 1665/2039 [28:20<05:02,  1.24it/s]
 82%|████████▏ | 1666/2039 [28:22<06:49,  1.10s/it]
 82%|████████▏ | 1667/2039 [28:22<05:09,  1.20it/s]
 82%|████████▏ | 1668/2039 [28:24<06:45,  1.09s/it]
 82%|████████▏ | 1669/2039 [28:24<05:07,  1.21it/s]
 82%|████████▏ | 1670/2039 [28:25<06:37,  1.08s/it]
 82%|████████▏ | 1671/2039 [28:26<05:04,  1.21it/s]
 82%|████████▏ | 1672/2039 [28:27<06:37,  1.08s/it]
 82%|████████▏ | 1673/2039 [28:28<05:04,  1.20it/s]
 82%|████████▏ | 1674/2039 [28:29<06:42,  1.10s/it]
 82%|████████▏ | 1675/2039 [28:30<05:03,  1.20it/s]
 82%|████████▏ | 1676/2039 [28:31<06:38,  1.10s/it]
 82%|████████▏ | 1677/2039 [28:31<05:02,  1.20it/s]
 82%|████████▏ | 1678/2039 [28:33<06:59,  1.16s/it]
 82%|████████▏ | 1679/2039 [28:34<05:09,  1.16it/s]
 82%|████████▏ | 1680/2039 [28:36<08:34,  1.43s/it]
 82%|████████▏ | 1682/2039 [28:40<09:01,  1.52s/it]
 83%|████████▎ | 1684/2039 [28:43<10:02,  1.70s/it]
 83%|████████▎ | 1686/2039 [28:46<08:46,  1.49s/it]
 83%|████████▎ | 1687/2039 [28:46<07:10,  1.22s/it]
 83%|████████▎ | 1688/2039 [28:48<08:03,  1.38s/it]
 83%|████████▎ | 1689/2039 [28:48<06:21,  1.09s/it]
 83%|████████▎ | 1690/2039 [28:50<07:56,  1.37s/it]
 83%|████████▎ | 1691/2039 [28:50<06:07,  1.06s/it]
 83%|████████▎ | 1692/2039 [28:52<07:11,  1.24s/it]
 83%|████████▎ | 1693/2039 [28:52<05:30,  1.05it/s]
 83%|████████▎ | 1694/2039 [28:54<06:36,  1.15s/it]
 83%|████████▎ | 1695/2039 [28:54<05:05,  1.12it/s]
 83%|████████▎ | 1696/2039 [28:56<06:21,  1.11s/it]
 83%|████████▎ | 1697/2039 [28:56<04:54,  1.16it/s]
 83%|████████▎ | 1698/2039 [28:58<06:10,  1.09s/it]
 83%|████████▎ | 1699/2039 [28:58<04:47,  1.18it/s]
 83%|████████▎ | 1700/2039 [29:00<06:11,  1.09s/it]
 83%|████████▎ | 1701/2039 [29:00<04:48,  1.17it/s]
 83%|████████▎ | 1702/2039 [29:02<06:02,  1.08s/it]
 84%|████████▎ | 1703/2039 [29:02<04:56,  1.13it/s]
 84%|████████▎ | 1704/2039 [29:03<05:45,  1.03s/it]
 84%|████████▎ | 1705/2039 [29:04<05:09,  1.08it/s]
 84%|████████▎ | 1706/2039 [29:05<05:38,  1.02s/it]
 84%|████████▎ | 1707/2039 [29:06<05:14,  1.06it/s]
 84%|████████▍ | 1708/2039 [29:07<05:33,  1.01s/it]
 84%|████████▍ | 1709/2039 [29:08<05:07,  1.07it/s]
 84%|████████▍ | 1710/2039 [29:09<05:30,  1.00s/it]
 84%|████████▍ | 1711/2039 [29:10<05:01,  1.09it/s]
 84%|████████▍ | 1712/2039 [29:11<05:29,  1.01s/it]
 84%|████████▍ | 1713/2039 [29:12<04:58,  1.09it/s]
 84%|████████▍ | 1714/2039 [29:13<05:25,  1.00s/it]
 84%|████████▍ | 1715/2039 [29:14<04:52,  1.11it/s]
 84%|████████▍ | 1716/2039 [29:15<05:28,  1.02s/it]
 84%|████████▍ | 1717/2039 [29:16<04:55,  1.09it/s]
 84%|████████▍ | 1718/2039 [29:17<05:19,  1.00it/s]
 84%|████████▍ | 1719/2039 [29:18<04:54,  1.09it/s]
 84%|████████▍ | 1720/2039 [29:19<05:14,  1.01it/s]
 84%|████████▍ | 1721/2039 [29:19<04:44,  1.12it/s]
 84%|████████▍ | 1722/2039 [29:21<05:08,  1.03it/s]
 85%|████████▍ | 1723/2039 [29:21<04:52,  1.08it/s]
 85%|████████▍ | 1724/2039 [29:22<05:06,  1.03it/s]
 85%|████████▍ | 1725/2039 [29:23<04:47,  1.09it/s]
 85%|████████▍ | 1726/2039 [29:24<05:05,  1.02it/s]
 85%|████████▍ | 1727/2039 [29:25<04:41,  1.11it/s]
 85%|████████▍ | 1728/2039 [29:26<05:05,  1.02it/s]
 85%|████████▍ | 1729/2039 [29:27<04:44,  1.09it/s]
 85%|████████▍ | 1730/2039 [29:28<04:58,  1.03it/s]
 85%|████████▍ | 1731/2039 [29:29<04:45,  1.08it/s]
 85%|████████▍ | 1732/2039 [29:30<04:57,  1.03it/s]
 85%|████████▍ | 1733/2039 [29:31<04:41,  1.09it/s]
 85%|████████▌ | 1734/2039 [29:32<04:56,  1.03it/s]
 85%|████████▌ | 1735/2039 [29:33<04:36,  1.10it/s]
 85%|████████▌ | 1736/2039 [29:34<04:45,  1.06it/s]
 85%|████████▌ | 1737/2039 [29:35<04:39,  1.08it/s]
 85%|████████▌ | 1738/2039 [29:36<04:46,  1.05it/s]
 85%|████████▌ | 1739/2039 [29:37<04:41,  1.07it/s]
 85%|████████▌ | 1740/2039 [29:37<04:41,  1.06it/s]
 85%|████████▌ | 1741/2039 [29:39<04:48,  1.03it/s]
 85%|████████▌ | 1742/2039 [29:39<04:35,  1.08it/s]
 85%|████████▌ | 1743/2039 [29:40<04:46,  1.03it/s]
 86%|████████▌ | 1744/2039 [29:41<04:34,  1.07it/s]
 86%|████████▌ | 1745/2039 [29:42<04:45,  1.03it/s]
 86%|████████▌ | 1746/2039 [29:43<04:27,  1.10it/s]
 86%|████████▌ | 1747/2039 [29:44<04:43,  1.03it/s]
 86%|████████▌ | 1748/2039 [29:45<04:23,  1.11it/s]
 86%|████████▌ | 1749/2039 [29:46<04:44,  1.02it/s]
 86%|████████▌ | 1750/2039 [29:47<04:26,  1.09it/s]
 86%|████████▌ | 1751/2039 [29:48<04:33,  1.05it/s]
 86%|████████▌ | 1752/2039 [29:49<04:33,  1.05it/s]
 86%|████████▌ | 1753/2039 [29:50<04:25,  1.08it/s]
 86%|████████▌ | 1754/2039 [29:51<04:32,  1.04it/s]
 86%|████████▌ | 1755/2039 [29:52<04:25,  1.07it/s]
 86%|████████▌ | 1756/2039 [29:53<04:27,  1.06it/s]
 86%|████████▌ | 1757/2039 [29:54<04:28,  1.05it/s]
 86%|████████▌ | 1758/2039 [29:54<04:17,  1.09it/s]
 86%|████████▋ | 1759/2039 [29:55<04:30,  1.04it/s]
 86%|████████▋ | 1760/2039 [29:56<04:14,  1.10it/s]
 86%|████████▋ | 1761/2039 [29:57<04:30,  1.03it/s]
 86%|████████▋ | 1762/2039 [29:58<04:14,  1.09it/s]
 86%|████████▋ | 1763/2039 [29:59<04:29,  1.03it/s]
 87%|████████▋ | 1764/2039 [30:00<04:08,  1.11it/s]
 87%|████████▋ | 1765/2039 [30:01<04:31,  1.01it/s]
 87%|████████▋ | 1766/2039 [30:02<04:09,  1.10it/s]
 87%|████████▋ | 1767/2039 [30:03<04:27,  1.02it/s]
 87%|████████▋ | 1768/2039 [30:04<04:05,  1.10it/s]
 87%|████████▋ | 1769/2039 [30:05<04:29,  1.00it/s]
 87%|████████▋ | 1770/2039 [30:06<04:04,  1.10it/s]
 87%|████████▋ | 1771/2039 [30:07<04:05,  1.09it/s]
 87%|████████▋ | 1772/2039 [30:08<04:25,  1.01it/s]
 87%|████████▋ | 1773/2039 [30:09<04:10,  1.06it/s]
 87%|████████▋ | 1774/2039 [30:10<04:21,  1.01it/s]
 87%|████████▋ | 1775/2039 [30:11<04:04,  1.08it/s]
 87%|████████▋ | 1776/2039 [30:12<04:20,  1.01it/s]
 87%|████████▋ | 1777/2039 [30:12<04:04,  1.07it/s]
 87%|████████▋ | 1778/2039 [30:14<04:20,  1.00it/s]
 87%|████████▋ | 1779/2039 [30:14<04:03,  1.07it/s]
 87%|████████▋ | 1780/2039 [30:16<04:21,  1.01s/it]
 87%|████████▋ | 1781/2039 [30:16<04:00,  1.07it/s]
 87%|████████▋ | 1782/2039 [30:17<04:09,  1.03it/s]
 87%|████████▋ | 1783/2039 [30:18<04:10,  1.02it/s]
 87%|████████▋ | 1784/2039 [30:19<04:08,  1.03it/s]
 88%|████████▊ | 1785/2039 [30:20<04:05,  1.04it/s]
 88%|████████▊ | 1786/2039 [30:21<04:09,  1.02it/s]
 88%|████████▊ | 1787/2039 [30:22<04:03,  1.03it/s]
 88%|████████▊ | 1788/2039 [30:23<03:58,  1.05it/s]
 88%|████████▊ | 1789/2039 [30:24<03:56,  1.06it/s]
 88%|████████▊ | 1790/2039 [30:25<03:52,  1.07it/s]
 88%|████████▊ | 1791/2039 [30:26<03:57,  1.04it/s]
 88%|████████▊ | 1792/2039 [30:27<03:50,  1.07it/s]
 88%|████████▊ | 1793/2039 [30:28<03:44,  1.10it/s]
 88%|████████▊ | 1794/2039 [30:29<03:57,  1.03it/s]
 88%|████████▊ | 1795/2039 [30:30<03:41,  1.10it/s]
 88%|████████▊ | 1796/2039 [30:31<03:56,  1.03it/s]
 88%|████████▊ | 1797/2039 [30:32<03:49,  1.06it/s]
 88%|████████▊ | 1798/2039 [30:33<03:55,  1.02it/s]
 88%|████████▊ | 1799/2039 [30:34<03:50,  1.04it/s]
 88%|████████▊ | 1800/2039 [30:35<03:49,  1.04it/s]
 88%|████████▊ | 1801/2039 [30:36<03:53,  1.02it/s]
 88%|████████▊ | 1802/2039 [30:37<03:47,  1.04it/s]
 88%|████████▊ | 1803/2039 [30:38<03:49,  1.03it/s]
 88%|████████▊ | 1804/2039 [30:38<03:33,  1.10it/s]
 89%|████████▊ | 1805/2039 [30:40<03:56,  1.01s/it]
 89%|████████▊ | 1806/2039 [30:40<03:30,  1.10it/s]
 89%|████████▊ | 1807/2039 [30:41<03:52,  1.00s/it]
 89%|████████▊ | 1808/2039 [30:42<03:27,  1.11it/s]
 89%|████████▊ | 1809/2039 [30:43<03:56,  1.03s/it]
 89%|████████▉ | 1810/2039 [30:44<03:25,  1.12it/s]
 89%|████████▉ | 1811/2039 [30:45<03:55,  1.04s/it]
 89%|████████▉ | 1812/2039 [30:46<03:19,  1.14it/s]
 89%|████████▉ | 1813/2039 [30:47<03:56,  1.05s/it]
 89%|████████▉ | 1814/2039 [30:48<03:16,  1.14it/s]
 89%|████████▉ | 1815/2039 [30:49<03:54,  1.05s/it]
 89%|████████▉ | 1816/2039 [30:50<03:08,  1.18it/s]
 89%|████████▉ | 1817/2039 [30:51<03:57,  1.07s/it]
 89%|████████▉ | 1818/2039 [30:51<03:01,  1.22it/s]
 89%|████████▉ | 1819/2039 [30:53<03:56,  1.07s/it]
 89%|████████▉ | 1820/2039 [30:53<03:00,  1.21it/s]
 89%|████████▉ | 1821/2039 [30:55<04:10,  1.15s/it]
 89%|████████▉ | 1822/2039 [30:55<03:06,  1.17it/s]
 89%|████████▉ | 1823/2039 [30:58<04:48,  1.34s/it]
 90%|████████▉ | 1825/2039 [31:01<05:06,  1.43s/it]
 90%|████████▉ | 1827/2039 [31:04<05:15,  1.49s/it]
 90%|████████▉ | 1829/2039 [31:07<05:00,  1.43s/it]
 90%|████████▉ | 1830/2039 [31:07<04:02,  1.16s/it]
 90%|████████▉ | 1831/2039 [31:09<05:07,  1.48s/it]
 90%|████████▉ | 1833/2039 [31:13<05:07,  1.49s/it]
 90%|████████▉ | 1835/2039 [31:15<04:45,  1.40s/it]
 90%|█████████ | 1836/2039 [31:15<03:51,  1.14s/it]
 90%|█████████ | 1837/2039 [31:17<04:30,  1.34s/it]
 90%|█████████ | 1838/2039 [31:17<03:32,  1.06s/it]
 90%|█████████ | 1839/2039 [31:20<04:33,  1.37s/it]
 90%|█████████ | 1840/2039 [31:20<03:29,  1.05s/it]
 90%|█████████ | 1841/2039 [31:22<04:39,  1.41s/it]
 90%|█████████ | 1842/2039 [31:22<03:26,  1.05s/it]
 90%|█████████ | 1843/2039 [31:24<04:23,  1.34s/it]
 90%|█████████ | 1844/2039 [31:25<03:17,  1.01s/it]
 90%|█████████ | 1845/2039 [31:26<04:10,  1.29s/it]
 91%|█████████ | 1846/2039 [31:27<03:05,  1.04it/s]
 91%|█████████ | 1847/2039 [31:28<03:52,  1.21s/it]
 91%|█████████ | 1848/2039 [31:29<02:55,  1.09it/s]
 91%|█████████ | 1849/2039 [31:30<03:40,  1.16s/it]
 91%|█████████ | 1850/2039 [31:31<02:47,  1.13it/s]
 91%|█████████ | 1851/2039 [31:32<03:32,  1.13s/it]
 91%|█████████ | 1852/2039 [31:33<02:40,  1.16it/s]
 91%|█████████ | 1853/2039 [31:34<03:30,  1.13s/it]
 91%|█████████ | 1854/2039 [31:35<02:37,  1.18it/s]
 91%|█████████ | 1855/2039 [31:36<03:27,  1.13s/it]
 91%|█████████ | 1856/2039 [31:37<02:35,  1.18it/s]
 91%|█████████ | 1857/2039 [31:38<03:25,  1.13s/it]
 91%|█████████ | 1858/2039 [31:39<02:34,  1.17it/s]
 91%|█████████ | 1859/2039 [31:40<03:21,  1.12s/it]
 91%|█████████ | 1860/2039 [31:40<02:31,  1.18it/s]
 91%|█████████▏| 1861/2039 [31:42<03:16,  1.10s/it]
 91%|█████████▏| 1862/2039 [31:42<02:27,  1.20it/s]
 91%|█████████▏| 1863/2039 [31:44<03:15,  1.11s/it]
 91%|█████████▏| 1864/2039 [31:44<02:26,  1.19it/s]
 91%|█████████▏| 1865/2039 [31:46<03:13,  1.11s/it]
 92%|█████████▏| 1866/2039 [31:46<02:25,  1.19it/s]
 92%|█████████▏| 1867/2039 [31:48<03:10,  1.11s/it]
 92%|█████████▏| 1868/2039 [31:48<02:23,  1.19it/s]
 92%|█████████▏| 1869/2039 [31:50<03:09,  1.12s/it]
 92%|█████████▏| 1870/2039 [31:50<02:22,  1.19it/s]
 92%|█████████▏| 1871/2039 [31:52<03:20,  1.19s/it]
 92%|█████████▏| 1872/2039 [31:52<02:27,  1.13it/s]
 92%|█████████▏| 1873/2039 [31:55<04:09,  1.50s/it]
 92%|█████████▏| 1875/2039 [31:58<03:46,  1.38s/it]
 92%|█████████▏| 1876/2039 [31:58<02:54,  1.07s/it]
 92%|█████████▏| 1877/2039 [32:00<03:40,  1.36s/it]
 92%|█████████▏| 1878/2039 [32:00<02:46,  1.03s/it]
 92%|█████████▏| 1879/2039 [32:02<03:29,  1.31s/it]
 92%|█████████▏| 1880/2039 [32:03<02:39,  1.00s/it]
 92%|█████████▏| 1881/2039 [32:04<03:18,  1.26s/it]
 92%|█████████▏| 1882/2039 [32:05<02:31,  1.03it/s]
 92%|█████████▏| 1883/2039 [32:06<03:02,  1.17s/it]
 92%|█████████▏| 1884/2039 [32:07<02:21,  1.10it/s]
 92%|█████████▏| 1885/2039 [32:08<02:53,  1.13s/it]
 92%|█████████▏| 1886/2039 [32:09<02:15,  1.13it/s]
 93%|█████████▎| 1887/2039 [32:10<02:47,  1.10s/it]
 93%|█████████▎| 1888/2039 [32:10<02:08,  1.17it/s]
 93%|█████████▎| 1889/2039 [32:12<02:44,  1.10s/it]
 93%|█████████▎| 1890/2039 [32:12<02:04,  1.19it/s]
 93%|█████████▎| 1891/2039 [32:14<02:41,  1.09s/it]
 93%|█████████▎| 1892/2039 [32:14<02:01,  1.21it/s]
 93%|█████████▎| 1893/2039 [32:16<02:39,  1.09s/it]
 93%|█████████▎| 1894/2039 [32:16<02:00,  1.20it/s]
 93%|█████████▎| 1895/2039 [32:18<02:45,  1.15s/it]
 93%|█████████▎| 1896/2039 [32:18<02:03,  1.15it/s]
 93%|█████████▎| 1897/2039 [32:20<02:43,  1.15s/it]
 93%|█████████▎| 1898/2039 [32:20<02:01,  1.16it/s]
 93%|█████████▎| 1899/2039 [32:22<02:50,  1.22s/it]
 93%|█████████▎| 1900/2039 [32:22<02:05,  1.10it/s]
 93%|█████████▎| 1901/2039 [32:25<02:57,  1.28s/it]
 93%|█████████▎| 1902/2039 [32:25<02:08,  1.07it/s]
 93%|█████████▎| 1903/2039 [32:27<03:00,  1.32s/it]
 93%|█████████▎| 1904/2039 [32:27<02:10,  1.03it/s]
 93%|█████████▎| 1905/2039 [32:29<03:04,  1.38s/it]
 93%|█████████▎| 1906/2039 [32:30<02:12,  1.00it/s]
 94%|█████████▎| 1907/2039 [32:32<03:16,  1.49s/it]
 94%|█████████▎| 1909/2039 [32:35<03:09,  1.46s/it]
 94%|█████████▎| 1911/2039 [32:38<02:59,  1.40s/it]
 94%|█████████▍| 1913/2039 [32:40<02:51,  1.36s/it]
 94%|█████████▍| 1915/2039 [32:43<02:52,  1.39s/it]
 94%|█████████▍| 1917/2039 [32:46<02:51,  1.41s/it]
 94%|█████████▍| 1919/2039 [32:49<02:43,  1.37s/it]
 94%|█████████▍| 1921/2039 [32:51<02:27,  1.25s/it]
 94%|█████████▍| 1922/2039 [32:51<02:03,  1.06s/it]
 94%|█████████▍| 1923/2039 [32:53<02:17,  1.19s/it]
 94%|█████████▍| 1924/2039 [32:53<01:51,  1.03it/s]
 94%|█████████▍| 1925/2039 [32:54<02:09,  1.14s/it]
 94%|█████████▍| 1926/2039 [32:55<01:41,  1.11it/s]
 95%|█████████▍| 1927/2039 [32:56<02:04,  1.11s/it]
 95%|█████████▍| 1928/2039 [32:57<01:36,  1.15it/s]
 95%|█████████▍| 1929/2039 [32:58<02:02,  1.11s/it]
 95%|█████████▍| 1930/2039 [32:59<01:34,  1.15it/s]
 95%|█████████▍| 1931/2039 [33:00<01:58,  1.10s/it]
 95%|█████████▍| 1932/2039 [33:00<01:32,  1.16it/s]
 95%|█████████▍| 1933/2039 [33:02<01:55,  1.09s/it]
 95%|█████████▍| 1934/2039 [33:02<01:30,  1.16it/s]
 95%|█████████▍| 1935/2039 [33:04<01:54,  1.10s/it]
 95%|█████████▍| 1936/2039 [33:04<01:28,  1.16it/s]
 95%|█████████▍| 1937/2039 [33:06<01:51,  1.10s/it]
 95%|█████████▌| 1938/2039 [33:06<01:24,  1.19it/s]
 95%|█████████▌| 1939/2039 [33:08<02:03,  1.24s/it]
 95%|█████████▌| 1940/2039 [33:09<01:31,  1.08it/s]
 95%|█████████▌| 1941/2039 [33:11<02:03,  1.26s/it]
 95%|█████████▌| 1942/2039 [33:11<01:29,  1.08it/s]
 95%|█████████▌| 1943/2039 [33:13<02:15,  1.42s/it]
 95%|█████████▌| 1945/2039 [33:16<02:18,  1.47s/it]
 95%|█████████▌| 1947/2039 [33:19<01:59,  1.30s/it]
 96%|█████████▌| 1948/2039 [33:19<01:40,  1.10s/it]
 96%|█████████▌| 1949/2039 [33:20<01:46,  1.19s/it]
 96%|█████████▌| 1950/2039 [33:21<01:27,  1.02it/s]
 96%|█████████▌| 1951/2039 [33:22<01:38,  1.12s/it]
 96%|█████████▌| 1952/2039 [33:23<01:20,  1.08it/s]
 96%|█████████▌| 1953/2039 [33:24<01:30,  1.05s/it]
 96%|█████████▌| 1954/2039 [33:25<01:15,  1.13it/s]
 96%|█████████▌| 1955/2039 [33:26<01:25,  1.02s/it]
 96%|█████████▌| 1956/2039 [33:26<01:12,  1.14it/s]
 96%|█████████▌| 1957/2039 [33:28<01:23,  1.02s/it]
 96%|█████████▌| 1958/2039 [33:28<01:09,  1.16it/s]
 96%|█████████▌| 1959/2039 [33:30<01:22,  1.03s/it]
 96%|█████████▌| 1960/2039 [33:30<01:07,  1.18it/s]
 96%|█████████▌| 1961/2039 [33:31<01:18,  1.00s/it]
 96%|█████████▌| 1962/2039 [33:32<01:03,  1.21it/s]
 96%|█████████▋| 1963/2039 [33:33<01:14,  1.02it/s]
 96%|█████████▋| 1964/2039 [33:34<01:05,  1.15it/s]
 96%|█████████▋| 1965/2039 [33:35<01:10,  1.05it/s]
 96%|█████████▋| 1966/2039 [33:36<01:04,  1.13it/s]
 96%|█████████▋| 1967/2039 [33:37<01:07,  1.06it/s]
 97%|█████████▋| 1968/2039 [33:38<01:04,  1.10it/s]
 97%|█████████▋| 1969/2039 [33:39<01:06,  1.05it/s]
 97%|█████████▋| 1970/2039 [33:40<01:03,  1.08it/s]
 97%|█████████▋| 1971/2039 [33:41<01:05,  1.03it/s]
 97%|█████████▋| 1972/2039 [33:41<01:00,  1.10it/s]
 97%|█████████▋| 1973/2039 [33:42<01:02,  1.05it/s]
 97%|█████████▋| 1974/2039 [33:43<00:57,  1.13it/s]
 97%|█████████▋| 1975/2039 [33:44<01:01,  1.04it/s]
 97%|█████████▋| 1976/2039 [33:45<00:56,  1.12it/s]
 97%|█████████▋| 1977/2039 [33:46<00:59,  1.04it/s]
 97%|█████████▋| 1978/2039 [33:47<00:56,  1.09it/s]
 97%|█████████▋| 1979/2039 [33:48<00:56,  1.06it/s]
 97%|█████████▋| 1980/2039 [33:49<00:54,  1.09it/s]
 97%|█████████▋| 1981/2039 [33:50<00:53,  1.08it/s]
 97%|█████████▋| 1982/2039 [33:51<00:52,  1.09it/s]
 97%|█████████▋| 1983/2039 [33:52<00:51,  1.08it/s]
 97%|█████████▋| 1984/2039 [33:53<00:51,  1.07it/s]
 97%|█████████▋| 1985/2039 [33:53<00:49,  1.09it/s]
 97%|█████████▋| 1986/2039 [33:54<00:50,  1.06it/s]
 97%|█████████▋| 1987/2039 [33:55<00:47,  1.08it/s]
 97%|█████████▋| 1988/2039 [33:56<00:48,  1.05it/s]
 98%|█████████▊| 1989/2039 [33:57<00:45,  1.10it/s]
 98%|█████████▊| 1990/2039 [33:58<00:46,  1.06it/s]
 98%|█████████▊| 1991/2039 [33:59<00:42,  1.13it/s]
 98%|█████████▊| 1992/2039 [34:00<00:41,  1.13it/s]
 98%|█████████▊| 1993/2039 [34:01<00:43,  1.05it/s]
 98%|█████████▊| 1994/2039 [34:01<00:36,  1.24it/s]
 98%|█████████▊| 1995/2039 [34:03<00:45,  1.02s/it]
 98%|█████████▊| 1996/2039 [34:04<00:37,  1.14it/s]
 98%|█████████▊| 1997/2039 [34:05<00:42,  1.00s/it]
 98%|█████████▊| 1998/2039 [34:05<00:37,  1.11it/s]
 98%|█████████▊| 1999/2039 [34:07<00:37,  1.05it/s]
 98%|█████████▊| 2000/2039 [34:07<00:36,  1.08it/s]
 98%|█████████▊| 2001/2039 [34:08<00:35,  1.07it/s]
 98%|█████████▊| 2002/2039 [34:09<00:35,  1.05it/s]
 98%|█████████▊| 2003/2039 [34:10<00:33,  1.08it/s]
 98%|█████████▊| 2004/2039 [34:11<00:34,  1.03it/s]
 98%|█████████▊| 2005/2039 [34:12<00:32,  1.06it/s]
 98%|█████████▊| 2006/2039 [34:13<00:32,  1.02it/s]
 98%|█████████▊| 2007/2039 [34:14<00:30,  1.06it/s]
 98%|█████████▊| 2008/2039 [34:15<00:29,  1.03it/s]
 99%|█████████▊| 2009/2039 [34:16<00:28,  1.04it/s]
 99%|█████████▊| 2010/2039 [34:17<00:28,  1.03it/s]
 99%|█████████▊| 2011/2039 [34:18<00:26,  1.05it/s]
 99%|█████████▊| 2012/2039 [34:19<00:25,  1.05it/s]
 99%|█████████▊| 2013/2039 [34:20<00:24,  1.07it/s]
 99%|█████████▉| 2014/2039 [34:21<00:22,  1.09it/s]
 99%|█████████▉| 2015/2039 [34:22<00:23,  1.04it/s]
 99%|█████████▉| 2016/2039 [34:22<00:19,  1.18it/s]
 99%|█████████▉| 2017/2039 [34:24<00:21,  1.01it/s]
 99%|█████████▉| 2018/2039 [34:24<00:18,  1.16it/s]
 99%|█████████▉| 2019/2039 [34:26<00:20,  1.01s/it]
 99%|█████████▉| 2020/2039 [34:26<00:16,  1.16it/s]
 99%|█████████▉| 2021/2039 [34:27<00:17,  1.00it/s]
 99%|█████████▉| 2022/2039 [34:28<00:14,  1.14it/s]
 99%|█████████▉| 2023/2039 [34:29<00:16,  1.00s/it]
 99%|█████████▉| 2024/2039 [34:30<00:13,  1.14it/s]
 99%|█████████▉| 2025/2039 [34:31<00:13,  1.01it/s]
 99%|█████████▉| 2026/2039 [34:32<00:11,  1.12it/s]
 99%|█████████▉| 2027/2039 [34:33<00:11,  1.03it/s]
 99%|█████████▉| 2028/2039 [34:34<00:09,  1.14it/s]
100%|█████████▉| 2029/2039 [34:35<00:09,  1.04it/s]
100%|█████████▉| 2030/2039 [34:35<00:07,  1.16it/s]
100%|█████████▉| 2031/2039 [34:37<00:07,  1.03it/s]
100%|█████████▉| 2032/2039 [34:37<00:06,  1.12it/s]
100%|█████████▉| 2033/2039 [34:39<00:05,  1.02it/s]
100%|█████████▉| 2034/2039 [34:39<00:04,  1.11it/s]
100%|█████████▉| 2035/2039 [34:40<00:03,  1.02it/s]
100%|█████████▉| 2036/2039 [34:41<00:02,  1.13it/s]
100%|█████████▉| 2037/2039 [34:42<00:01,  1.12it/s]
100%|█████████▉| 2038/2039 [34:43<00:00,  1.07it/s]
100%|██████████| 2039/2039 [34:43<00:00,  1.25it/s]
100%|██████████| 2039/2039 [34:43<00:00,  1.02s/it]
61035 images for c006
37967 images for c009
25842 images for c008
5646 images for c007
130490 images in total
init reid model
abs path is /home/likef/workspace/AIC21-MTMC/reid/reid_inference/reid_model.py
===========ResNet===========
using resnet101_ibn_a as a backbone
Loading pretrained model from reid_model/resnet101_ibn_a_80.pth
init reid model
abs path is /home/likef/workspace/AIC21-MTMC/reid/reid_inference/reid_model.py
===========ResNet===========
using resnet101_ibn_a as a backbone
Loading pretrained model from reid_model/resnet101_ibn_a_80.pth
2084.2223 s
save pickle in /home/likef/workspace/AIC21-MTMC/datasets/detect_reid1_s02/c006/c006_dets_feat.pkl
save pickle in /home/likef/workspace/AIC21-MTMC/datasets/detect_reid1_s02/c009/c009_dets_feat.pkl
save pickle in /home/likef/workspace/AIC21-MTMC/datasets/detect_reid1_s02/c008/c008_dets_feat.pkl
save pickle in /home/likef/workspace/AIC21-MTMC/datasets/detect_reid1_s02/c007/c007_dets_feat.pkl
=== EXTRACT DONE, merging ===
save pickle in /home/likef/workspace/AIC21-MTMC/datasets/detect_merge_s02/c006/c006_dets_feat.pkl
save pickle in /home/likef/workspace/AIC21-MTMC/datasets/detect_merge_s02/c007/c007_dets_feat.pkl
save pickle in /home/likef/workspace/AIC21-MTMC/datasets/detect_merge_s02/c008/c008_dets_feat.pkl
save pickle in /home/likef/workspace/AIC21-MTMC/datasets/detect_merge_s02/c009/c009_dets_feat.pkl
=== MERGE DONE ===
